# @atomsrmsd atoms are taken for fit.
    0.000000000   0.44310
  100.000000000   0.45028
  200.000000000   0.47056
  300.000000000   0.41110
  400.000000000   0.42866
  500.000000000   0.32339
  600.000000000   0.38612
  700.000000000   0.33346
  800.000000000   0.38628
  900.000000000   0.39954
 1000.000000000   0.43190
 1100.000000000   0.31122
 1200.000000000   0.37331
 1300.000000000   0.48347
 1400.000000000   0.45736
 1500.000000000   0.37147
 1600.000000000   0.47163
 1700.000000000   0.43250
 1800.000000000   0.45640
 1900.000000000   0.39701
 2000.000000000   0.48201
 2100.000000000   0.50811
 2200.000000000   0.54171
 2300.000000000   0.39108
 2400.000000000   0.37330
 2500.000000000   0.50002
 2600.000000000   0.53302
 2700.000000000   0.44642
 2800.000000000   0.43205
 2900.000000000   0.44792
 3000.000000000   0.45664
 3100.000000000   0.47477
 3200.000000000   0.40940
 3300.000000000   0.35532
 3400.000000000   0.42829
 3500.000000000   0.41269
 3600.000000000   0.38823
 3700.000000000   0.31815
 3800.000000000   0.34217
 3900.000000000   0.41490
 4000.000000000   0.44504
 4100.000000000   0.39668
 4200.000000000   0.45318
 4300.000000000   0.41986
 4400.000000000   0.38573
 4500.000000000   0.35769
 4600.000000000   0.38398
 4700.000000000   0.38144
 4800.000000000   0.33863
 4900.000000000   0.34848
 5000.000000000   0.38213
 5100.000000000   0.35759
 5200.000000000   0.40820
 5300.000000000   0.40593
 5400.000000000   0.30900
 5500.000000000   0.39921
 5600.000000000   0.34369
 5700.000000000   0.38938
 5800.000000000   0.47045
 5900.000000000   0.41481
 6000.000000000   0.40479
 6100.000000000   0.34752
 6200.000000000   0.41255
 6300.000000000   0.39307
 6400.000000000   0.43281
 6500.000000000   0.47300
 6600.000000000   0.37706
 6700.000000000   0.36174
 6800.000000000   0.35349
 6900.000000000   0.41358
 7000.000000000   0.42279
 7100.000000000   0.48425
 7200.000000000   0.44205
 7300.000000000   0.31548
 7400.000000000   0.29168
 7500.000000000   0.40587
 7600.000000000   0.46486
 7700.000000000   0.47096
 7800.000000000   0.34592
 7900.000000000   0.39988
 8000.000000000   0.42549
 8100.000000000   0.50088
 8200.000000000   0.46111
 8300.000000000   0.44938
 8400.000000000   0.34639
 8500.000000000   0.40312
 8600.000000000   0.35042
 8700.000000000   0.31180
 8800.000000000   0.47489
 8900.000000000   0.36340
 9000.000000000   0.39542
 9100.000000000   0.40563
 9200.000000000   0.44862
 9300.000000000   0.42876
 9400.000000000   0.42022
 9500.000000000   0.51814
 9600.000000000   0.44218
 9700.000000000   0.41708
 9800.000000000   0.42983
 9900.000000000   0.36481
10000.000000000   0.37854
10100.000000000   0.36000
10200.000000000   0.39363
10300.000000000   0.35318
10400.000000000   0.50425
10500.000000000   0.37470
10600.000000000   0.39734
10700.000000000   0.32707
10800.000000000   0.40149
10900.000000000   0.41049
11000.000000000   0.37592
11100.000000000   0.41112
11200.000000000   0.44283
11300.000000000   0.40040
11400.000000000   0.46021
11500.000000000   0.43475
11600.000000000   0.41285
11700.000000000   0.32785
11800.000000000   0.43416
11900.000000000   0.39452
12000.000000000   0.41350
12100.000000000   0.32960
12200.000000000   0.32082
12300.000000000   0.33835
12400.000000000   0.43368
12500.000000000   0.30804
12600.000000000   0.35786
12700.000000000   0.43029
12800.000000000   0.37650
12900.000000000   0.34171
13000.000000000   0.38932
13100.000000000   0.46716
13200.000000000   0.41181
13300.000000000   0.41864
13400.000000000   0.40862
13500.000000000   0.43290
13600.000000000   0.30108
13700.000000000   0.42184
13800.000000000   0.46995
13900.000000000   0.46611
14000.000000000   0.41388
14100.000000000   0.48351
14200.000000000   0.44553
14300.000000000   0.40634
14400.000000000   0.43574
14500.000000000   0.29918
14600.000000000   0.40004
14700.000000000   0.43881
14800.000000000   0.44053
14900.000000000   0.40330
15000.000000000   0.35522
15100.000000000   0.33500
15200.000000000   0.33517
15300.000000000   0.36864
15400.000000000   0.34253
15500.000000000   0.37836
15600.000000000   0.40228
15700.000000000   0.46918
15800.000000000   0.32464
15900.000000000   0.38919
16000.000000000   0.41389
16100.000000000   0.37011
16200.000000000   0.39471
16300.000000000   0.44507
16400.000000000   0.30978
16500.000000000   0.33334
16600.000000000   0.44287
16700.000000000   0.38599
16800.000000000   0.37062
16900.000000000   0.40076
17000.000000000   0.37352
17100.000000000   0.39598
17200.000000000   0.37659
17300.000000000   0.38192
17400.000000000   0.34460
17500.000000000   0.35607
17600.000000000   0.36192
17700.000000000   0.35083
17800.000000000   0.41146
17900.000000000   0.41295
18000.000000000   0.41606
18100.000000000   0.41618
18200.000000000   0.41785
18300.000000000   0.39306
18400.000000000   0.35675
18500.000000000   0.30726
18600.000000000   0.39585
18700.000000000   0.45552
18800.000000000   0.43354
18900.000000000   0.43444
19000.000000000   0.44496
19100.000000000   0.41416
19200.000000000   0.39746
19300.000000000   0.30808
19400.000000000   0.39784
19500.000000000   0.40405
19600.000000000   0.42362
19700.000000000   0.35528
19800.000000000   0.33166
19900.000000000   0.32237
20000.000000000   0.36555
20100.000000000   0.40415
20200.000000000   0.42695
20300.000000000   0.37335
20400.000000000   0.39666
20500.000000000   0.41707
20600.000000000   0.43887
20700.000000000   0.41041
20800.000000000   0.41001
20900.000000000   0.49599
21000.000000000   0.48221
21100.000000000   0.40740
21200.000000000   0.42627
21300.000000000   0.47122
21400.000000000   0.50073
21500.000000000   0.38303
21600.000000000   0.43440
21700.000000000   0.41969
21800.000000000   0.45289
21900.000000000   0.35503
22000.000000000   0.42003
22100.000000000   0.58426
22200.000000000   0.48152
22300.000000000   0.39332
22400.000000000   0.29035
22500.000000000   0.37629
22600.000000000   0.38708
22700.000000000   0.35685
22800.000000000   0.42965
22900.000000000   0.45719
23000.000000000   0.37304
23100.000000000   0.46387
23200.000000000   0.40374
23300.000000000   0.41240
23400.000000000   0.36335
23500.000000000   0.41462
23600.000000000   0.38105
23700.000000000   0.32975
23800.000000000   0.32124
23900.000000000   0.38185
24000.000000000   0.36941
24100.000000000   0.38953
24200.000000000   0.36200
24300.000000000   0.39897
24400.000000000   0.42428
24500.000000000   0.41281
24600.000000000   0.38197
24700.000000000   0.38427
24800.000000000   0.36613
24900.000000000   0.29937
25000.000000000   0.33395
25100.000000000   0.35636
25200.000000000   0.42904
25300.000000000   0.40321
25400.000000000   0.43689
25500.000000000   0.38945
25600.000000000   0.33237
25700.000000000   0.35010
25800.000000000   0.40153
25900.000000000   0.37311
26000.000000000   0.45934
26100.000000000   0.40826
26200.000000000   0.39126
26300.000000000   0.45591
26400.000000000   0.46455
26500.000000000   0.42749
26600.000000000   0.47014
26700.000000000   0.37604
26800.000000000   0.41574
26900.000000000   0.36925
27000.000000000   0.31652
27100.000000000   0.37875
27200.000000000   0.36889
27300.000000000   0.39548
27400.000000000   0.39891
27500.000000000   0.33773
27600.000000000   0.29639
27700.000000000   0.44541
27800.000000000   0.46654
27900.000000000   0.43643
28000.000000000   0.34953
28100.000000000   0.35996
28200.000000000   0.40727
28300.000000000   0.37158
28400.000000000   0.39738
28500.000000000   0.33884
28600.000000000   0.32355
28700.000000000   0.38965
28800.000000000   0.43247
28900.000000000   0.39378
29000.000000000   0.32753
29100.000000000   0.38706
29200.000000000   0.37908
29300.000000000   0.45433
29400.000000000   0.42674
29500.000000000   0.32170
29600.000000000   0.34544
29700.000000000   0.42436
29800.000000000   0.43615
29900.000000000   0.36705
30000.000000000   0.37735
30100.000000000   0.31054
30200.000000000   0.35672
30300.000000000   0.46288
30400.000000000   0.44192
30500.000000000   0.45195
30600.000000000   0.42603
30700.000000000   0.36887
30800.000000000   0.34647
30900.000000000   0.37725
31000.000000000   0.44511
31100.000000000   0.38358
31200.000000000   0.35235
31300.000000000   0.38881
31400.000000000   0.44143
31500.000000000   0.35243
31600.000000000   0.36986
31700.000000000   0.42907
31800.000000000   0.41343
31900.000000000   0.36149
32000.000000000   0.28658
32100.000000000   0.36452
32200.000000000   0.36713
32300.000000000   0.37107
32400.000000000   0.37633
32500.000000000   0.37265
32600.000000000   0.49125
32700.000000000   0.48485
32800.000000000   0.44925
32900.000000000   0.41151
33000.000000000   0.44402
33100.000000000   0.40421
33200.000000000   0.40763
33300.000000000   0.42770
33400.000000000   0.43059
33500.000000000   0.43318
33600.000000000   0.41054
33700.000000000   0.39502
33800.000000000   0.38417
33900.000000000   0.37607
34000.000000000   0.38805
34100.000000000   0.37936
34200.000000000   0.38043
34300.000000000   0.42849
34400.000000000   0.46311
34500.000000000   0.46315
34600.000000000   0.37688
34700.000000000   0.50003
34800.000000000   0.47762
34900.000000000   0.43238
35000.000000000   0.46190
35100.000000000   0.45594
35200.000000000   0.45059
35300.000000000   0.38980
35400.000000000   0.36057
35500.000000000   0.40453
35600.000000000   0.35697
35700.000000000   0.38420
35800.000000000   0.46210
35900.000000000   0.42465
36000.000000000   0.40451
36100.000000000   0.41437
36200.000000000   0.46184
36300.000000000   0.47978
36400.000000000   0.47590
36500.000000000   0.50473
36600.000000000   0.37861
36700.000000000   0.28023
36800.000000000   0.37964
36900.000000000   0.40190
37000.000000000   0.40769
37100.000000000   0.41784
37200.000000000   0.40769
37300.000000000   0.36149
37400.000000000   0.43431
37500.000000000   0.44092
37600.000000000   0.46223
37700.000000000   0.39631
37800.000000000   0.47685
37900.000000000   0.45133
38000.000000000   0.44232
38100.000000000   0.43228
38200.000000000   0.41940
38300.000000000   0.38060
38400.000000000   0.47963
38500.000000000   0.45456
38600.000000000   0.46722
38700.000000000   0.44557
38800.000000000   0.43386
38900.000000000   0.44749
39000.000000000   0.38473
39100.000000000   0.42131
39200.000000000   0.40764
39300.000000000   0.41472
39400.000000000   0.37112
39500.000000000   0.43981
39600.000000000   0.49623
39700.000000000   0.36543
39800.000000000   0.44659
39900.000000000   0.45625
40000.000000000   0.45781
40100.000000000   0.42154
40200.000000000   0.40028
40300.000000000   0.45941
40400.000000000   0.44336
40500.000000000   0.32137
40600.000000000   0.39236
40700.000000000   0.37772
40800.000000000   0.39119
40900.000000000   0.39847
41000.000000000   0.48334
41100.000000000   0.51799
41200.000000000   0.45903
41300.000000000   0.48323
41400.000000000   0.42412
41500.000000000   0.53283
41600.000000000   0.43853
41700.000000000   0.44310
41800.000000000   0.43061
41900.000000000   0.41711
42000.000000000   0.47523
42100.000000000   0.45422
42200.000000000   0.34550
42300.000000000   0.31748
42400.000000000   0.31468
42500.000000000   0.33489
42600.000000000   0.34613
42700.000000000   0.34271
42800.000000000   0.41287
42900.000000000   0.42585
43000.000000000   0.39176
43100.000000000   0.38447
43200.000000000   0.31644
43300.000000000   0.43821
43400.000000000   0.36448
43500.000000000   0.37767
43600.000000000   0.42625
43700.000000000   0.38478
43800.000000000   0.41149
43900.000000000   0.41217
44000.000000000   0.36031
44100.000000000   0.40226
44200.000000000   0.40294
44300.000000000   0.38868
44400.000000000   0.36700
44500.000000000   0.38796
44600.000000000   0.41235
44700.000000000   0.40366
44800.000000000   0.50894
44900.000000000   0.52724
45000.000000000   0.42306
45100.000000000   0.38090
45200.000000000   0.37934
45300.000000000   0.41028
45400.000000000   0.36230
45500.000000000   0.33023
45600.000000000   0.38766
45700.000000000   0.38263
45800.000000000   0.42986
45900.000000000   0.44353
46000.000000000   0.38961
46100.000000000   0.36124
46200.000000000   0.43157
46300.000000000   0.44198
46400.000000000   0.39835
46500.000000000   0.44707
46600.000000000   0.44119
46700.000000000   0.39860
46800.000000000   0.41057
46900.000000000   0.32125
47000.000000000   0.44825
47100.000000000   0.51555
47200.000000000   0.39465
47300.000000000   0.31645
47400.000000000   0.33452
47500.000000000   0.38788
47600.000000000   0.39284
47700.000000000   0.44026
47800.000000000   0.40184
47900.000000000   0.39136
48000.000000000   0.41192
48100.000000000   0.42558
48200.000000000   0.43011
48300.000000000   0.42030
48400.000000000   0.38299
48500.000000000   0.38858
48600.000000000   0.35425
48700.000000000   0.35592
48800.000000000   0.39863
48900.000000000   0.36699
49000.000000000   0.35603
49100.000000000   0.35789
49200.000000000   0.37535
49300.000000000   0.42247
49400.000000000   0.39527
49500.000000000   0.42871
49600.000000000   0.37940
49700.000000000   0.33846
49800.000000000   0.36410
49900.000000000   0.39535
50000.000000000   0.38721
50100.000000000   0.32581
50200.000000000   0.36270
50300.000000000   0.42046
50400.000000000   0.42252
50500.000000000   0.39847
50600.000000000   0.38938
50700.000000000   0.32448
50800.000000000   0.45719
50900.000000000   0.40486
51000.000000000   0.43347
51100.000000000   0.42912
51200.000000000   0.41362
51300.000000000   0.40936
51400.000000000   0.41848
51500.000000000   0.39584
51600.000000000   0.32488
51700.000000000   0.38388
51800.000000000   0.40698
51900.000000000   0.42467
52000.000000000   0.41072
52100.000000000   0.43436
52200.000000000   0.43370
52300.000000000   0.38491
52400.000000000   0.40557
52500.000000000   0.37044
52600.000000000   0.42202
52700.000000000   0.44181
52800.000000000   0.39245
52900.000000000   0.35826
53000.000000000   0.47652
53100.000000000   0.41409
53200.000000000   0.43368
53300.000000000   0.35707
53400.000000000   0.46499
53500.000000000   0.38542
53600.000000000   0.41786
53700.000000000   0.41308
53800.000000000   0.49070
53900.000000000   0.44175
54000.000000000   0.45628
54100.000000000   0.46056
54200.000000000   0.45399
54300.000000000   0.46363
54400.000000000   0.41679
54500.000000000   0.41336
54600.000000000   0.44890
54700.000000000   0.47191
54800.000000000   0.44863
54900.000000000   0.33211
