# @atomsrmsd atoms are taken for fit.
    0.000000000   0.17064
  100.000000000   0.15599
  200.000000000   0.26439
  300.000000000   0.28230
  400.000000000   0.28792
  500.000000000   0.25221
  600.000000000   0.15706
  700.000000000   0.15587
  800.000000000   0.18891
  900.000000000   0.22809
 1000.000000000   0.21726
 1100.000000000   0.15718
 1200.000000000   0.21893
 1300.000000000   0.20432
 1400.000000000   0.18558
 1500.000000000   0.16355
 1600.000000000   0.13813
 1700.000000000   0.16432
 1800.000000000   0.20647
 1900.000000000   0.20057
 2000.000000000   0.27895
 2100.000000000   0.25074
 2200.000000000   0.29777
 2300.000000000   0.19284
 2400.000000000   0.24354
 2500.000000000   0.14989
 2600.000000000   0.18786
 2700.000000000   0.18578
 2800.000000000   0.16108
 2900.000000000   0.20901
 3000.000000000   0.18434
 3100.000000000   0.19114
 3200.000000000   0.15012
 3300.000000000   0.19979
 3400.000000000   0.24610
 3500.000000000   0.30445
 3600.000000000   0.23574
 3700.000000000   0.27557
 3800.000000000   0.22070
 3900.000000000   0.21643
 4000.000000000   0.21874
 4100.000000000   0.15406
 4200.000000000   0.22289
 4300.000000000   0.16376
 4400.000000000   0.12436
 4500.000000000   0.17948
 4600.000000000   0.20400
 4700.000000000   0.20991
 4800.000000000   0.17518
 4900.000000000   0.23790
 5000.000000000   0.17647
 5100.000000000   0.21708
 5200.000000000   0.22721
 5300.000000000   0.15401
 5400.000000000   0.19409
 5500.000000000   0.27996
 5600.000000000   0.29137
 5700.000000000   0.19348
 5800.000000000   0.17510
 5900.000000000   0.25615
 6000.000000000   0.20782
 6100.000000000   0.23907
 6200.000000000   0.19101
 6300.000000000   0.15389
 6400.000000000   0.17835
 6500.000000000   0.25222
 6600.000000000   0.27176
 6700.000000000   0.19931
 6800.000000000   0.21088
 6900.000000000   0.21320
 7000.000000000   0.23178
 7100.000000000   0.14454
 7200.000000000   0.17392
 7300.000000000   0.21960
 7400.000000000   0.26635
 7500.000000000   0.23426
 7600.000000000   0.14645
 7700.000000000   0.20993
 7800.000000000   0.19080
 7900.000000000   0.14635
 8000.000000000   0.15548
 8100.000000000   0.23784
 8200.000000000   0.21404
 8300.000000000   0.15316
 8400.000000000   0.22764
 8500.000000000   0.19259
 8600.000000000   0.21783
 8700.000000000   0.27124
 8800.000000000   0.19207
 8900.000000000   0.20876
 9000.000000000   0.19482
 9100.000000000   0.19413
 9200.000000000   0.21465
 9300.000000000   0.29926
 9400.000000000   0.27927
 9500.000000000   0.23239
 9600.000000000   0.14288
 9700.000000000   0.24662
 9800.000000000   0.18215
 9900.000000000   0.15513
10000.000000000   0.16984
10100.000000000   0.23365
10200.000000000   0.21846
10300.000000000   0.30433
10400.000000000   0.29001
10500.000000000   0.31467
10600.000000000   0.30828
10700.000000000   0.21962
10800.000000000   0.21370
10900.000000000   0.21391
11000.000000000   0.18499
11100.000000000   0.19412
11200.000000000   0.22418
11300.000000000   0.33213
11400.000000000   0.30254
11500.000000000   0.25399
11600.000000000   0.19456
11700.000000000   0.20909
11800.000000000   0.29880
11900.000000000   0.23508
12000.000000000   0.23796
12100.000000000   0.23051
12200.000000000   0.17936
12300.000000000   0.21757
12400.000000000   0.28889
12500.000000000   0.18023
12600.000000000   0.17896
12700.000000000   0.13427
12800.000000000   0.24232
12900.000000000   0.32332
13000.000000000   0.28112
13100.000000000   0.25129
13200.000000000   0.16504
13300.000000000   0.23374
13400.000000000   0.15542
13500.000000000   0.19516
13600.000000000   0.18123
13700.000000000   0.21669
13800.000000000   0.16826
13900.000000000   0.18869
14000.000000000   0.22122
14100.000000000   0.14839
14200.000000000   0.16147
14300.000000000   0.15503
14400.000000000   0.21751
14500.000000000   0.16685
14600.000000000   0.24986
14700.000000000   0.23580
14800.000000000   0.23972
14900.000000000   0.17768
15000.000000000   0.30350
15100.000000000   0.27473
15200.000000000   0.23092
15300.000000000   0.32113
15400.000000000   0.25420
15500.000000000   0.19882
15600.000000000   0.30902
15700.000000000   0.33101
15800.000000000   0.31912
15900.000000000   0.22247
16000.000000000   0.26780
16100.000000000   0.21757
16200.000000000   0.18509
16300.000000000   0.22529
16400.000000000   0.21636
16500.000000000   0.21002
16600.000000000   0.22407
16700.000000000   0.17381
16800.000000000   0.17021
16900.000000000   0.20586
17000.000000000   0.24165
17100.000000000   0.29524
17200.000000000   0.40900
17300.000000000   0.29128
17400.000000000   0.30429
17500.000000000   0.30122
17600.000000000   0.25882
17700.000000000   0.25635
17800.000000000   0.18901
17900.000000000   0.26872
18000.000000000   0.21095
18100.000000000   0.20150
18200.000000000   0.17261
18300.000000000   0.20537
18400.000000000   0.14981
18500.000000000   0.24224
18600.000000000   0.18699
18700.000000000   0.26727
18800.000000000   0.31035
18900.000000000   0.25820
19000.000000000   0.16774
19100.000000000   0.13562
19200.000000000   0.14821
19300.000000000   0.13926
19400.000000000   0.23625
19500.000000000   0.18530
19600.000000000   0.23568
19700.000000000   0.16271
19800.000000000   0.21236
19900.000000000   0.19426
20000.000000000   0.26774
20100.000000000   0.18160
20200.000000000   0.19540
20300.000000000   0.17590
20400.000000000   0.23836
20500.000000000   0.23588
20600.000000000   0.18199
20700.000000000   0.15980
20800.000000000   0.19854
20900.000000000   0.23248
21000.000000000   0.26195
21100.000000000   0.17928
21200.000000000   0.22565
21300.000000000   0.18028
21400.000000000   0.26432
21500.000000000   0.27292
21600.000000000   0.22366
21700.000000000   0.18569
21800.000000000   0.19403
21900.000000000   0.16595
22000.000000000   0.13422
22100.000000000   0.17383
22200.000000000   0.21118
22300.000000000   0.21733
22400.000000000   0.16669
22500.000000000   0.13163
22600.000000000   0.22675
22700.000000000   0.23043
22800.000000000   0.21148
22900.000000000   0.21106
23000.000000000   0.19426
23100.000000000   0.19985
23200.000000000   0.14568
23300.000000000   0.17004
23400.000000000   0.15593
23500.000000000   0.17092
23600.000000000   0.24244
23700.000000000   0.28538
23800.000000000   0.25037
23900.000000000   0.25089
24000.000000000   0.17571
24100.000000000   0.24662
24200.000000000   0.23898
24300.000000000   0.26940
24400.000000000   0.28994
24500.000000000   0.28763
24600.000000000   0.22724
24700.000000000   0.19904
24800.000000000   0.21350
24900.000000000   0.24574
25000.000000000   0.24566
25100.000000000   0.26779
25200.000000000   0.28776
25300.000000000   0.23489
25400.000000000   0.21310
25500.000000000   0.20131
25600.000000000   0.20247
25700.000000000   0.20043
25800.000000000   0.16113
25900.000000000   0.23827
26000.000000000   0.16017
26100.000000000   0.20057
26200.000000000   0.23854
26300.000000000   0.25623
26400.000000000   0.29928
26500.000000000   0.18331
26600.000000000   0.17537
26700.000000000   0.20113
26800.000000000   0.20162
26900.000000000   0.26329
27000.000000000   0.24224
27100.000000000   0.17995
27200.000000000   0.19682
27300.000000000   0.22639
27400.000000000   0.19660
27500.000000000   0.20852
27600.000000000   0.19669
27700.000000000   0.25316
27800.000000000   0.20802
27900.000000000   0.17785
28000.000000000   0.27288
28100.000000000   0.28682
28200.000000000   0.20940
28300.000000000   0.17948
28400.000000000   0.26726
28500.000000000   0.32101
28600.000000000   0.29495
28700.000000000   0.24251
28800.000000000   0.17904
28900.000000000   0.15803
29000.000000000   0.18693
29100.000000000   0.25113
29200.000000000   0.16972
29300.000000000   0.28785
29400.000000000   0.21918
29500.000000000   0.22441
29600.000000000   0.15175
29700.000000000   0.18764
29800.000000000   0.18393
29900.000000000   0.15153
30000.000000000   0.15620
30100.000000000   0.27184
30200.000000000   0.20157
30300.000000000   0.21508
30400.000000000   0.12738
30500.000000000   0.14858
30600.000000000   0.15214
30700.000000000   0.18356
30800.000000000   0.17813
30900.000000000   0.18680
31000.000000000   0.24699
31100.000000000   0.24009
31200.000000000   0.22897
31300.000000000   0.21534
31400.000000000   0.15311
31500.000000000   0.18551
31600.000000000   0.18961
31700.000000000   0.18231
31800.000000000   0.18486
31900.000000000   0.14118
32000.000000000   0.20395
32100.000000000   0.22467
32200.000000000   0.23419
32300.000000000   0.15624
32400.000000000   0.19879
32500.000000000   0.21770
32600.000000000   0.19619
32700.000000000   0.22786
32800.000000000   0.18814
32900.000000000   0.20369
33000.000000000   0.21016
33100.000000000   0.27190
33200.000000000   0.26452
33300.000000000   0.20317
33400.000000000   0.21106
33500.000000000   0.23656
33600.000000000   0.26748
33700.000000000   0.16080
33800.000000000   0.19899
33900.000000000   0.29872
34000.000000000   0.21886
34100.000000000   0.19392
34200.000000000   0.19945
34300.000000000   0.18699
34400.000000000   0.15023
34500.000000000   0.21966
34600.000000000   0.24251
34700.000000000   0.18579
34800.000000000   0.18069
34900.000000000   0.18076
35000.000000000   0.19428
35100.000000000   0.23786
35200.000000000   0.15609
35300.000000000   0.21843
35400.000000000   0.15600
35500.000000000   0.17024
35600.000000000   0.22149
35700.000000000   0.17532
35800.000000000   0.18834
35900.000000000   0.14931
36000.000000000   0.19071
36100.000000000   0.13552
36200.000000000   0.17183
36300.000000000   0.26679
36400.000000000   0.27977
36500.000000000   0.28148
36600.000000000   0.27523
36700.000000000   0.19957
36800.000000000   0.20285
36900.000000000   0.24346
37000.000000000   0.18670
37100.000000000   0.16668
37200.000000000   0.17031
37300.000000000   0.23950
37400.000000000   0.23654
37500.000000000   0.22016
37600.000000000   0.17312
37700.000000000   0.18982
37800.000000000   0.17936
37900.000000000   0.18349
38000.000000000   0.21538
38100.000000000   0.22807
38200.000000000   0.18739
38300.000000000   0.23277
38400.000000000   0.17191
38500.000000000   0.18907
38600.000000000   0.20047
38700.000000000   0.20491
38800.000000000   0.24766
38900.000000000   0.20195
39000.000000000   0.17111
39100.000000000   0.19823
39200.000000000   0.20942
39300.000000000   0.23630
39400.000000000   0.26335
39500.000000000   0.19044
39600.000000000   0.11828
39700.000000000   0.24468
39800.000000000   0.18350
39900.000000000   0.17590
40000.000000000   0.16725
40100.000000000   0.26393
40200.000000000   0.22860
40300.000000000   0.17271
40400.000000000   0.20906
40500.000000000   0.30549
40600.000000000   0.25624
40700.000000000   0.24123
40800.000000000   0.20888
40900.000000000   0.27435
41000.000000000   0.22633
41100.000000000   0.22653
41200.000000000   0.19626
41300.000000000   0.17175
41400.000000000   0.21115
41500.000000000   0.19023
41600.000000000   0.15677
41700.000000000   0.14439
41800.000000000   0.17902
41900.000000000   0.18762
42000.000000000   0.21518
42100.000000000   0.18393
42200.000000000   0.14983
42300.000000000   0.23316
42400.000000000   0.29439
42500.000000000   0.31090
42600.000000000   0.19935
42700.000000000   0.26578
42800.000000000   0.20614
42900.000000000   0.24718
43000.000000000   0.26253
43100.000000000   0.19403
43200.000000000   0.18775
43300.000000000   0.20817
43400.000000000   0.16909
43500.000000000   0.23048
43600.000000000   0.19399
43700.000000000   0.14577
43800.000000000   0.21490
43900.000000000   0.12334
44000.000000000   0.22255
44100.000000000   0.21763
44200.000000000   0.22396
44300.000000000   0.18706
44400.000000000   0.16556
44500.000000000   0.20514
44600.000000000   0.15289
44700.000000000   0.22049
44800.000000000   0.14496
44900.000000000   0.24006
45000.000000000   0.21967
45100.000000000   0.22580
45200.000000000   0.21239
45300.000000000   0.22813
45400.000000000   0.17972
45500.000000000   0.23646
45600.000000000   0.22787
45700.000000000   0.21976
45800.000000000   0.17381
45900.000000000   0.14398
46000.000000000   0.17818
46100.000000000   0.20626
46200.000000000   0.18580
46300.000000000   0.21039
46400.000000000   0.21197
46500.000000000   0.22548
46600.000000000   0.17902
46700.000000000   0.15337
46800.000000000   0.18581
46900.000000000   0.18403
47000.000000000   0.16473
47100.000000000   0.15028
47200.000000000   0.12592
47300.000000000   0.15951
47400.000000000   0.16494
47500.000000000   0.19319
47600.000000000   0.26102
47700.000000000   0.28822
47800.000000000   0.26050
47900.000000000   0.20726
48000.000000000   0.20165
48100.000000000   0.18879
48200.000000000   0.14631
48300.000000000   0.16675
48400.000000000   0.19266
48500.000000000   0.23644
48600.000000000   0.18150
48700.000000000   0.20774
48800.000000000   0.18062
48900.000000000   0.23962
49000.000000000   0.13940
49100.000000000   0.18838
49200.000000000   0.27039
49300.000000000   0.20584
49400.000000000   0.21875
49500.000000000   0.18909
49600.000000000   0.18689
49700.000000000   0.12754
49800.000000000   0.17693
49900.000000000   0.17356
50000.000000000   0.20839
50100.000000000   0.18842
50200.000000000   0.23112
50300.000000000   0.32959
50400.000000000   0.26339
50500.000000000   0.24382
50600.000000000   0.22626
50700.000000000   0.19920
50800.000000000   0.13788
50900.000000000   0.17513
51000.000000000   0.20415
51100.000000000   0.25701
51200.000000000   0.30051
51300.000000000   0.32862
51400.000000000   0.32893
51500.000000000   0.28921
51600.000000000   0.17026
51700.000000000   0.20028
51800.000000000   0.19093
51900.000000000   0.18759
52000.000000000   0.18468
52100.000000000   0.18411
52200.000000000   0.15964
52300.000000000   0.22772
52400.000000000   0.15312
52500.000000000   0.15331
52600.000000000   0.20485
52700.000000000   0.25726
52800.000000000   0.19827
52900.000000000   0.17292
53000.000000000   0.20893
53100.000000000   0.27452
53200.000000000   0.13920
53300.000000000   0.24799
53400.000000000   0.13918
53500.000000000   0.19940
53600.000000000   0.14518
53700.000000000   0.12744
53800.000000000   0.17878
53900.000000000   0.15545
54000.000000000   0.23893
54100.000000000   0.18984
54200.000000000   0.22257
54300.000000000   0.17365
54400.000000000   0.26913
54500.000000000   0.21733
54600.000000000   0.15310
54700.000000000   0.11565
54800.000000000   0.16033
54900.000000000   0.17813
55000.000000000   0.25416
55100.000000000   0.27189
55200.000000000   0.30174
55300.000000000   0.29972
55400.000000000   0.20354
55500.000000000   0.26916
55600.000000000   0.25001
55700.000000000   0.22821
55800.000000000   0.16536
55900.000000000   0.24371
56000.000000000   0.15131
56100.000000000   0.17717
56200.000000000   0.18202
56300.000000000   0.16441
56400.000000000   0.19514
56500.000000000   0.18852
56600.000000000   0.17065
56700.000000000   0.18209
56800.000000000   0.17694
56900.000000000   0.28071
57000.000000000   0.17318
57100.000000000   0.11786
57200.000000000   0.21145
57300.000000000   0.23466
57400.000000000   0.21005
57500.000000000   0.20890
57600.000000000   0.23216
57700.000000000   0.19662
57800.000000000   0.19977
57900.000000000   0.18405
