# @atomsrmsd atoms are taken for fit.
    0.000000000   0.19689
  100.000000000   0.24906
  200.000000000   0.29603
  300.000000000   0.31516
  400.000000000   0.26650
  500.000000000   0.29408
  600.000000000   0.33149
  700.000000000   0.32242
  800.000000000   0.39314
  900.000000000   0.41536
 1000.000000000   0.36578
 1100.000000000   0.28607
 1200.000000000   0.30264
 1300.000000000   0.27755
 1400.000000000   0.22959
 1500.000000000   0.23609
 1600.000000000   0.26528
 1700.000000000   0.26759
 1800.000000000   0.17437
 1900.000000000   0.25504
 2000.000000000   0.31074
 2100.000000000   0.24853
 2200.000000000   0.17724
 2300.000000000   0.20408
 2400.000000000   0.30678
 2500.000000000   0.31881
 2600.000000000   0.30144
 2700.000000000   0.21599
 2800.000000000   0.28219
 2900.000000000   0.24944
 3000.000000000   0.18333
 3100.000000000   0.28173
 3200.000000000   0.24921
 3300.000000000   0.31323
 3400.000000000   0.28612
 3500.000000000   0.23892
 3600.000000000   0.27191
 3700.000000000   0.27943
 3800.000000000   0.24022
 3900.000000000   0.25942
 4000.000000000   0.29828
 4100.000000000   0.24115
 4200.000000000   0.21536
 4300.000000000   0.29498
 4400.000000000   0.28075
 4500.000000000   0.24921
 4600.000000000   0.21274
 4700.000000000   0.26850
 4800.000000000   0.23351
 4900.000000000   0.24978
 5000.000000000   0.25771
 5100.000000000   0.28855
 5200.000000000   0.22462
 5300.000000000   0.23500
 5400.000000000   0.30055
 5500.000000000   0.22055
 5600.000000000   0.21952
 5700.000000000   0.20853
 5800.000000000   0.25896
 5900.000000000   0.20922
 6000.000000000   0.23129
 6100.000000000   0.19397
 6200.000000000   0.26451
 6300.000000000   0.25890
 6400.000000000   0.24004
 6500.000000000   0.32714
 6600.000000000   0.23599
 6700.000000000   0.24046
 6800.000000000   0.25042
 6900.000000000   0.37299
 7000.000000000   0.27568
 7100.000000000   0.27427
 7200.000000000   0.25775
 7300.000000000   0.29140
 7400.000000000   0.32006
 7500.000000000   0.30383
 7600.000000000   0.34760
 7700.000000000   0.31736
 7800.000000000   0.31106
 7900.000000000   0.28041
 8000.000000000   0.17966
 8100.000000000   0.28739
 8200.000000000   0.30808
 8300.000000000   0.22577
 8400.000000000   0.24385
 8500.000000000   0.28397
 8600.000000000   0.30654
 8700.000000000   0.22451
 8800.000000000   0.22350
 8900.000000000   0.24909
 9000.000000000   0.16003
 9100.000000000   0.21150
 9200.000000000   0.31221
 9300.000000000   0.24413
 9400.000000000   0.26087
 9500.000000000   0.14089
 9600.000000000   0.21287
 9700.000000000   0.25006
 9800.000000000   0.25699
 9900.000000000   0.32980
10000.000000000   0.25119
10100.000000000   0.25579
10200.000000000   0.27297
10300.000000000   0.27436
10400.000000000   0.30836
10500.000000000   0.17905
10600.000000000   0.17003
10700.000000000   0.17352
10800.000000000   0.22301
10900.000000000   0.35037
11000.000000000   0.25235
11100.000000000   0.32624
11200.000000000   0.29206
11300.000000000   0.18968
11400.000000000   0.18238
11500.000000000   0.26373
11600.000000000   0.27585
11700.000000000   0.26695
11800.000000000   0.31599
11900.000000000   0.22776
12000.000000000   0.26796
12100.000000000   0.23904
12200.000000000   0.21506
12300.000000000   0.17748
12400.000000000   0.19170
12500.000000000   0.15474
12600.000000000   0.21886
12700.000000000   0.20217
12800.000000000   0.20825
12900.000000000   0.19247
13000.000000000   0.24778
13100.000000000   0.31433
13200.000000000   0.23011
13300.000000000   0.28139
13400.000000000   0.29343
13500.000000000   0.27448
13600.000000000   0.26319
13700.000000000   0.29028
13800.000000000   0.21247
13900.000000000   0.23025
14000.000000000   0.31182
14100.000000000   0.26567
14200.000000000   0.25145
14300.000000000   0.17937
14400.000000000   0.22070
14500.000000000   0.19457
14600.000000000   0.19370
14700.000000000   0.17510
14800.000000000   0.21918
14900.000000000   0.22593
15000.000000000   0.27257
15100.000000000   0.22509
15200.000000000   0.19179
15300.000000000   0.23592
15400.000000000   0.29633
15500.000000000   0.27732
15600.000000000   0.24375
15700.000000000   0.25076
15800.000000000   0.24353
15900.000000000   0.20746
16000.000000000   0.22490
16100.000000000   0.19149
16200.000000000   0.28975
16300.000000000   0.28094
16400.000000000   0.29643
16500.000000000   0.31532
16600.000000000   0.24037
16700.000000000   0.24344
16800.000000000   0.24383
16900.000000000   0.23789
17000.000000000   0.25829
17100.000000000   0.25734
17200.000000000   0.19312
17300.000000000   0.24450
17400.000000000   0.20356
17500.000000000   0.28243
17600.000000000   0.26059
17700.000000000   0.23253
17800.000000000   0.23897
17900.000000000   0.24031
18000.000000000   0.25258
18100.000000000   0.26636
18200.000000000   0.25255
18300.000000000   0.30614
18400.000000000   0.24016
18500.000000000   0.26278
18600.000000000   0.26541
18700.000000000   0.27270
18800.000000000   0.29572
18900.000000000   0.32890
19000.000000000   0.26732
19100.000000000   0.22265
19200.000000000   0.25718
19300.000000000   0.21710
19400.000000000   0.21951
19500.000000000   0.24521
19600.000000000   0.27570
19700.000000000   0.24733
19800.000000000   0.28297
19900.000000000   0.21366
20000.000000000   0.28837
20100.000000000   0.32330
20200.000000000   0.27479
20300.000000000   0.26479
20400.000000000   0.32583
20500.000000000   0.36756
20600.000000000   0.21440
20700.000000000   0.23779
20800.000000000   0.23270
20900.000000000   0.26461
21000.000000000   0.29664
21100.000000000   0.31151
21200.000000000   0.31839
21300.000000000   0.28969
21400.000000000   0.28401
21500.000000000   0.26016
21600.000000000   0.23512
21700.000000000   0.19122
21800.000000000   0.28307
21900.000000000   0.36822
22000.000000000   0.34631
22100.000000000   0.29532
22200.000000000   0.32806
22300.000000000   0.26152
22400.000000000   0.27958
22500.000000000   0.30130
22600.000000000   0.34582
22700.000000000   0.34110
22800.000000000   0.32215
22900.000000000   0.34742
23000.000000000   0.29692
23100.000000000   0.24948
23200.000000000   0.30065
23300.000000000   0.32305
23400.000000000   0.38264
23500.000000000   0.28061
23600.000000000   0.28093
23700.000000000   0.34586
23800.000000000   0.25811
23900.000000000   0.27133
24000.000000000   0.18606
24100.000000000   0.21676
24200.000000000   0.34832
24300.000000000   0.27843
24400.000000000   0.27910
24500.000000000   0.34116
24600.000000000   0.34113
24700.000000000   0.38208
24800.000000000   0.31400
24900.000000000   0.32027
25000.000000000   0.30394
25100.000000000   0.29189
25200.000000000   0.31965
25300.000000000   0.30181
25400.000000000   0.23086
25500.000000000   0.29186
25600.000000000   0.27166
25700.000000000   0.27772
25800.000000000   0.32110
25900.000000000   0.22387
26000.000000000   0.17782
26100.000000000   0.22041
26200.000000000   0.22459
26300.000000000   0.18763
26400.000000000   0.33870
26500.000000000   0.31554
26600.000000000   0.30473
26700.000000000   0.29699
26800.000000000   0.28440
26900.000000000   0.26547
27000.000000000   0.28091
27100.000000000   0.28885
27200.000000000   0.31070
27300.000000000   0.32482
27400.000000000   0.34396
27500.000000000   0.31427
27600.000000000   0.30377
27700.000000000   0.33342
27800.000000000   0.32656
27900.000000000   0.29809
28000.000000000   0.21818
28100.000000000   0.22735
28200.000000000   0.22137
28300.000000000   0.20997
28400.000000000   0.18854
28500.000000000   0.19075
28600.000000000   0.27720
28700.000000000   0.24882
28800.000000000   0.26492
28900.000000000   0.30643
29000.000000000   0.32769
29100.000000000   0.30514
29200.000000000   0.30394
29300.000000000   0.31421
29400.000000000   0.28180
29500.000000000   0.23575
29600.000000000   0.22995
29700.000000000   0.27713
29800.000000000   0.29850
29900.000000000   0.27008
30000.000000000   0.23462
30100.000000000   0.23372
30200.000000000   0.30062
30300.000000000   0.34187
30400.000000000   0.34702
30500.000000000   0.36150
30600.000000000   0.19295
30700.000000000   0.23231
30800.000000000   0.25020
30900.000000000   0.24483
31000.000000000   0.31839
31100.000000000   0.32944
31200.000000000   0.29401
31300.000000000   0.27000
31400.000000000   0.22834
31500.000000000   0.22071
31600.000000000   0.31053
31700.000000000   0.30185
31800.000000000   0.30671
31900.000000000   0.33033
32000.000000000   0.38139
32100.000000000   0.33646
32200.000000000   0.30665
32300.000000000   0.33574
32400.000000000   0.36050
32500.000000000   0.30786
32600.000000000   0.32435
32700.000000000   0.37203
32800.000000000   0.27937
32900.000000000   0.32114
33000.000000000   0.27171
33100.000000000   0.22145
33200.000000000   0.32926
33300.000000000   0.31145
33400.000000000   0.42117
33500.000000000   0.31871
33600.000000000   0.26446
33700.000000000   0.20771
33800.000000000   0.25584
33900.000000000   0.18819
34000.000000000   0.28937
34100.000000000   0.25886
34200.000000000   0.27761
34300.000000000   0.29328
34400.000000000   0.29739
34500.000000000   0.19851
34600.000000000   0.19496
34700.000000000   0.22241
34800.000000000   0.20177
34900.000000000   0.19667
35000.000000000   0.18914
35100.000000000   0.26943
35200.000000000   0.25766
35300.000000000   0.31816
35400.000000000   0.32230
35500.000000000   0.25676
35600.000000000   0.21944
35700.000000000   0.23102
35800.000000000   0.26823
35900.000000000   0.38968
36000.000000000   0.37764
36100.000000000   0.27618
36200.000000000   0.21526
36300.000000000   0.28354
36400.000000000   0.24639
36500.000000000   0.33716
36600.000000000   0.34180
36700.000000000   0.26748
36800.000000000   0.23621
36900.000000000   0.26127
37000.000000000   0.26620
37100.000000000   0.27778
37200.000000000   0.34315
37300.000000000   0.25271
37400.000000000   0.21409
37500.000000000   0.19014
37600.000000000   0.21351
37700.000000000   0.32884
37800.000000000   0.19096
37900.000000000   0.29660
38000.000000000   0.24745
38100.000000000   0.25894
38200.000000000   0.22604
38300.000000000   0.27644
38400.000000000   0.20263
38500.000000000   0.17676
38600.000000000   0.21929
38700.000000000   0.29481
38800.000000000   0.33564
38900.000000000   0.26627
39000.000000000   0.28745
39100.000000000   0.26765
39200.000000000   0.37757
39300.000000000   0.23802
39400.000000000   0.20242
39500.000000000   0.22923
39600.000000000   0.34033
39700.000000000   0.27100
39800.000000000   0.28539
39900.000000000   0.19914
40000.000000000   0.25479
40100.000000000   0.32698
40200.000000000   0.29997
40300.000000000   0.29552
40400.000000000   0.23061
40500.000000000   0.25155
40600.000000000   0.19302
40700.000000000   0.32211
40800.000000000   0.24300
40900.000000000   0.25213
41000.000000000   0.27683
41100.000000000   0.27294
41200.000000000   0.26823
41300.000000000   0.28753
41400.000000000   0.24435
41500.000000000   0.24337
41600.000000000   0.27588
41700.000000000   0.31809
41800.000000000   0.24416
41900.000000000   0.27749
42000.000000000   0.23507
42100.000000000   0.29583
42200.000000000   0.30264
42300.000000000   0.32171
42400.000000000   0.28559
42500.000000000   0.24175
42600.000000000   0.27990
42700.000000000   0.28274
42800.000000000   0.29659
42900.000000000   0.31258
43000.000000000   0.34196
43100.000000000   0.29219
43200.000000000   0.23028
43300.000000000   0.25931
43400.000000000   0.23952
43500.000000000   0.27309
43600.000000000   0.34666
43700.000000000   0.32464
43800.000000000   0.27754
43900.000000000   0.26918
44000.000000000   0.26332
44100.000000000   0.21821
44200.000000000   0.24559
44300.000000000   0.26108
44400.000000000   0.26542
44500.000000000   0.20825
44600.000000000   0.28931
44700.000000000   0.22845
44800.000000000   0.25133
44900.000000000   0.30791
45000.000000000   0.27920
45100.000000000   0.22830
45200.000000000   0.20914
45300.000000000   0.19449
45400.000000000   0.33088
45500.000000000   0.34000
45600.000000000   0.27890
45700.000000000   0.22073
45800.000000000   0.23222
45900.000000000   0.21992
46000.000000000   0.22421
46100.000000000   0.20233
46200.000000000   0.20830
46300.000000000   0.33954
46400.000000000   0.37245
46500.000000000   0.34237
46600.000000000   0.36434
46700.000000000   0.32591
46800.000000000   0.32024
46900.000000000   0.27470
47000.000000000   0.29213
47100.000000000   0.22553
47200.000000000   0.24728
47300.000000000   0.23910
47400.000000000   0.20387
47500.000000000   0.27358
47600.000000000   0.25717
47700.000000000   0.28540
47800.000000000   0.20432
47900.000000000   0.29624
48000.000000000   0.26147
48100.000000000   0.30601
48200.000000000   0.33361
48300.000000000   0.43416
48400.000000000   0.36779
48500.000000000   0.27284
48600.000000000   0.33116
48700.000000000   0.32183
48800.000000000   0.37505
48900.000000000   0.38914
49000.000000000   0.30001
49100.000000000   0.20389
49200.000000000   0.19676
49300.000000000   0.24788
49400.000000000   0.25840
49500.000000000   0.38074
49600.000000000   0.28973
49700.000000000   0.33729
49800.000000000   0.34209
49900.000000000   0.24893
50000.000000000   0.18298
50100.000000000   0.21148
50200.000000000   0.27404
50300.000000000   0.25333
50400.000000000   0.23010
50500.000000000   0.25930
50600.000000000   0.25166
50700.000000000   0.25827
50800.000000000   0.31246
50900.000000000   0.32887
51000.000000000   0.29888
51100.000000000   0.26194
51200.000000000   0.24588
51300.000000000   0.20848
51400.000000000   0.29034
51500.000000000   0.27930
51600.000000000   0.31440
51700.000000000   0.25641
51800.000000000   0.30449
51900.000000000   0.24661
52000.000000000   0.23638
52100.000000000   0.28096
52200.000000000   0.30626
52300.000000000   0.22000
52400.000000000   0.17438
52500.000000000   0.25604
52600.000000000   0.31571
52700.000000000   0.26240
52800.000000000   0.26828
52900.000000000   0.20801
53000.000000000   0.25600
53100.000000000   0.25445
53200.000000000   0.21355
53300.000000000   0.26541
53400.000000000   0.17674
53500.000000000   0.24571
53600.000000000   0.29200
53700.000000000   0.27352
53800.000000000   0.28170
53900.000000000   0.32372
54000.000000000   0.35193
54100.000000000   0.26919
54200.000000000   0.29249
54300.000000000   0.19186
54400.000000000   0.20010
54500.000000000   0.22450
54600.000000000   0.28727
54700.000000000   0.31841
54800.000000000   0.33575
54900.000000000   0.22616
55000.000000000   0.28437
55100.000000000   0.23186
55200.000000000   0.27516
55300.000000000   0.25013
55400.000000000   0.25323
55500.000000000   0.29386
55600.000000000   0.32168
55700.000000000   0.23066
55800.000000000   0.25736
55900.000000000   0.32445
56000.000000000   0.32242
56100.000000000   0.23476
56200.000000000   0.25458
56300.000000000   0.39942
56400.000000000   0.28503
56500.000000000   0.35160
56600.000000000   0.35334
56700.000000000   0.31005
56800.000000000   0.18299
56900.000000000   0.28343
57000.000000000   0.24354
57100.000000000   0.24631
57200.000000000   0.28401
57300.000000000   0.35345
57400.000000000   0.23885
57500.000000000   0.22870
57600.000000000   0.26155
57700.000000000   0.27932
57800.000000000   0.23903
57900.000000000   0.22871
58000.000000000   0.24083
58100.000000000   0.27836
58200.000000000   0.27215
58300.000000000   0.29470
58400.000000000   0.31887
58500.000000000   0.34068
58600.000000000   0.37585
58700.000000000   0.41266
58800.000000000   0.31120
58900.000000000   0.27056
59000.000000000   0.30961
59100.000000000   0.29034
59200.000000000   0.28848
59300.000000000   0.26158
59400.000000000   0.28117
59500.000000000   0.25177
59600.000000000   0.26409
59700.000000000   0.22203
59800.000000000   0.24214
59900.000000000   0.24729
60000.000000000   0.31806
60100.000000000   0.29520
60200.000000000   0.28994
60300.000000000   0.26386
60400.000000000   0.30190
60500.000000000   0.27523
60600.000000000   0.24531
60700.000000000   0.22023
60800.000000000   0.24543
60900.000000000   0.35551
61000.000000000   0.30024
61100.000000000   0.29283
61200.000000000   0.31141
61300.000000000   0.33978
61400.000000000   0.35951
61500.000000000   0.29260
61600.000000000   0.30061
61700.000000000   0.34068
61800.000000000   0.32616
61900.000000000   0.36501
62000.000000000   0.30980
62100.000000000   0.27166
62200.000000000   0.28631
62300.000000000   0.29002
62400.000000000   0.25057
62500.000000000   0.27003
62600.000000000   0.24861
62700.000000000   0.30320
62800.000000000   0.32197
62900.000000000   0.35251
63000.000000000   0.32624
63100.000000000   0.28833
63200.000000000   0.32397
63300.000000000   0.21711
63400.000000000   0.18292
63500.000000000   0.19263
63600.000000000   0.22800
63700.000000000   0.34020
63800.000000000   0.30920
63900.000000000   0.29698
64000.000000000   0.35586
64100.000000000   0.34975
64200.000000000   0.25307
64300.000000000   0.25822
64400.000000000   0.25542
64500.000000000   0.31161
64600.000000000   0.29216
64700.000000000   0.29196
64800.000000000   0.32816
64900.000000000   0.32893
65000.000000000   0.27289
65100.000000000   0.18110
65200.000000000   0.15874
65300.000000000   0.26506
65400.000000000   0.30652
65500.000000000   0.20294
65600.000000000   0.32956
65700.000000000   0.16505
65800.000000000   0.33028
65900.000000000   0.34921
66000.000000000   0.33440
66100.000000000   0.34488
66200.000000000   0.30506
66300.000000000   0.30211
66400.000000000   0.33988
66500.000000000   0.29364
66600.000000000   0.33206
66700.000000000   0.27587
66800.000000000   0.22911
66900.000000000   0.35965
67000.000000000   0.26069
67100.000000000   0.27619
67200.000000000   0.24799
67300.000000000   0.31699
67400.000000000   0.29344
67500.000000000   0.31323
67600.000000000   0.30364
67700.000000000   0.23776
67800.000000000   0.29704
67900.000000000   0.24735
68000.000000000   0.22769
68100.000000000   0.16633
68200.000000000   0.26030
68300.000000000   0.30746
68400.000000000   0.34043
68500.000000000   0.32907
68600.000000000   0.29567
68700.000000000   0.38021
68800.000000000   0.35388
68900.000000000   0.27736
69000.000000000   0.23368
69100.000000000   0.29351
69200.000000000   0.20411
69300.000000000   0.28818
69400.000000000   0.31030
69500.000000000   0.26296
69600.000000000   0.32113
69700.000000000   0.21909
69800.000000000   0.19687
69900.000000000   0.23945
70000.000000000   0.21279
70100.000000000   0.24046
70200.000000000   0.21563
70300.000000000   0.37507
70400.000000000   0.34667
70500.000000000   0.32430
70600.000000000   0.25516
70700.000000000   0.23395
70800.000000000   0.18174
70900.000000000   0.24561
71000.000000000   0.27546
71100.000000000   0.28144
71200.000000000   0.21182
71300.000000000   0.27296
71400.000000000   0.31794
71500.000000000   0.36046
71600.000000000   0.28754
71700.000000000   0.22534
71800.000000000   0.25333
71900.000000000   0.28631
72000.000000000   0.21498
72100.000000000   0.23790
72200.000000000   0.20062
72300.000000000   0.22845
72400.000000000   0.27132
72500.000000000   0.16122
72600.000000000   0.22287
72700.000000000   0.29396
72800.000000000   0.31238
72900.000000000   0.28293
73000.000000000   0.31599
73100.000000000   0.21435
73200.000000000   0.26895
73300.000000000   0.19287
73400.000000000   0.23300
73500.000000000   0.25741
73600.000000000   0.17368
73700.000000000   0.23965
73800.000000000   0.28975
73900.000000000   0.23892
74000.000000000   0.27106
74100.000000000   0.27744
74200.000000000   0.34382
74300.000000000   0.23966
74400.000000000   0.18226
74500.000000000   0.22759
74600.000000000   0.23182
74700.000000000   0.23934
74800.000000000   0.21388
74900.000000000   0.15138
75000.000000000   0.23361
75100.000000000   0.30998
75200.000000000   0.24525
75300.000000000   0.22901
75400.000000000   0.23035
75500.000000000   0.22502
75600.000000000   0.21998
75700.000000000   0.24250
75800.000000000   0.24670
75900.000000000   0.24775
76000.000000000   0.26234
76100.000000000   0.26269
76200.000000000   0.22711
76300.000000000   0.23527
76400.000000000   0.30702
76500.000000000   0.30752
76600.000000000   0.34626
76700.000000000   0.23188
76800.000000000   0.18410
76900.000000000   0.22936
77000.000000000   0.27546
77100.000000000   0.23308
77200.000000000   0.30017
77300.000000000   0.34840
77400.000000000   0.26932
77500.000000000   0.23451
77600.000000000   0.29767
77700.000000000   0.25648
77800.000000000   0.24967
77900.000000000   0.23280
78000.000000000   0.19684
78100.000000000   0.21741
78200.000000000   0.21616
78300.000000000   0.23874
78400.000000000   0.32334
78500.000000000   0.25817
78600.000000000   0.26916
78700.000000000   0.23343
78800.000000000   0.26672
78900.000000000   0.26631
79000.000000000   0.19076
79100.000000000   0.19551
79200.000000000   0.21151
79300.000000000   0.31854
79400.000000000   0.20939
79500.000000000   0.19705
79600.000000000   0.28362
79700.000000000   0.27148
79800.000000000   0.32961
79900.000000000   0.22616
80000.000000000   0.20895
80100.000000000   0.16526
80200.000000000   0.22501
80300.000000000   0.19900
80400.000000000   0.22766
80500.000000000   0.23950
80600.000000000   0.19313
80700.000000000   0.16897
80800.000000000   0.27827
80900.000000000   0.23251
81000.000000000   0.23086
81100.000000000   0.25069
81200.000000000   0.22608
81300.000000000   0.30999
81400.000000000   0.21696
81500.000000000   0.21631
81600.000000000   0.19701
81700.000000000   0.24203
81800.000000000   0.28369
81900.000000000   0.31845
82000.000000000   0.29516
82100.000000000   0.21714
82200.000000000   0.28451
82300.000000000   0.22003
82400.000000000   0.25973
82500.000000000   0.27426
82600.000000000   0.23191
82700.000000000   0.27447
82800.000000000   0.26140
82900.000000000   0.14353
83000.000000000   0.21255
83100.000000000   0.23206
83200.000000000   0.23343
83300.000000000   0.24784
83400.000000000   0.21390
83500.000000000   0.24861
83600.000000000   0.26475
83700.000000000   0.19963
83800.000000000   0.22393
83900.000000000   0.26917
84000.000000000   0.31805
84100.000000000   0.22682
84200.000000000   0.17385
84300.000000000   0.25899
84400.000000000   0.25537
84500.000000000   0.20018
84600.000000000   0.24600
84700.000000000   0.19502
84800.000000000   0.17807
84900.000000000   0.20894
85000.000000000   0.22534
85100.000000000   0.24368
85200.000000000   0.27081
85300.000000000   0.21999
85400.000000000   0.19040
85500.000000000   0.24361
85600.000000000   0.26788
85700.000000000   0.19938
85800.000000000   0.28259
85900.000000000   0.21883
86000.000000000   0.24411
86100.000000000   0.26925
86200.000000000   0.26027
86300.000000000   0.29129
86400.000000000   0.29111
86500.000000000   0.23189
86600.000000000   0.21908
86700.000000000   0.18167
86800.000000000   0.15663
86900.000000000   0.22068
87000.000000000   0.21363
87100.000000000   0.31129
87200.000000000   0.19513
87300.000000000   0.21748
87400.000000000   0.23845
87500.000000000   0.23018
87600.000000000   0.26224
87700.000000000   0.19403
87800.000000000   0.27506
87900.000000000   0.30674
88000.000000000   0.21063
88100.000000000   0.26015
88200.000000000   0.31155
88300.000000000   0.16824
88400.000000000   0.27248
88500.000000000   0.29613
88600.000000000   0.27545
88700.000000000   0.23983
88800.000000000   0.19918
88900.000000000   0.29853
89000.000000000   0.32821
89100.000000000   0.29752
89200.000000000   0.28781
89300.000000000   0.23962
89400.000000000   0.26269
89500.000000000   0.24043
89600.000000000   0.21559
89700.000000000   0.27014
89800.000000000   0.24343
89900.000000000   0.20216
90000.000000000   0.25612
90100.000000000   0.34413
90200.000000000   0.31924
90300.000000000   0.27593
90400.000000000   0.30231
90500.000000000   0.30622
90600.000000000   0.34680
90700.000000000   0.24971
90800.000000000   0.23587
90900.000000000   0.22833
91000.000000000   0.19788
91100.000000000   0.22343
91200.000000000   0.40581
91300.000000000   0.24903
91400.000000000   0.26589
91500.000000000   0.24172
91600.000000000   0.19233
91700.000000000   0.23271
91800.000000000   0.24661
91900.000000000   0.26416
92000.000000000   0.25711
92100.000000000   0.22747
92200.000000000   0.29712
92300.000000000   0.23122
92400.000000000   0.27596
92500.000000000   0.26307
92600.000000000   0.24968
92700.000000000   0.23683
92800.000000000   0.32853
92900.000000000   0.23789
93000.000000000   0.13159
93100.000000000   0.25059
93200.000000000   0.28211
93300.000000000   0.21059
93400.000000000   0.20226
93500.000000000   0.25145
93600.000000000   0.25386
93700.000000000   0.16642
93800.000000000   0.23634
93900.000000000   0.33721
94000.000000000   0.26530
94100.000000000   0.19384
94200.000000000   0.24801
94300.000000000   0.20450
94400.000000000   0.23882
94500.000000000   0.21715
94600.000000000   0.28674
94700.000000000   0.26621
94800.000000000   0.25540
94900.000000000   0.19049
95000.000000000   0.26273
95100.000000000   0.23974
95200.000000000   0.24145
95300.000000000   0.20935
95400.000000000   0.22079
95500.000000000   0.16071
95600.000000000   0.29137
95700.000000000   0.26055
95800.000000000   0.33643
95900.000000000   0.22013
96000.000000000   0.25311
96100.000000000   0.25329
96200.000000000   0.24157
96300.000000000   0.19596
96400.000000000   0.21579
96500.000000000   0.22835
96600.000000000   0.26244
96700.000000000   0.25979
96800.000000000   0.27145
96900.000000000   0.25463
