# @atomsrmsd atoms are taken for fit.
    0.000000000   0.13206
  100.000000000   0.22166
  200.000000000   0.23399
  300.000000000   0.17272
  400.000000000   0.24226
  500.000000000   0.27599
  600.000000000   0.22402
  700.000000000   0.26115
  800.000000000   0.28528
  900.000000000   0.24191
 1000.000000000   0.24327
 1100.000000000   0.26422
 1200.000000000   0.28915
 1300.000000000   0.30859
 1400.000000000   0.28659
 1500.000000000   0.26595
 1600.000000000   0.25937
 1700.000000000   0.26050
 1800.000000000   0.25179
 1900.000000000   0.15299
 2000.000000000   0.14666
 2100.000000000   0.18099
 2200.000000000   0.21841
 2300.000000000   0.17245
 2400.000000000   0.21691
 2500.000000000   0.28491
 2600.000000000   0.19319
 2700.000000000   0.23675
 2800.000000000   0.26187
 2900.000000000   0.19416
 3000.000000000   0.23545
 3100.000000000   0.24749
 3200.000000000   0.22313
 3300.000000000   0.26574
 3400.000000000   0.20837
 3500.000000000   0.23248
 3600.000000000   0.23982
 3700.000000000   0.17605
 3800.000000000   0.18664
 3900.000000000   0.25801
 4000.000000000   0.23333
 4100.000000000   0.32097
 4200.000000000   0.29157
 4300.000000000   0.24560
 4400.000000000   0.19536
 4500.000000000   0.24401
 4600.000000000   0.28995
 4700.000000000   0.24579
 4800.000000000   0.31925
 4900.000000000   0.27624
 5000.000000000   0.28406
 5100.000000000   0.25140
 5200.000000000   0.33873
 5300.000000000   0.29083
 5400.000000000   0.24547
 5500.000000000   0.25810
 5600.000000000   0.25842
 5700.000000000   0.26874
 5800.000000000   0.23997
 5900.000000000   0.26099
 6000.000000000   0.29174
 6100.000000000   0.23663
 6200.000000000   0.29227
 6300.000000000   0.31187
 6400.000000000   0.24843
 6500.000000000   0.28543
 6600.000000000   0.34731
 6700.000000000   0.25645
 6800.000000000   0.19755
 6900.000000000   0.18942
 7000.000000000   0.14290
 7100.000000000   0.30777
 7200.000000000   0.24820
 7300.000000000   0.26911
 7400.000000000   0.14758
 7500.000000000   0.16260
 7600.000000000   0.26712
 7700.000000000   0.34634
 7800.000000000   0.19315
 7900.000000000   0.26062
 8000.000000000   0.23222
 8100.000000000   0.25901
 8200.000000000   0.27424
 8300.000000000   0.28345
 8400.000000000   0.26191
 8500.000000000   0.23802
 8600.000000000   0.31469
 8700.000000000   0.30302
 8800.000000000   0.27175
 8900.000000000   0.28053
 9000.000000000   0.23877
 9100.000000000   0.33935
 9200.000000000   0.34224
 9300.000000000   0.21087
 9400.000000000   0.24425
 9500.000000000   0.18607
 9600.000000000   0.23815
 9700.000000000   0.23067
 9800.000000000   0.18351
 9900.000000000   0.26488
10000.000000000   0.28148
10100.000000000   0.20054
10200.000000000   0.19533
10300.000000000   0.24385
10400.000000000   0.29154
10500.000000000   0.30876
10600.000000000   0.21225
10700.000000000   0.24002
10800.000000000   0.29918
10900.000000000   0.25321
11000.000000000   0.30474
11100.000000000   0.28537
11200.000000000   0.21803
11300.000000000   0.25024
11400.000000000   0.27039
11500.000000000   0.19071
11600.000000000   0.13860
11700.000000000   0.25215
11800.000000000   0.24929
11900.000000000   0.21317
12000.000000000   0.21835
12100.000000000   0.22014
12200.000000000   0.19447
12300.000000000   0.21590
12400.000000000   0.23618
12500.000000000   0.26574
12600.000000000   0.16086
12700.000000000   0.20617
12800.000000000   0.17510
12900.000000000   0.18082
13000.000000000   0.25317
13100.000000000   0.26134
13200.000000000   0.25139
13300.000000000   0.27764
13400.000000000   0.38823
13500.000000000   0.32331
13600.000000000   0.27121
13700.000000000   0.30915
13800.000000000   0.28166
13900.000000000   0.25732
14000.000000000   0.22167
14100.000000000   0.29232
14200.000000000   0.23237
14300.000000000   0.17433
14400.000000000   0.26570
14500.000000000   0.24065
14600.000000000   0.19503
14700.000000000   0.24400
14800.000000000   0.23556
14900.000000000   0.25662
15000.000000000   0.23780
15100.000000000   0.35183
15200.000000000   0.35566
15300.000000000   0.18448
15400.000000000   0.25673
15500.000000000   0.23448
15600.000000000   0.25148
15700.000000000   0.26579
15800.000000000   0.27342
15900.000000000   0.31782
16000.000000000   0.18153
16100.000000000   0.20166
16200.000000000   0.22914
16300.000000000   0.26632
16400.000000000   0.38076
16500.000000000   0.35129
16600.000000000   0.31854
16700.000000000   0.30715
16800.000000000   0.26932
16900.000000000   0.42304
17000.000000000   0.35866
17100.000000000   0.20257
17200.000000000   0.30553
17300.000000000   0.35552
17400.000000000   0.31544
17500.000000000   0.25476
17600.000000000   0.23150
17700.000000000   0.22456
17800.000000000   0.28495
17900.000000000   0.37971
18000.000000000   0.28679
18100.000000000   0.27582
18200.000000000   0.24585
18300.000000000   0.19100
18400.000000000   0.18374
18500.000000000   0.17825
18600.000000000   0.24789
18700.000000000   0.28678
18800.000000000   0.27438
18900.000000000   0.23552
19000.000000000   0.19047
19100.000000000   0.27845
19200.000000000   0.20443
19300.000000000   0.23317
19400.000000000   0.23189
19500.000000000   0.25840
19600.000000000   0.30325
19700.000000000   0.28109
19800.000000000   0.25055
19900.000000000   0.21645
20000.000000000   0.35478
20100.000000000   0.42188
20200.000000000   0.25199
20300.000000000   0.18046
20400.000000000   0.35722
20500.000000000   0.22591
20600.000000000   0.20280
20700.000000000   0.21547
20800.000000000   0.25664
20900.000000000   0.23334
21000.000000000   0.20774
21100.000000000   0.20486
21200.000000000   0.25379
21300.000000000   0.15795
21400.000000000   0.27347
21500.000000000   0.20122
21600.000000000   0.20178
21700.000000000   0.34752
21800.000000000   0.32773
21900.000000000   0.25032
22000.000000000   0.27406
22100.000000000   0.32607
22200.000000000   0.35538
22300.000000000   0.23077
22400.000000000   0.27149
22500.000000000   0.25467
22600.000000000   0.35378
22700.000000000   0.31723
22800.000000000   0.24602
22900.000000000   0.27924
23000.000000000   0.23315
23100.000000000   0.30284
23200.000000000   0.27681
23300.000000000   0.25433
23400.000000000   0.27268
23500.000000000   0.27437
23600.000000000   0.27912
23700.000000000   0.15677
23800.000000000   0.28678
23900.000000000   0.24001
24000.000000000   0.24176
24100.000000000   0.24741
24200.000000000   0.19308
24300.000000000   0.21562
24400.000000000   0.24849
24500.000000000   0.28296
24600.000000000   0.25842
24700.000000000   0.27532
24800.000000000   0.23851
24900.000000000   0.21521
25000.000000000   0.27492
25100.000000000   0.31628
25200.000000000   0.33357
25300.000000000   0.37081
25400.000000000   0.32998
25500.000000000   0.28757
25600.000000000   0.30894
25700.000000000   0.26714
25800.000000000   0.22850
25900.000000000   0.23905
26000.000000000   0.26631
26100.000000000   0.26100
26200.000000000   0.26219
26300.000000000   0.23555
26400.000000000   0.21369
26500.000000000   0.24031
26600.000000000   0.21404
26700.000000000   0.21297
26800.000000000   0.32901
26900.000000000   0.22359
27000.000000000   0.21453
27100.000000000   0.24205
27200.000000000   0.24010
27300.000000000   0.21640
27400.000000000   0.20323
27500.000000000   0.20595
27600.000000000   0.29155
27700.000000000   0.27324
27800.000000000   0.25259
27900.000000000   0.26966
28000.000000000   0.26187
28100.000000000   0.24484
28200.000000000   0.25228
28300.000000000   0.29487
28400.000000000   0.29845
28500.000000000   0.29034
28600.000000000   0.27234
28700.000000000   0.28317
28800.000000000   0.30520
28900.000000000   0.35609
29000.000000000   0.31289
29100.000000000   0.32340
29200.000000000   0.36553
29300.000000000   0.24603
29400.000000000   0.22030
29500.000000000   0.26569
29600.000000000   0.33594
29700.000000000   0.38375
29800.000000000   0.32987
29900.000000000   0.36779
30000.000000000   0.23306
30100.000000000   0.25158
30200.000000000   0.23684
30300.000000000   0.26017
30400.000000000   0.22911
30500.000000000   0.21788
30600.000000000   0.22660
30700.000000000   0.23795
30800.000000000   0.22745
30900.000000000   0.25631
31000.000000000   0.22105
31100.000000000   0.18677
31200.000000000   0.29012
31300.000000000   0.32698
31400.000000000   0.24263
31500.000000000   0.29758
31600.000000000   0.29481
31700.000000000   0.22221
31800.000000000   0.18459
31900.000000000   0.22407
32000.000000000   0.22796
32100.000000000   0.30126
32200.000000000   0.31261
32300.000000000   0.29597
32400.000000000   0.30961
32500.000000000   0.31799
32600.000000000   0.29394
32700.000000000   0.28773
32800.000000000   0.34719
32900.000000000   0.31777
33000.000000000   0.32013
33100.000000000   0.25344
33200.000000000   0.24554
33300.000000000   0.25293
33400.000000000   0.20395
33500.000000000   0.24306
33600.000000000   0.26941
33700.000000000   0.23596
33800.000000000   0.22962
33900.000000000   0.27409
34000.000000000   0.34827
34100.000000000   0.25741
34200.000000000   0.23034
34300.000000000   0.25886
34400.000000000   0.24819
34500.000000000   0.22846
34600.000000000   0.27281
34700.000000000   0.24388
34800.000000000   0.17329
34900.000000000   0.29732
35000.000000000   0.21277
35100.000000000   0.35773
35200.000000000   0.23617
35300.000000000   0.32274
35400.000000000   0.27800
35500.000000000   0.34141
35600.000000000   0.26471
35700.000000000   0.34086
35800.000000000   0.27635
35900.000000000   0.20571
36000.000000000   0.21824
36100.000000000   0.24542
36200.000000000   0.19052
36300.000000000   0.27744
36400.000000000   0.32036
36500.000000000   0.25059
36600.000000000   0.24961
36700.000000000   0.21083
36800.000000000   0.23513
36900.000000000   0.23814
37000.000000000   0.29254
37100.000000000   0.24058
37200.000000000   0.26002
37300.000000000   0.32287
37400.000000000   0.34259
37500.000000000   0.32389
37600.000000000   0.27734
37700.000000000   0.26377
37800.000000000   0.19774
37900.000000000   0.27542
38000.000000000   0.27682
38100.000000000   0.25469
38200.000000000   0.20126
38300.000000000   0.24551
38400.000000000   0.26986
38500.000000000   0.19795
38600.000000000   0.24671
38700.000000000   0.16323
38800.000000000   0.22583
38900.000000000   0.26814
39000.000000000   0.21340
39100.000000000   0.20010
39200.000000000   0.23999
39300.000000000   0.26512
39400.000000000   0.32545
39500.000000000   0.27930
39600.000000000   0.26673
39700.000000000   0.23667
39800.000000000   0.27427
39900.000000000   0.23811
40000.000000000   0.18621
40100.000000000   0.24947
40200.000000000   0.27631
40300.000000000   0.19828
40400.000000000   0.21348
40500.000000000   0.26796
40600.000000000   0.21208
40700.000000000   0.27860
40800.000000000   0.30221
40900.000000000   0.27836
41000.000000000   0.29220
41100.000000000   0.33303
41200.000000000   0.30446
41300.000000000   0.32797
41400.000000000   0.42237
41500.000000000   0.34780
41600.000000000   0.26156
41700.000000000   0.31518
41800.000000000   0.25601
41900.000000000   0.21079
42000.000000000   0.25978
42100.000000000   0.30729
42200.000000000   0.26085
42300.000000000   0.27942
42400.000000000   0.21526
42500.000000000   0.30317
42600.000000000   0.31376
42700.000000000   0.36549
42800.000000000   0.37949
42900.000000000   0.38433
43000.000000000   0.32962
43100.000000000   0.33218
43200.000000000   0.25939
43300.000000000   0.23933
43400.000000000   0.17489
43500.000000000   0.26732
43600.000000000   0.29047
43700.000000000   0.27545
43800.000000000   0.25400
43900.000000000   0.18406
44000.000000000   0.19008
44100.000000000   0.22195
44200.000000000   0.20430
44300.000000000   0.21911
44400.000000000   0.21602
44500.000000000   0.28392
44600.000000000   0.28582
44700.000000000   0.22819
44800.000000000   0.27604
44900.000000000   0.28097
45000.000000000   0.26796
45100.000000000   0.26045
45200.000000000   0.31305
45300.000000000   0.25524
45400.000000000   0.19541
45500.000000000   0.23280
45600.000000000   0.27979
45700.000000000   0.24997
45800.000000000   0.26589
45900.000000000   0.23747
46000.000000000   0.22708
46100.000000000   0.30621
46200.000000000   0.34625
46300.000000000   0.30605
46400.000000000   0.27489
46500.000000000   0.30346
46600.000000000   0.28183
46700.000000000   0.31054
46800.000000000   0.30981
46900.000000000   0.20622
47000.000000000   0.23506
47100.000000000   0.26717
47200.000000000   0.29958
47300.000000000   0.22948
47400.000000000   0.23588
47500.000000000   0.27735
47600.000000000   0.23478
47700.000000000   0.23884
47800.000000000   0.26977
47900.000000000   0.27495
48000.000000000   0.27341
48100.000000000   0.27338
48200.000000000   0.22666
48300.000000000   0.33216
48400.000000000   0.20053
48500.000000000   0.18522
48600.000000000   0.28745
48700.000000000   0.29381
48800.000000000   0.24540
48900.000000000   0.28238
49000.000000000   0.26131
49100.000000000   0.22243
49200.000000000   0.21956
49300.000000000   0.26309
49400.000000000   0.31232
49500.000000000   0.24204
49600.000000000   0.21554
49700.000000000   0.24937
49800.000000000   0.15824
49900.000000000   0.25161
50000.000000000   0.29154
50100.000000000   0.22040
50200.000000000   0.28091
50300.000000000   0.32192
50400.000000000   0.34501
50500.000000000   0.23137
50600.000000000   0.20970
50700.000000000   0.27283
50800.000000000   0.27873
50900.000000000   0.18054
51000.000000000   0.28667
51100.000000000   0.31793
51200.000000000   0.28554
51300.000000000   0.28862
51400.000000000   0.25981
51500.000000000   0.23447
51600.000000000   0.20569
51700.000000000   0.22299
51800.000000000   0.31720
51900.000000000   0.24271
52000.000000000   0.24720
52100.000000000   0.29028
52200.000000000   0.27004
52300.000000000   0.20904
52400.000000000   0.24629
52500.000000000   0.31980
52600.000000000   0.33262
52700.000000000   0.27132
52800.000000000   0.34507
52900.000000000   0.26476
53000.000000000   0.27002
53100.000000000   0.23845
53200.000000000   0.25325
53300.000000000   0.23202
53400.000000000   0.18305
53500.000000000   0.19489
53600.000000000   0.26080
53700.000000000   0.23195
53800.000000000   0.17168
53900.000000000   0.23676
54000.000000000   0.20356
54100.000000000   0.19931
54200.000000000   0.14392
54300.000000000   0.20263
54400.000000000   0.23408
54500.000000000   0.24852
54600.000000000   0.25867
54700.000000000   0.26137
54800.000000000   0.27709
54900.000000000   0.27351
55000.000000000   0.26660
55100.000000000   0.16958
55200.000000000   0.18513
55300.000000000   0.14134
55400.000000000   0.24408
55500.000000000   0.16933
55600.000000000   0.22296
55700.000000000   0.25112
55800.000000000   0.28580
55900.000000000   0.27869
56000.000000000   0.32035
56100.000000000   0.31654
56200.000000000   0.21609
56300.000000000   0.25339
56400.000000000   0.31537
56500.000000000   0.25653
56600.000000000   0.27985
56700.000000000   0.21503
56800.000000000   0.24290
56900.000000000   0.25287
57000.000000000   0.25762
57100.000000000   0.30356
57200.000000000   0.27822
57300.000000000   0.17229
57400.000000000   0.18703
57500.000000000   0.19248
57600.000000000   0.30918
57700.000000000   0.19289
57800.000000000   0.25607
57900.000000000   0.30425
58000.000000000   0.31665
58100.000000000   0.25297
58200.000000000   0.25930
58300.000000000   0.22628
58400.000000000   0.26034
58500.000000000   0.25163
58600.000000000   0.24178
58700.000000000   0.23384
58800.000000000   0.21834
58900.000000000   0.20283
59000.000000000   0.22390
59100.000000000   0.30606
59200.000000000   0.19846
59300.000000000   0.25673
59400.000000000   0.26913
59500.000000000   0.17740
59600.000000000   0.25977
59700.000000000   0.19025
59800.000000000   0.19569
59900.000000000   0.17792
60000.000000000   0.19081
60100.000000000   0.22751
60200.000000000   0.25323
60300.000000000   0.30558
60400.000000000   0.30133
60500.000000000   0.26654
60600.000000000   0.22385
60700.000000000   0.31226
60800.000000000   0.27828
60900.000000000   0.24641
61000.000000000   0.17359
61100.000000000   0.29934
61200.000000000   0.21282
61300.000000000   0.17413
61400.000000000   0.22995
61500.000000000   0.33353
61600.000000000   0.24326
61700.000000000   0.20071
61800.000000000   0.19701
61900.000000000   0.25151
62000.000000000   0.21407
62100.000000000   0.17173
62200.000000000   0.25319
62300.000000000   0.26069
62400.000000000   0.30919
62500.000000000   0.30664
62600.000000000   0.27836
62700.000000000   0.30625
62800.000000000   0.28693
62900.000000000   0.31001
63000.000000000   0.33123
63100.000000000   0.28912
63200.000000000   0.24268
63300.000000000   0.22685
63400.000000000   0.27759
63500.000000000   0.17856
63600.000000000   0.23127
63700.000000000   0.30811
63800.000000000   0.25462
63900.000000000   0.25145
64000.000000000   0.30767
64100.000000000   0.22630
64200.000000000   0.31237
64300.000000000   0.31668
64400.000000000   0.31713
64500.000000000   0.31848
64600.000000000   0.32093
64700.000000000   0.26936
64800.000000000   0.26761
64900.000000000   0.23890
65000.000000000   0.22727
65100.000000000   0.25924
65200.000000000   0.21382
65300.000000000   0.30173
65400.000000000   0.29844
65500.000000000   0.40758
65600.000000000   0.28796
65700.000000000   0.23230
65800.000000000   0.22373
65900.000000000   0.24747
66000.000000000   0.28001
66100.000000000   0.37635
66200.000000000   0.26593
66300.000000000   0.28640
66400.000000000   0.30625
66500.000000000   0.28757
66600.000000000   0.25621
66700.000000000   0.19799
66800.000000000   0.25246
66900.000000000   0.25885
67000.000000000   0.22479
67100.000000000   0.25123
67200.000000000   0.17208
67300.000000000   0.25141
67400.000000000   0.21286
67500.000000000   0.20923
67600.000000000   0.24152
67700.000000000   0.32212
67800.000000000   0.22754
67900.000000000   0.32602
68000.000000000   0.32136
68100.000000000   0.31295
68200.000000000   0.37507
68300.000000000   0.34294
68400.000000000   0.22341
68500.000000000   0.20074
68600.000000000   0.24134
68700.000000000   0.19694
68800.000000000   0.17144
68900.000000000   0.29189
69000.000000000   0.25858
69100.000000000   0.29254
69200.000000000   0.30857
69300.000000000   0.25221
69400.000000000   0.26568
69500.000000000   0.24120
69600.000000000   0.29571
69700.000000000   0.25539
69800.000000000   0.29283
69900.000000000   0.26507
70000.000000000   0.30228
70100.000000000   0.21365
70200.000000000   0.15103
70300.000000000   0.16862
70400.000000000   0.16662
70500.000000000   0.19039
70600.000000000   0.24795
70700.000000000   0.29575
70800.000000000   0.19407
70900.000000000   0.17526
71000.000000000   0.22538
71100.000000000   0.33566
71200.000000000   0.42331
71300.000000000   0.26379
71400.000000000   0.24325
71500.000000000   0.29632
71600.000000000   0.20297
71700.000000000   0.20074
71800.000000000   0.20118
71900.000000000   0.30463
