# @atomsrmsd atoms are taken for fit.
    0.000000000   0.13073
  100.000000000   0.15232
  200.000000000   0.20220
  300.000000000   0.21546
  400.000000000   0.19731
  500.000000000   0.31769
  600.000000000   0.25393
  700.000000000   0.25372
  800.000000000   0.27672
  900.000000000   0.26205
 1000.000000000   0.20324
 1100.000000000   0.25862
 1200.000000000   0.26423
 1300.000000000   0.18694
 1400.000000000   0.16927
 1500.000000000   0.22354
 1600.000000000   0.16515
 1700.000000000   0.20817
 1800.000000000   0.15702
 1900.000000000   0.22159
 2000.000000000   0.17209
 2100.000000000   0.17496
 2200.000000000   0.20420
 2300.000000000   0.23922
 2400.000000000   0.20281
 2500.000000000   0.17654
 2600.000000000   0.17676
 2700.000000000   0.24100
 2800.000000000   0.17361
 2900.000000000   0.14831
 3000.000000000   0.22815
 3100.000000000   0.16070
 3200.000000000   0.20431
 3300.000000000   0.27264
 3400.000000000   0.16243
 3500.000000000   0.22644
 3600.000000000   0.18488
 3700.000000000   0.30752
 3800.000000000   0.27946
 3900.000000000   0.25716
 4000.000000000   0.25333
 4100.000000000   0.26012
 4200.000000000   0.17322
 4300.000000000   0.24996
 4400.000000000   0.24817
 4500.000000000   0.24682
 4600.000000000   0.17919
 4700.000000000   0.21602
 4800.000000000   0.26305
 4900.000000000   0.23036
 5000.000000000   0.26429
 5100.000000000   0.26255
 5200.000000000   0.25382
 5300.000000000   0.26619
 5400.000000000   0.29505
 5500.000000000   0.25852
 5600.000000000   0.27935
 5700.000000000   0.20050
 5800.000000000   0.25903
 5900.000000000   0.24552
 6000.000000000   0.17061
 6100.000000000   0.29138
 6200.000000000   0.24404
 6300.000000000   0.30639
 6400.000000000   0.17820
 6500.000000000   0.17394
 6600.000000000   0.32163
 6700.000000000   0.22509
 6800.000000000   0.22477
 6900.000000000   0.19209
 7000.000000000   0.18142
 7100.000000000   0.19081
 7200.000000000   0.16784
 7300.000000000   0.32854
 7400.000000000   0.35356
 7500.000000000   0.23198
 7600.000000000   0.15567
 7700.000000000   0.18341
 7800.000000000   0.28031
 7900.000000000   0.26497
 8000.000000000   0.21568
 8100.000000000   0.21135
 8200.000000000   0.14980
 8300.000000000   0.18906
 8400.000000000   0.28130
 8500.000000000   0.27766
 8600.000000000   0.25557
 8700.000000000   0.23620
 8800.000000000   0.15122
 8900.000000000   0.23322
 9000.000000000   0.25893
 9100.000000000   0.25102
 9200.000000000   0.24453
 9300.000000000   0.21222
 9400.000000000   0.15564
 9500.000000000   0.13453
 9600.000000000   0.15632
 9700.000000000   0.22792
 9800.000000000   0.16323
 9900.000000000   0.23368
10000.000000000   0.19435
10100.000000000   0.26512
10200.000000000   0.23170
10300.000000000   0.27854
10400.000000000   0.23077
10500.000000000   0.23162
10600.000000000   0.21545
10700.000000000   0.24152
10800.000000000   0.22240
10900.000000000   0.20577
11000.000000000   0.27207
11100.000000000   0.22980
11200.000000000   0.17939
11300.000000000   0.21476
11400.000000000   0.17899
11500.000000000   0.16858
11600.000000000   0.19539
11700.000000000   0.27723
11800.000000000   0.19273
11900.000000000   0.22963
12000.000000000   0.15423
12100.000000000   0.26633
12200.000000000   0.27753
12300.000000000   0.24007
12400.000000000   0.14069
12500.000000000   0.26694
12600.000000000   0.25288
12700.000000000   0.22318
12800.000000000   0.19182
12900.000000000   0.25110
13000.000000000   0.18794
13100.000000000   0.17382
13200.000000000   0.19728
13300.000000000   0.28428
13400.000000000   0.22622
13500.000000000   0.17749
13600.000000000   0.28297
13700.000000000   0.22870
13800.000000000   0.19551
13900.000000000   0.14992
14000.000000000   0.20224
14100.000000000   0.17024
14200.000000000   0.23464
14300.000000000   0.22527
14400.000000000   0.16105
14500.000000000   0.31373
14600.000000000   0.19356
14700.000000000   0.14612
14800.000000000   0.14752
14900.000000000   0.18447
15000.000000000   0.25100
15100.000000000   0.23093
15200.000000000   0.28578
15300.000000000   0.21805
15400.000000000   0.25263
15500.000000000   0.25743
15600.000000000   0.27714
15700.000000000   0.23566
15800.000000000   0.31710
15900.000000000   0.24173
16000.000000000   0.23142
16100.000000000   0.22163
16200.000000000   0.22122
16300.000000000   0.16650
16400.000000000   0.28988
16500.000000000   0.26552
16600.000000000   0.23308
16700.000000000   0.32112
16800.000000000   0.22571
16900.000000000   0.24990
17000.000000000   0.24221
17100.000000000   0.27934
17200.000000000   0.23911
17300.000000000   0.24792
17400.000000000   0.26304
17500.000000000   0.21795
17600.000000000   0.20202
17700.000000000   0.24477
17800.000000000   0.19539
17900.000000000   0.20793
18000.000000000   0.18220
18100.000000000   0.18773
18200.000000000   0.19538
18300.000000000   0.27137
18400.000000000   0.30421
18500.000000000   0.27701
18600.000000000   0.28710
18700.000000000   0.23261
18800.000000000   0.24413
18900.000000000   0.25421
19000.000000000   0.21150
19100.000000000   0.26324
19200.000000000   0.23907
19300.000000000   0.28188
19400.000000000   0.21556
19500.000000000   0.23514
19600.000000000   0.21638
19700.000000000   0.21252
19800.000000000   0.29276
19900.000000000   0.34758
20000.000000000   0.28712
20100.000000000   0.23025
20200.000000000   0.19049
20300.000000000   0.19382
20400.000000000   0.23693
20500.000000000   0.27708
20600.000000000   0.30464
20700.000000000   0.25524
20800.000000000   0.28266
20900.000000000   0.28065
21000.000000000   0.20009
21100.000000000   0.22772
21200.000000000   0.21589
21300.000000000   0.17783
21400.000000000   0.31296
21500.000000000   0.32874
21600.000000000   0.19627
21700.000000000   0.17962
21800.000000000   0.20034
21900.000000000   0.28167
22000.000000000   0.20611
22100.000000000   0.21344
22200.000000000   0.23089
22300.000000000   0.19947
22400.000000000   0.31588
22500.000000000   0.26127
22600.000000000   0.23192
22700.000000000   0.27589
22800.000000000   0.30943
22900.000000000   0.28323
23000.000000000   0.26580
23100.000000000   0.17647
23200.000000000   0.19949
23300.000000000   0.21795
23400.000000000   0.22764
23500.000000000   0.17975
23600.000000000   0.19050
23700.000000000   0.24867
23800.000000000   0.22636
23900.000000000   0.19514
24000.000000000   0.20405
24100.000000000   0.19234
24200.000000000   0.19985
24300.000000000   0.19117
24400.000000000   0.15121
24500.000000000   0.17090
24600.000000000   0.17216
24700.000000000   0.22658
24800.000000000   0.23586
24900.000000000   0.28290
25000.000000000   0.21792
25100.000000000   0.23886
25200.000000000   0.23213
25300.000000000   0.21486
25400.000000000   0.15798
25500.000000000   0.19261
25600.000000000   0.27523
25700.000000000   0.22584
25800.000000000   0.20132
25900.000000000   0.23804
26000.000000000   0.15198
26100.000000000   0.23497
26200.000000000   0.24152
26300.000000000   0.27213
26400.000000000   0.25834
26500.000000000   0.24127
26600.000000000   0.17080
26700.000000000   0.21326
26800.000000000   0.17166
26900.000000000   0.23074
27000.000000000   0.22876
27100.000000000   0.19186
27200.000000000   0.22651
27300.000000000   0.14938
27400.000000000   0.19270
27500.000000000   0.33073
27600.000000000   0.29364
27700.000000000   0.16946
27800.000000000   0.13151
27900.000000000   0.18139
28000.000000000   0.20761
28100.000000000   0.25541
28200.000000000   0.18866
28300.000000000   0.20351
28400.000000000   0.23383
28500.000000000   0.31070
28600.000000000   0.23296
28700.000000000   0.20096
28800.000000000   0.19775
28900.000000000   0.24667
29000.000000000   0.23177
29100.000000000   0.22273
29200.000000000   0.23176
29300.000000000   0.16884
29400.000000000   0.26047
29500.000000000   0.28487
29600.000000000   0.22201
29700.000000000   0.21774
29800.000000000   0.17383
29900.000000000   0.22563
30000.000000000   0.22667
30100.000000000   0.27493
30200.000000000   0.26298
30300.000000000   0.17656
30400.000000000   0.18664
30500.000000000   0.17005
30600.000000000   0.21179
30700.000000000   0.27410
30800.000000000   0.30076
30900.000000000   0.28156
31000.000000000   0.25028
31100.000000000   0.27318
31200.000000000   0.29380
31300.000000000   0.20255
31400.000000000   0.18583
31500.000000000   0.28882
31600.000000000   0.29599
31700.000000000   0.27188
31800.000000000   0.20303
31900.000000000   0.25976
32000.000000000   0.27460
32100.000000000   0.21515
32200.000000000   0.24930
32300.000000000   0.22530
32400.000000000   0.25541
32500.000000000   0.25492
32600.000000000   0.16219
32700.000000000   0.17134
32800.000000000   0.20166
32900.000000000   0.22154
33000.000000000   0.24690
33100.000000000   0.32389
33200.000000000   0.27545
33300.000000000   0.20910
33400.000000000   0.27371
33500.000000000   0.25452
33600.000000000   0.18790
33700.000000000   0.21162
33800.000000000   0.26847
33900.000000000   0.25708
34000.000000000   0.26740
34100.000000000   0.22960
34200.000000000   0.22407
34300.000000000   0.22080
34400.000000000   0.15359
34500.000000000   0.19594
34600.000000000   0.20778
34700.000000000   0.12893
34800.000000000   0.19188
34900.000000000   0.21716
35000.000000000   0.14178
35100.000000000   0.18748
35200.000000000   0.20957
35300.000000000   0.21082
35400.000000000   0.25499
35500.000000000   0.30640
35600.000000000   0.29482
35700.000000000   0.27031
35800.000000000   0.22672
35900.000000000   0.22838
36000.000000000   0.22912
36100.000000000   0.19464
36200.000000000   0.21266
36300.000000000   0.17907
36400.000000000   0.30361
36500.000000000   0.19772
36600.000000000   0.23641
36700.000000000   0.32074
36800.000000000   0.25080
36900.000000000   0.19571
37000.000000000   0.26942
37100.000000000   0.27989
37200.000000000   0.26782
37300.000000000   0.31042
37400.000000000   0.28433
37500.000000000   0.19212
37600.000000000   0.21001
37700.000000000   0.20929
37800.000000000   0.21791
37900.000000000   0.29970
38000.000000000   0.20136
38100.000000000   0.15880
38200.000000000   0.17251
38300.000000000   0.21498
38400.000000000   0.19168
38500.000000000   0.21700
38600.000000000   0.21527
38700.000000000   0.31567
38800.000000000   0.21815
38900.000000000   0.25059
39000.000000000   0.26635
39100.000000000   0.21864
39200.000000000   0.34307
39300.000000000   0.25304
39400.000000000   0.26311
39500.000000000   0.23126
39600.000000000   0.21232
39700.000000000   0.24826
39800.000000000   0.23329
39900.000000000   0.20588
40000.000000000   0.22786
40100.000000000   0.18658
40200.000000000   0.21738
40300.000000000   0.18494
40400.000000000   0.15270
40500.000000000   0.22546
40600.000000000   0.20027
40700.000000000   0.19948
40800.000000000   0.20961
40900.000000000   0.17879
41000.000000000   0.17296
41100.000000000   0.17791
41200.000000000   0.18851
41300.000000000   0.22028
41400.000000000   0.28840
41500.000000000   0.25823
41600.000000000   0.22614
41700.000000000   0.23149
41800.000000000   0.16398
41900.000000000   0.17572
42000.000000000   0.18462
42100.000000000   0.29481
42200.000000000   0.28371
42300.000000000   0.27070
42400.000000000   0.30564
42500.000000000   0.23392
42600.000000000   0.24798
42700.000000000   0.25998
42800.000000000   0.17406
42900.000000000   0.25312
43000.000000000   0.22612
43100.000000000   0.26312
43200.000000000   0.29251
43300.000000000   0.21358
43400.000000000   0.22419
43500.000000000   0.19695
43600.000000000   0.15014
43700.000000000   0.22881
43800.000000000   0.19674
43900.000000000   0.15774
44000.000000000   0.22700
44100.000000000   0.24656
44200.000000000   0.24451
44300.000000000   0.23834
44400.000000000   0.23920
44500.000000000   0.21540
44600.000000000   0.18149
44700.000000000   0.20300
44800.000000000   0.14842
44900.000000000   0.16126
45000.000000000   0.20446
45100.000000000   0.20834
45200.000000000   0.20202
45300.000000000   0.24362
45400.000000000   0.23439
45500.000000000   0.23672
45600.000000000   0.23771
45700.000000000   0.21013
45800.000000000   0.25865
45900.000000000   0.17059
46000.000000000   0.19013
46100.000000000   0.22339
46200.000000000   0.21370
46300.000000000   0.24711
46400.000000000   0.22225
46500.000000000   0.18836
46600.000000000   0.22776
46700.000000000   0.19158
46800.000000000   0.21360
46900.000000000   0.26104
47000.000000000   0.24551
47100.000000000   0.30969
47200.000000000   0.25727
47300.000000000   0.28960
47400.000000000   0.28641
47500.000000000   0.24918
47600.000000000   0.26917
47700.000000000   0.18553
47800.000000000   0.20998
47900.000000000   0.19758
48000.000000000   0.20314
48100.000000000   0.16887
48200.000000000   0.19796
48300.000000000   0.22147
48400.000000000   0.18414
48500.000000000   0.18026
48600.000000000   0.25531
48700.000000000   0.27827
48800.000000000   0.21150
48900.000000000   0.23233
49000.000000000   0.29315
49100.000000000   0.30262
49200.000000000   0.24323
49300.000000000   0.21877
49400.000000000   0.20285
49500.000000000   0.24330
49600.000000000   0.27744
49700.000000000   0.26723
49800.000000000   0.22550
49900.000000000   0.17921
50000.000000000   0.17434
50100.000000000   0.27003
50200.000000000   0.25898
50300.000000000   0.22655
50400.000000000   0.16807
50500.000000000   0.25279
50600.000000000   0.22914
50700.000000000   0.32138
50800.000000000   0.26116
50900.000000000   0.25263
51000.000000000   0.20729
51100.000000000   0.21551
51200.000000000   0.23033
51300.000000000   0.23357
51400.000000000   0.22426
51500.000000000   0.22757
51600.000000000   0.27046
51700.000000000   0.20050
51800.000000000   0.20951
51900.000000000   0.14627
52000.000000000   0.17476
52100.000000000   0.20174
52200.000000000   0.22309
52300.000000000   0.21356
52400.000000000   0.23221
52500.000000000   0.23902
52600.000000000   0.19022
52700.000000000   0.18370
52800.000000000   0.24532
52900.000000000   0.22105
53000.000000000   0.15608
53100.000000000   0.25933
53200.000000000   0.21785
53300.000000000   0.22156
53400.000000000   0.19874
53500.000000000   0.25291
53600.000000000   0.20887
53700.000000000   0.17198
53800.000000000   0.19792
53900.000000000   0.15342
54000.000000000   0.17423
54100.000000000   0.20003
54200.000000000   0.24176
54300.000000000   0.21685
54400.000000000   0.23689
54500.000000000   0.18473
54600.000000000   0.16237
54700.000000000   0.14347
54800.000000000   0.19524
54900.000000000   0.25011
