# @atomsrmsd atoms are taken for fit.
    0.000000000   0.16005
  100.000000000   0.18267
  200.000000000   0.22106
  300.000000000   0.25267
  400.000000000   0.21964
  500.000000000   0.35898
  600.000000000   0.28813
  700.000000000   0.29709
  800.000000000   0.30188
  900.000000000   0.28282
 1000.000000000   0.23047
 1100.000000000   0.30868
 1200.000000000   0.29836
 1300.000000000   0.19641
 1400.000000000   0.18458
 1500.000000000   0.25758
 1600.000000000   0.18817
 1700.000000000   0.23426
 1800.000000000   0.17786
 1900.000000000   0.25200
 2000.000000000   0.19858
 2100.000000000   0.18201
 2200.000000000   0.19404
 2300.000000000   0.27068
 2400.000000000   0.24570
 2500.000000000   0.18573
 2600.000000000   0.16714
 2700.000000000   0.26261
 2800.000000000   0.20090
 2900.000000000   0.18104
 3000.000000000   0.25000
 3100.000000000   0.18178
 3200.000000000   0.24248
 3300.000000000   0.31642
 3400.000000000   0.19670
 3500.000000000   0.26290
 3600.000000000   0.22885
 3700.000000000   0.34689
 3800.000000000   0.32028
 3900.000000000   0.27796
 4000.000000000   0.27491
 4100.000000000   0.29137
 4200.000000000   0.20193
 4300.000000000   0.27489
 4400.000000000   0.28790
 4500.000000000   0.29343
 4600.000000000   0.21429
 4700.000000000   0.24155
 4800.000000000   0.29744
 4900.000000000   0.27681
 5000.000000000   0.30302
 5100.000000000   0.30303
 5200.000000000   0.28253
 5300.000000000   0.29268
 5400.000000000   0.34149
 5500.000000000   0.28782
 5600.000000000   0.32053
 5700.000000000   0.24141
 5800.000000000   0.27249
 5900.000000000   0.27269
 6000.000000000   0.20673
 6100.000000000   0.32546
 6200.000000000   0.27507
 6300.000000000   0.34092
 6400.000000000   0.20853
 6500.000000000   0.20147
 6600.000000000   0.35479
 6700.000000000   0.27397
 6800.000000000   0.26505
 6900.000000000   0.22267
 7000.000000000   0.20710
 7100.000000000   0.18852
 7200.000000000   0.20001
 7300.000000000   0.37275
 7400.000000000   0.39633
 7500.000000000   0.25926
 7600.000000000   0.17183
 7700.000000000   0.19362
 7800.000000000   0.31616
 7900.000000000   0.29235
 8000.000000000   0.23665
 8100.000000000   0.21174
 8200.000000000   0.17812
 8300.000000000   0.21417
 8400.000000000   0.31965
 8500.000000000   0.29933
 8600.000000000   0.29633
 8700.000000000   0.28629
 8800.000000000   0.18096
 8900.000000000   0.27403
 9000.000000000   0.29031
 9100.000000000   0.27523
 9200.000000000   0.26506
 9300.000000000   0.24429
 9400.000000000   0.19169
 9500.000000000   0.13302
 9600.000000000   0.17065
 9700.000000000   0.26427
 9800.000000000   0.20124
 9900.000000000   0.27107
10000.000000000   0.23515
10100.000000000   0.30169
10200.000000000   0.26484
10300.000000000   0.30141
10400.000000000   0.23696
10500.000000000   0.27201
10600.000000000   0.25147
10700.000000000   0.28546
10800.000000000   0.25642
10900.000000000   0.22820
11000.000000000   0.29667
11100.000000000   0.26107
11200.000000000   0.20274
11300.000000000   0.25058
11400.000000000   0.18774
11500.000000000   0.19222
11600.000000000   0.23155
11700.000000000   0.31791
11800.000000000   0.21734
11900.000000000   0.26063
12000.000000000   0.19529
12100.000000000   0.31570
12200.000000000   0.31437
12300.000000000   0.28552
12400.000000000   0.17702
12500.000000000   0.30960
12600.000000000   0.29049
12700.000000000   0.24379
12800.000000000   0.23578
12900.000000000   0.29545
13000.000000000   0.22889
13100.000000000   0.19074
13200.000000000   0.23376
13300.000000000   0.30234
13400.000000000   0.24444
13500.000000000   0.20182
13600.000000000   0.32091
13700.000000000   0.24373
13800.000000000   0.20893
13900.000000000   0.17344
14000.000000000   0.23777
14100.000000000   0.19150
14200.000000000   0.26223
14300.000000000   0.25219
14400.000000000   0.19569
14500.000000000   0.35279
14600.000000000   0.22751
14700.000000000   0.17431
14800.000000000   0.16929
14900.000000000   0.22522
15000.000000000   0.29508
15100.000000000   0.27331
15200.000000000   0.33342
15300.000000000   0.25643
15400.000000000   0.29363
15500.000000000   0.29305
15600.000000000   0.30317
15700.000000000   0.24207
15800.000000000   0.35579
15900.000000000   0.27599
16000.000000000   0.25884
16100.000000000   0.26370
16200.000000000   0.26505
16300.000000000   0.19301
16400.000000000   0.33150
16500.000000000   0.30745
16600.000000000   0.25677
16700.000000000   0.35393
16800.000000000   0.27095
16900.000000000   0.27964
17000.000000000   0.27873
17100.000000000   0.31135
17200.000000000   0.27102
17300.000000000   0.28456
17400.000000000   0.30469
17500.000000000   0.26830
17600.000000000   0.24943
17700.000000000   0.28285
17800.000000000   0.23557
17900.000000000   0.23835
18000.000000000   0.21171
18100.000000000   0.22691
18200.000000000   0.23003
18300.000000000   0.30140
18400.000000000   0.33861
18500.000000000   0.32062
18600.000000000   0.31846
18700.000000000   0.24265
18800.000000000   0.25721
18900.000000000   0.27387
19000.000000000   0.23992
19100.000000000   0.28565
19200.000000000   0.27120
19300.000000000   0.32630
19400.000000000   0.23378
19500.000000000   0.25699
19600.000000000   0.24635
19700.000000000   0.25829
19800.000000000   0.33503
19900.000000000   0.38780
20000.000000000   0.31308
20100.000000000   0.26030
20200.000000000   0.22626
20300.000000000   0.23965
20400.000000000   0.26839
20500.000000000   0.30302
20600.000000000   0.32633
20700.000000000   0.28058
20800.000000000   0.31758
20900.000000000   0.29352
21000.000000000   0.21542
21100.000000000   0.25649
21200.000000000   0.25575
21300.000000000   0.19578
21400.000000000   0.32091
21500.000000000   0.35884
21600.000000000   0.22553
21700.000000000   0.21808
21800.000000000   0.21374
21900.000000000   0.32112
22000.000000000   0.23956
22100.000000000   0.19556
22200.000000000   0.24675
22300.000000000   0.23257
22400.000000000   0.36300
22500.000000000   0.29732
22600.000000000   0.26428
22700.000000000   0.30820
22800.000000000   0.33180
22900.000000000   0.30041
23000.000000000   0.30171
23100.000000000   0.20338
23200.000000000   0.21793
23300.000000000   0.25002
23400.000000000   0.27456
23500.000000000   0.21912
23600.000000000   0.22832
23700.000000000   0.29903
23800.000000000   0.27592
23900.000000000   0.23724
24000.000000000   0.24313
24100.000000000   0.21947
24200.000000000   0.24996
24300.000000000   0.24001
24400.000000000   0.17966
24500.000000000   0.19521
24600.000000000   0.21080
24700.000000000   0.25791
24800.000000000   0.28174
24900.000000000   0.32564
25000.000000000   0.26346
25100.000000000   0.27494
25200.000000000   0.25046
25300.000000000   0.24049
25400.000000000   0.18278
25500.000000000   0.22840
25600.000000000   0.30963
25700.000000000   0.27182
25800.000000000   0.23854
25900.000000000   0.27460
26000.000000000   0.16546
26100.000000000   0.27043
26200.000000000   0.26816
26300.000000000   0.29401
26400.000000000   0.26788
26500.000000000   0.27292
26600.000000000   0.18168
26700.000000000   0.24765
26800.000000000   0.20747
26900.000000000   0.26937
27000.000000000   0.28744
27100.000000000   0.23311
27200.000000000   0.27459
27300.000000000   0.20168
27400.000000000   0.22372
27500.000000000   0.36684
27600.000000000   0.33797
27700.000000000   0.18976
27800.000000000   0.16389
27900.000000000   0.22115
28000.000000000   0.26141
28100.000000000   0.29344
28200.000000000   0.21962
28300.000000000   0.25362
28400.000000000   0.27905
28500.000000000   0.35226
28600.000000000   0.28117
28700.000000000   0.23987
28800.000000000   0.22566
28900.000000000   0.28293
29000.000000000   0.27627
29100.000000000   0.24952
29200.000000000   0.25977
29300.000000000   0.19816
29400.000000000   0.28601
29500.000000000   0.32975
29600.000000000   0.27024
29700.000000000   0.24866
29800.000000000   0.20123
29900.000000000   0.26511
30000.000000000   0.26027
30100.000000000   0.32072
30200.000000000   0.30125
30300.000000000   0.18928
30400.000000000   0.21077
30500.000000000   0.19020
30600.000000000   0.24046
30700.000000000   0.30957
30800.000000000   0.34157
30900.000000000   0.30745
31000.000000000   0.27325
31100.000000000   0.30313
31200.000000000   0.32786
31300.000000000   0.23779
31400.000000000   0.20389
31500.000000000   0.33095
31600.000000000   0.32811
31700.000000000   0.29981
31800.000000000   0.22074
31900.000000000   0.29809
32000.000000000   0.31776
32100.000000000   0.25540
32200.000000000   0.28375
32300.000000000   0.26456
32400.000000000   0.28745
32500.000000000   0.28894
32600.000000000   0.17262
32700.000000000   0.18380
32800.000000000   0.23289
32900.000000000   0.25083
33000.000000000   0.27220
33100.000000000   0.34924
33200.000000000   0.30324
33300.000000000   0.23682
33400.000000000   0.29149
33500.000000000   0.27142
33600.000000000   0.21390
33700.000000000   0.24367
33800.000000000   0.30333
33900.000000000   0.29476
34000.000000000   0.29253
34100.000000000   0.26952
34200.000000000   0.25481
34300.000000000   0.25080
34400.000000000   0.17295
34500.000000000   0.20245
34600.000000000   0.24737
34700.000000000   0.13747
34800.000000000   0.21245
34900.000000000   0.24536
35000.000000000   0.16605
35100.000000000   0.21503
35200.000000000   0.23079
35300.000000000   0.24631
35400.000000000   0.29137
35500.000000000   0.33027
35600.000000000   0.32710
35700.000000000   0.30323
35800.000000000   0.24719
35900.000000000   0.26094
36000.000000000   0.26233
36100.000000000   0.21808
36200.000000000   0.22950
36300.000000000   0.19795
36400.000000000   0.32572
36500.000000000   0.20476
36600.000000000   0.27471
36700.000000000   0.36805
36800.000000000   0.28367
36900.000000000   0.23459
37000.000000000   0.29361
37100.000000000   0.30012
37200.000000000   0.29437
37300.000000000   0.34662
37400.000000000   0.31102
37500.000000000   0.21082
37600.000000000   0.21897
37700.000000000   0.24595
37800.000000000   0.23329
37900.000000000   0.31914
38000.000000000   0.22607
38100.000000000   0.19324
38200.000000000   0.20995
38300.000000000   0.25575
38400.000000000   0.21593
38500.000000000   0.24375
38600.000000000   0.23630
38700.000000000   0.34101
38800.000000000   0.23677
38900.000000000   0.27216
39000.000000000   0.30122
39100.000000000   0.24471
39200.000000000   0.36719
39300.000000000   0.27963
39400.000000000   0.30066
39500.000000000   0.25906
39600.000000000   0.20840
39700.000000000   0.28713
39800.000000000   0.24965
39900.000000000   0.22406
40000.000000000   0.24497
40100.000000000   0.22895
40200.000000000   0.25195
40300.000000000   0.20641
40400.000000000   0.18150
40500.000000000   0.27402
40600.000000000   0.24086
40700.000000000   0.24279
40800.000000000   0.24559
40900.000000000   0.22272
41000.000000000   0.19533
41100.000000000   0.17843
41200.000000000   0.19864
41300.000000000   0.23366
41400.000000000   0.31299
41500.000000000   0.25918
41600.000000000   0.25284
41700.000000000   0.25956
41800.000000000   0.20263
41900.000000000   0.20601
42000.000000000   0.20902
42100.000000000   0.32270
42200.000000000   0.31940
42300.000000000   0.31401
42400.000000000   0.34189
42500.000000000   0.27544
42600.000000000   0.28650
42700.000000000   0.29699
42800.000000000   0.20161
42900.000000000   0.26850
43000.000000000   0.26119
43100.000000000   0.28266
43200.000000000   0.33938
43300.000000000   0.24234
43400.000000000   0.26528
43500.000000000   0.23437
43600.000000000   0.17860
43700.000000000   0.26202
43800.000000000   0.23799
43900.000000000   0.19390
44000.000000000   0.26652
44100.000000000   0.27444
44200.000000000   0.26756
44300.000000000   0.27688
44400.000000000   0.27309
44500.000000000   0.25608
44600.000000000   0.22292
44700.000000000   0.24029
44800.000000000   0.15311
44900.000000000   0.16180
45000.000000000   0.23380
45100.000000000   0.24519
45200.000000000   0.24183
45300.000000000   0.26730
45400.000000000   0.26809
45500.000000000   0.28084
45600.000000000   0.27138
45700.000000000   0.25269
45800.000000000   0.28272
45900.000000000   0.19128
46000.000000000   0.22666
46100.000000000   0.26205
46200.000000000   0.24870
46300.000000000   0.26842
46400.000000000   0.26142
46500.000000000   0.21864
46600.000000000   0.24508
46700.000000000   0.22027
46800.000000000   0.24421
46900.000000000   0.30327
47000.000000000   0.27170
47100.000000000   0.31215
47200.000000000   0.29081
47300.000000000   0.33467
47400.000000000   0.32590
47500.000000000   0.28454
47600.000000000   0.29765
47700.000000000   0.21895
47800.000000000   0.24518
47900.000000000   0.24092
48000.000000000   0.24083
48100.000000000   0.21271
48200.000000000   0.23129
48300.000000000   0.24317
48400.000000000   0.23026
48500.000000000   0.22279
48600.000000000   0.29154
48700.000000000   0.30800
48800.000000000   0.24094
48900.000000000   0.26919
49000.000000000   0.32925
49100.000000000   0.34236
49200.000000000   0.27556
49300.000000000   0.24893
49400.000000000   0.24410
49500.000000000   0.27288
49600.000000000   0.30870
49700.000000000   0.30897
49800.000000000   0.26135
49900.000000000   0.22320
50000.000000000   0.22246
50100.000000000   0.31099
50200.000000000   0.29268
50300.000000000   0.25320
50400.000000000   0.20368
50500.000000000   0.28934
50600.000000000   0.26845
50700.000000000   0.36157
50800.000000000   0.27261
50900.000000000   0.27992
51000.000000000   0.24882
51100.000000000   0.24749
51200.000000000   0.26565
51300.000000000   0.26685
51400.000000000   0.25358
51500.000000000   0.25408
51600.000000000   0.31658
51700.000000000   0.24023
51800.000000000   0.22824
51900.000000000   0.18195
52000.000000000   0.20419
52100.000000000   0.22492
52200.000000000   0.25499
52300.000000000   0.25256
52400.000000000   0.26952
52500.000000000   0.28044
52600.000000000   0.21506
52700.000000000   0.21854
52800.000000000   0.28280
52900.000000000   0.26202
53000.000000000   0.16122
53100.000000000   0.29081
53200.000000000   0.23789
53300.000000000   0.26419
53400.000000000   0.21500
53500.000000000   0.29333
53600.000000000   0.24067
53700.000000000   0.22026
53800.000000000   0.21613
53900.000000000   0.19742
54000.000000000   0.20455
54100.000000000   0.22335
54200.000000000   0.26444
54300.000000000   0.23345
54400.000000000   0.25893
54500.000000000   0.20844
54600.000000000   0.19284
54700.000000000   0.15734
54800.000000000   0.20869
54900.000000000   0.29729
