# @atomsrmsd atoms are taken for fit.
    0.000000000   0.24221
  100.000000000   0.17176
  200.000000000   0.22158
  300.000000000   0.15903
  400.000000000   0.25696
  500.000000000   0.23869
  600.000000000   0.16417
  700.000000000   0.22489
  800.000000000   0.30692
  900.000000000   0.23397
 1000.000000000   0.16815
 1100.000000000   0.15373
 1200.000000000   0.23837
 1300.000000000   0.15122
 1400.000000000   0.22686
 1500.000000000   0.26053
 1600.000000000   0.21908
 1700.000000000   0.26906
 1800.000000000   0.22279
 1900.000000000   0.17615
 2000.000000000   0.22038
 2100.000000000   0.18975
 2200.000000000   0.18373
 2300.000000000   0.20593
 2400.000000000   0.20703
 2500.000000000   0.26936
 2600.000000000   0.23374
 2700.000000000   0.16401
 2800.000000000   0.24143
 2900.000000000   0.19889
 3000.000000000   0.21255
 3100.000000000   0.21684
 3200.000000000   0.22439
 3300.000000000   0.27067
 3400.000000000   0.22169
 3500.000000000   0.32419
 3600.000000000   0.28611
 3700.000000000   0.19242
 3800.000000000   0.28702
 3900.000000000   0.26764
 4000.000000000   0.34346
 4100.000000000   0.33640
 4200.000000000   0.27337
 4300.000000000   0.21627
 4400.000000000   0.22317
 4500.000000000   0.27676
 4600.000000000   0.29709
 4700.000000000   0.23038
 4800.000000000   0.24589
 4900.000000000   0.23344
 5000.000000000   0.32991
 5100.000000000   0.22426
 5200.000000000   0.20864
 5300.000000000   0.22065
 5400.000000000   0.22538
 5500.000000000   0.25035
 5600.000000000   0.25007
 5700.000000000   0.21554
 5800.000000000   0.20212
 5900.000000000   0.30514
 6000.000000000   0.26097
 6100.000000000   0.17607
 6200.000000000   0.17330
 6300.000000000   0.24662
 6400.000000000   0.28217
 6500.000000000   0.26702
 6600.000000000   0.22745
 6700.000000000   0.15464
 6800.000000000   0.18455
 6900.000000000   0.12790
 7000.000000000   0.20246
 7100.000000000   0.20778
 7200.000000000   0.20187
 7300.000000000   0.20091
 7400.000000000   0.14482
 7500.000000000   0.20776
 7600.000000000   0.15649
 7700.000000000   0.18176
 7800.000000000   0.18430
 7900.000000000   0.23653
 8000.000000000   0.22883
 8100.000000000   0.25374
 8200.000000000   0.21844
 8300.000000000   0.14178
 8400.000000000   0.20716
 8500.000000000   0.19506
 8600.000000000   0.16421
 8700.000000000   0.22168
 8800.000000000   0.18972
 8900.000000000   0.21093
 9000.000000000   0.20238
 9100.000000000   0.21982
 9200.000000000   0.23134
 9300.000000000   0.20409
 9400.000000000   0.21361
 9500.000000000   0.19737
 9600.000000000   0.14435
 9700.000000000   0.17290
 9800.000000000   0.17135
 9900.000000000   0.12835
10000.000000000   0.18462
10100.000000000   0.17994
10200.000000000   0.15755
10300.000000000   0.17854
10400.000000000   0.26884
10500.000000000   0.20176
10600.000000000   0.19145
10700.000000000   0.19175
10800.000000000   0.26116
10900.000000000   0.29388
11000.000000000   0.18561
11100.000000000   0.16397
11200.000000000   0.24546
11300.000000000   0.21357
11400.000000000   0.22804
11500.000000000   0.18362
11600.000000000   0.19630
11700.000000000   0.14874
11800.000000000   0.20623
11900.000000000   0.21447
12000.000000000   0.22723
12100.000000000   0.31837
12200.000000000   0.33708
12300.000000000   0.27295
12400.000000000   0.27684
12500.000000000   0.21822
12600.000000000   0.21831
12700.000000000   0.20628
12800.000000000   0.18482
12900.000000000   0.31555
13000.000000000   0.25777
13100.000000000   0.26698
13200.000000000   0.30245
13300.000000000   0.24587
13400.000000000   0.32434
13500.000000000   0.19750
13600.000000000   0.13942
13700.000000000   0.14782
13800.000000000   0.17493
13900.000000000   0.18837
14000.000000000   0.18703
14100.000000000   0.14067
14200.000000000   0.19199
14300.000000000   0.22822
14400.000000000   0.20157
14500.000000000   0.19956
14600.000000000   0.21149
14700.000000000   0.18407
14800.000000000   0.22389
14900.000000000   0.23973
15000.000000000   0.25146
15100.000000000   0.18556
15200.000000000   0.20642
15300.000000000   0.23247
15400.000000000   0.25483
15500.000000000   0.21897
15600.000000000   0.29214
15700.000000000   0.22791
15800.000000000   0.26106
15900.000000000   0.31339
16000.000000000   0.20409
16100.000000000   0.17122
16200.000000000   0.19905
16300.000000000   0.18974
16400.000000000   0.20250
16500.000000000   0.17318
16600.000000000   0.14178
16700.000000000   0.23731
16800.000000000   0.27090
16900.000000000   0.22785
17000.000000000   0.21652
17100.000000000   0.34929
17200.000000000   0.23971
17300.000000000   0.21538
17400.000000000   0.22582
17500.000000000   0.27350
17600.000000000   0.23621
17700.000000000   0.24254
17800.000000000   0.28070
17900.000000000   0.22719
18000.000000000   0.19796
18100.000000000   0.29458
18200.000000000   0.17914
18300.000000000   0.19120
18400.000000000   0.20660
18500.000000000   0.22379
18600.000000000   0.27434
18700.000000000   0.23125
18800.000000000   0.27872
18900.000000000   0.22410
19000.000000000   0.26251
19100.000000000   0.21123
19200.000000000   0.20407
19300.000000000   0.23644
19400.000000000   0.16924
19500.000000000   0.27428
19600.000000000   0.25144
19700.000000000   0.23708
19800.000000000   0.26663
19900.000000000   0.27298
20000.000000000   0.21122
20100.000000000   0.26835
20200.000000000   0.23878
20300.000000000   0.23508
20400.000000000   0.23510
20500.000000000   0.28443
20600.000000000   0.20919
20700.000000000   0.18539
20800.000000000   0.20584
20900.000000000   0.23716
21000.000000000   0.22007
21100.000000000   0.19143
21200.000000000   0.19422
21300.000000000   0.17619
21400.000000000   0.26642
21500.000000000   0.26180
21600.000000000   0.21504
21700.000000000   0.20086
21800.000000000   0.15003
21900.000000000   0.14334
22000.000000000   0.15756
22100.000000000   0.23403
22200.000000000   0.23984
22300.000000000   0.21108
22400.000000000   0.20640
22500.000000000   0.25616
22600.000000000   0.22262
22700.000000000   0.20301
22800.000000000   0.15954
22900.000000000   0.27820
23000.000000000   0.25939
23100.000000000   0.20190
23200.000000000   0.13315
23300.000000000   0.16066
23400.000000000   0.25738
23500.000000000   0.22500
23600.000000000   0.25227
23700.000000000   0.26799
23800.000000000   0.24625
23900.000000000   0.17661
24000.000000000   0.17975
24100.000000000   0.15355
24200.000000000   0.21022
24300.000000000   0.13855
24400.000000000   0.14603
24500.000000000   0.15031
24600.000000000   0.21998
24700.000000000   0.19241
24800.000000000   0.17352
24900.000000000   0.18341
25000.000000000   0.21529
25100.000000000   0.29739
25200.000000000   0.23958
25300.000000000   0.24935
25400.000000000   0.11845
25500.000000000   0.24439
25600.000000000   0.15035
25700.000000000   0.24145
25800.000000000   0.19907
25900.000000000   0.21259
26000.000000000   0.19167
26100.000000000   0.24493
26200.000000000   0.27598
26300.000000000   0.27235
26400.000000000   0.20244
26500.000000000   0.21643
26600.000000000   0.23193
26700.000000000   0.17075
26800.000000000   0.18705
26900.000000000   0.26646
27000.000000000   0.18245
27100.000000000   0.16008
27200.000000000   0.19790
27300.000000000   0.23262
27400.000000000   0.27311
27500.000000000   0.29881
27600.000000000   0.17620
27700.000000000   0.18893
27800.000000000   0.22679
27900.000000000   0.26181
28000.000000000   0.15007
28100.000000000   0.14892
28200.000000000   0.17024
28300.000000000   0.21092
28400.000000000   0.23828
28500.000000000   0.29683
28600.000000000   0.16488
28700.000000000   0.20488
28800.000000000   0.22299
28900.000000000   0.33026
29000.000000000   0.29306
29100.000000000   0.25116
29200.000000000   0.24065
29300.000000000   0.19307
29400.000000000   0.17856
29500.000000000   0.23430
29600.000000000   0.14918
29700.000000000   0.18138
29800.000000000   0.23229
29900.000000000   0.22543
30000.000000000   0.28411
30100.000000000   0.16563
30200.000000000   0.19594
30300.000000000   0.21196
30400.000000000   0.19890
30500.000000000   0.21351
30600.000000000   0.17652
30700.000000000   0.19136
30800.000000000   0.13171
30900.000000000   0.21216
31000.000000000   0.28344
31100.000000000   0.21490
31200.000000000   0.25390
31300.000000000   0.28287
31400.000000000   0.19892
31500.000000000   0.24148
31600.000000000   0.23164
31700.000000000   0.22419
31800.000000000   0.15906
31900.000000000   0.18978
32000.000000000   0.18952
32100.000000000   0.20451
32200.000000000   0.18183
32300.000000000   0.21773
32400.000000000   0.18395
32500.000000000   0.23890
32600.000000000   0.18045
32700.000000000   0.16009
32800.000000000   0.20029
32900.000000000   0.21258
33000.000000000   0.24807
33100.000000000   0.18258
33200.000000000   0.14568
33300.000000000   0.17819
33400.000000000   0.18674
33500.000000000   0.20654
33600.000000000   0.21444
33700.000000000   0.27534
33800.000000000   0.21542
33900.000000000   0.23866
34000.000000000   0.27928
34100.000000000   0.22183
34200.000000000   0.25982
34300.000000000   0.21044
34400.000000000   0.14147
34500.000000000   0.13835
34600.000000000   0.22382
34700.000000000   0.26394
34800.000000000   0.17992
34900.000000000   0.23751
35000.000000000   0.24389
35100.000000000   0.24270
35200.000000000   0.27137
35300.000000000   0.15333
35400.000000000   0.28797
35500.000000000   0.24924
35600.000000000   0.26146
35700.000000000   0.16342
35800.000000000   0.16258
35900.000000000   0.21236
36000.000000000   0.22848
36100.000000000   0.17992
36200.000000000   0.29308
36300.000000000   0.21638
36400.000000000   0.27267
36500.000000000   0.23617
36600.000000000   0.20138
36700.000000000   0.19953
36800.000000000   0.23653
36900.000000000   0.21980
37000.000000000   0.20071
37100.000000000   0.19329
37200.000000000   0.19666
37300.000000000   0.26618
37400.000000000   0.24488
37500.000000000   0.24027
37600.000000000   0.25837
37700.000000000   0.19396
37800.000000000   0.26091
37900.000000000   0.18354
38000.000000000   0.16057
38100.000000000   0.22808
38200.000000000   0.16425
38300.000000000   0.21064
38400.000000000   0.19163
38500.000000000   0.23927
38600.000000000   0.20438
38700.000000000   0.22294
38800.000000000   0.19319
38900.000000000   0.25485
39000.000000000   0.23670
39100.000000000   0.15757
39200.000000000   0.20297
39300.000000000   0.22291
39400.000000000   0.17057
39500.000000000   0.16018
39600.000000000   0.19487
39700.000000000   0.23337
39800.000000000   0.19190
39900.000000000   0.23453
40000.000000000   0.24722
40100.000000000   0.20606
40200.000000000   0.23729
40300.000000000   0.28760
40400.000000000   0.28905
40500.000000000   0.24888
40600.000000000   0.27709
40700.000000000   0.18804
40800.000000000   0.23091
40900.000000000   0.22435
41000.000000000   0.14951
41100.000000000   0.23094
41200.000000000   0.20658
41300.000000000   0.22053
41400.000000000   0.25363
41500.000000000   0.30420
41600.000000000   0.22731
41700.000000000   0.21028
41800.000000000   0.21188
41900.000000000   0.18664
42000.000000000   0.16166
42100.000000000   0.14264
42200.000000000   0.22730
42300.000000000   0.22319
42400.000000000   0.17748
42500.000000000   0.17701
42600.000000000   0.25142
42700.000000000   0.21587
42800.000000000   0.16273
42900.000000000   0.25652
43000.000000000   0.19037
43100.000000000   0.19865
43200.000000000   0.16361
43300.000000000   0.20207
43400.000000000   0.23789
43500.000000000   0.21585
43600.000000000   0.26306
43700.000000000   0.22597
43800.000000000   0.18123
43900.000000000   0.21666
44000.000000000   0.24060
44100.000000000   0.24630
44200.000000000   0.22981
44300.000000000   0.25673
44400.000000000   0.26362
44500.000000000   0.26038
44600.000000000   0.19809
44700.000000000   0.17760
44800.000000000   0.24183
44900.000000000   0.24608
45000.000000000   0.23060
45100.000000000   0.17816
45200.000000000   0.25833
45300.000000000   0.22367
45400.000000000   0.25428
45500.000000000   0.30970
45600.000000000   0.32758
45700.000000000   0.21904
45800.000000000   0.28785
45900.000000000   0.18694
46000.000000000   0.25829
46100.000000000   0.29110
46200.000000000   0.29086
46300.000000000   0.28478
46400.000000000   0.17556
46500.000000000   0.17311
46600.000000000   0.21963
46700.000000000   0.25596
46800.000000000   0.26066
46900.000000000   0.21639
47000.000000000   0.21767
47100.000000000   0.20956
47200.000000000   0.20528
47300.000000000   0.24703
47400.000000000   0.15296
47500.000000000   0.25700
47600.000000000   0.18195
47700.000000000   0.15924
47800.000000000   0.22236
47900.000000000   0.18658
48000.000000000   0.21895
48100.000000000   0.28693
48200.000000000   0.30962
48300.000000000   0.24452
48400.000000000   0.22583
48500.000000000   0.29289
48600.000000000   0.24049
48700.000000000   0.24798
48800.000000000   0.27547
48900.000000000   0.24672
49000.000000000   0.30233
49100.000000000   0.26554
49200.000000000   0.24871
49300.000000000   0.33768
49400.000000000   0.25882
49500.000000000   0.20430
49600.000000000   0.24559
49700.000000000   0.24237
49800.000000000   0.30311
49900.000000000   0.16984
50000.000000000   0.23106
50100.000000000   0.28560
50200.000000000   0.25140
50300.000000000   0.27846
50400.000000000   0.28081
50500.000000000   0.25209
50600.000000000   0.35238
50700.000000000   0.26708
50800.000000000   0.28513
50900.000000000   0.25189
51000.000000000   0.18551
51100.000000000   0.23719
51200.000000000   0.24453
51300.000000000   0.24015
51400.000000000   0.29104
51500.000000000   0.29386
51600.000000000   0.34002
51700.000000000   0.27351
51800.000000000   0.19164
51900.000000000   0.21411
52000.000000000   0.18559
52100.000000000   0.19784
52200.000000000   0.20586
52300.000000000   0.18897
52400.000000000   0.17297
52500.000000000   0.23665
52600.000000000   0.25157
52700.000000000   0.26964
52800.000000000   0.28299
52900.000000000   0.25787
53000.000000000   0.31481
53100.000000000   0.27300
53200.000000000   0.28407
53300.000000000   0.21170
53400.000000000   0.20208
53500.000000000   0.24153
53600.000000000   0.27742
53700.000000000   0.31835
53800.000000000   0.33337
53900.000000000   0.20789
54000.000000000   0.23764
54100.000000000   0.19911
54200.000000000   0.18574
54300.000000000   0.17231
54400.000000000   0.15573
54500.000000000   0.27348
54600.000000000   0.21902
54700.000000000   0.26500
54800.000000000   0.27121
54900.000000000   0.27690
55000.000000000   0.26523
55100.000000000   0.28055
55200.000000000   0.26129
55300.000000000   0.19321
55400.000000000   0.17737
55500.000000000   0.27528
55600.000000000   0.26022
55700.000000000   0.25381
55800.000000000   0.27590
55900.000000000   0.25655
56000.000000000   0.22316
56100.000000000   0.21046
56200.000000000   0.21790
56300.000000000   0.27134
56400.000000000   0.24740
56500.000000000   0.29464
56600.000000000   0.18517
56700.000000000   0.23910
56800.000000000   0.27972
56900.000000000   0.26779
57000.000000000   0.33356
57100.000000000   0.26379
57200.000000000   0.30804
57300.000000000   0.19913
57400.000000000   0.18901
57500.000000000   0.17998
57600.000000000   0.22646
57700.000000000   0.17662
57800.000000000   0.23497
57900.000000000   0.27767
58000.000000000   0.26578
58100.000000000   0.27678
58200.000000000   0.22162
58300.000000000   0.23768
58400.000000000   0.24941
58500.000000000   0.22329
58600.000000000   0.26361
58700.000000000   0.24025
58800.000000000   0.16934
58900.000000000   0.19494
59000.000000000   0.23470
59100.000000000   0.23217
59200.000000000   0.23614
59300.000000000   0.24013
59400.000000000   0.17269
59500.000000000   0.19631
59600.000000000   0.22305
59700.000000000   0.23750
59800.000000000   0.24361
59900.000000000   0.24397
60000.000000000   0.27099
60100.000000000   0.17404
60200.000000000   0.19097
60300.000000000   0.16028
60400.000000000   0.13513
60500.000000000   0.14741
60600.000000000   0.18536
60700.000000000   0.20073
60800.000000000   0.17128
60900.000000000   0.17821
