# @atomsrmsd atoms are taken for fit.
    0.000000000   0.53156
  100.000000000   0.39787
  200.000000000   0.36109
  300.000000000   0.44328
  400.000000000   0.36345
  500.000000000   0.40706
  600.000000000   0.44250
  700.000000000   0.41114
  800.000000000   0.38471
  900.000000000   0.39630
 1000.000000000   0.38295
 1100.000000000   0.35868
 1200.000000000   0.36514
 1300.000000000   0.35025
 1400.000000000   0.37625
 1500.000000000   0.36955
 1600.000000000   0.37041
 1700.000000000   0.40230
 1800.000000000   0.44540
 1900.000000000   0.48916
 2000.000000000   0.56801
 2100.000000000   0.42750
 2200.000000000   0.44036
 2300.000000000   0.47597
 2400.000000000   0.41399
 2500.000000000   0.38313
 2600.000000000   0.44335
 2700.000000000   0.46052
 2800.000000000   0.42735
 2900.000000000   0.43833
 3000.000000000   0.45675
 3100.000000000   0.37246
 3200.000000000   0.39819
 3300.000000000   0.35486
 3400.000000000   0.44568
 3500.000000000   0.41000
 3600.000000000   0.38207
 3700.000000000   0.50608
 3800.000000000   0.44261
 3900.000000000   0.36112
 4000.000000000   0.40563
 4100.000000000   0.36401
 4200.000000000   0.37560
 4300.000000000   0.42956
 4400.000000000   0.45353
 4500.000000000   0.41626
 4600.000000000   0.37372
 4700.000000000   0.38161
 4800.000000000   0.42084
 4900.000000000   0.35999
 5000.000000000   0.35420
 5100.000000000   0.39420
 5200.000000000   0.34481
 5300.000000000   0.38721
 5400.000000000   0.42051
 5500.000000000   0.40422
 5600.000000000   0.43221
 5700.000000000   0.47605
 5800.000000000   0.40494
 5900.000000000   0.39244
 6000.000000000   0.51061
 6100.000000000   0.56280
 6200.000000000   0.62328
 6300.000000000   0.53419
 6400.000000000   0.41037
 6500.000000000   0.43219
 6600.000000000   0.32343
 6700.000000000   0.41689
 6800.000000000   0.46794
 6900.000000000   0.45315
 7000.000000000   0.48375
 7100.000000000   0.36964
 7200.000000000   0.39813
 7300.000000000   0.42981
 7400.000000000   0.47521
 7500.000000000   0.47757
 7600.000000000   0.37307
 7700.000000000   0.41547
 7800.000000000   0.43731
 7900.000000000   0.36794
 8000.000000000   0.39513
 8100.000000000   0.37870
 8200.000000000   0.37525
 8300.000000000   0.40898
 8400.000000000   0.38027
 8500.000000000   0.41715
 8600.000000000   0.37530
 8700.000000000   0.35000
 8800.000000000   0.44959
 8900.000000000   0.41041
 9000.000000000   0.39652
 9100.000000000   0.28681
 9200.000000000   0.33477
 9300.000000000   0.48261
 9400.000000000   0.40993
 9500.000000000   0.46478
 9600.000000000   0.40035
 9700.000000000   0.43080
 9800.000000000   0.45840
 9900.000000000   0.37340
10000.000000000   0.36162
10100.000000000   0.43478
10200.000000000   0.42118
10300.000000000   0.45114
10400.000000000   0.40285
10500.000000000   0.38931
10600.000000000   0.43529
10700.000000000   0.37146
10800.000000000   0.34915
10900.000000000   0.37396
11000.000000000   0.38494
11100.000000000   0.41033
11200.000000000   0.44160
11300.000000000   0.42781
11400.000000000   0.43779
11500.000000000   0.47475
11600.000000000   0.48309
11700.000000000   0.48156
11800.000000000   0.41178
11900.000000000   0.40086
12000.000000000   0.42406
12100.000000000   0.44720
12200.000000000   0.43109
12300.000000000   0.48588
12400.000000000   0.40927
12500.000000000   0.41118
12600.000000000   0.50815
12700.000000000   0.49319
12800.000000000   0.45741
12900.000000000   0.44907
13000.000000000   0.37296
13100.000000000   0.43795
13200.000000000   0.40318
13300.000000000   0.40673
13400.000000000   0.31264
13500.000000000   0.31368
13600.000000000   0.36790
13700.000000000   0.35123
13800.000000000   0.37375
13900.000000000   0.43348
14000.000000000   0.40604
14100.000000000   0.37654
14200.000000000   0.42839
14300.000000000   0.46198
14400.000000000   0.37664
14500.000000000   0.43879
14600.000000000   0.46758
14700.000000000   0.46683
14800.000000000   0.43713
14900.000000000   0.47734
15000.000000000   0.45382
15100.000000000   0.34302
15200.000000000   0.33443
15300.000000000   0.48031
15400.000000000   0.41817
15500.000000000   0.46621
15600.000000000   0.43437
15700.000000000   0.36216
15800.000000000   0.35805
15900.000000000   0.40670
16000.000000000   0.46039
16100.000000000   0.43944
16200.000000000   0.45508
16300.000000000   0.41508
16400.000000000   0.44709
16500.000000000   0.40781
16600.000000000   0.43594
16700.000000000   0.38225
16800.000000000   0.35743
16900.000000000   0.38202
17000.000000000   0.37762
17100.000000000   0.43365
17200.000000000   0.34936
17300.000000000   0.29814
17400.000000000   0.29902
17500.000000000   0.34887
17600.000000000   0.41524
17700.000000000   0.42601
17800.000000000   0.43874
17900.000000000   0.38266
18000.000000000   0.37750
18100.000000000   0.41844
18200.000000000   0.44759
18300.000000000   0.45139
18400.000000000   0.50839
18500.000000000   0.45335
18600.000000000   0.41762
18700.000000000   0.41273
18800.000000000   0.37718
18900.000000000   0.45101
19000.000000000   0.49069
19100.000000000   0.47279
19200.000000000   0.45831
19300.000000000   0.44981
19400.000000000   0.40429
19500.000000000   0.40443
19600.000000000   0.37103
19700.000000000   0.39117
19800.000000000   0.39199
19900.000000000   0.41438
20000.000000000   0.34646
20100.000000000   0.31052
20200.000000000   0.35515
20300.000000000   0.48044
20400.000000000   0.31524
20500.000000000   0.42645
20600.000000000   0.46263
20700.000000000   0.40919
20800.000000000   0.42077
20900.000000000   0.45976
21000.000000000   0.42487
21100.000000000   0.44318
21200.000000000   0.39929
21300.000000000   0.45568
21400.000000000   0.37860
21500.000000000   0.46097
21600.000000000   0.40864
21700.000000000   0.28375
21800.000000000   0.37649
21900.000000000   0.39346
22000.000000000   0.42604
22100.000000000   0.36193
22200.000000000   0.38859
22300.000000000   0.39871
22400.000000000   0.36448
22500.000000000   0.36375
22600.000000000   0.39400
22700.000000000   0.41142
22800.000000000   0.44660
22900.000000000   0.41677
23000.000000000   0.43519
23100.000000000   0.46052
23200.000000000   0.37538
23300.000000000   0.39452
23400.000000000   0.35069
23500.000000000   0.38515
23600.000000000   0.34416
23700.000000000   0.46576
23800.000000000   0.39150
23900.000000000   0.44951
24000.000000000   0.40912
24100.000000000   0.42151
24200.000000000   0.49152
24300.000000000   0.40776
24400.000000000   0.42153
24500.000000000   0.40090
24600.000000000   0.36992
24700.000000000   0.36456
24800.000000000   0.40804
24900.000000000   0.41550
25000.000000000   0.43731
25100.000000000   0.37228
25200.000000000   0.32729
25300.000000000   0.37203
25400.000000000   0.43071
25500.000000000   0.38383
25600.000000000   0.40080
25700.000000000   0.37086
25800.000000000   0.40455
25900.000000000   0.45509
26000.000000000   0.37410
26100.000000000   0.35389
26200.000000000   0.38283
26300.000000000   0.43052
26400.000000000   0.42755
26500.000000000   0.44003
26600.000000000   0.48279
26700.000000000   0.48923
26800.000000000   0.42062
26900.000000000   0.41611
27000.000000000   0.42364
27100.000000000   0.36454
27200.000000000   0.40285
27300.000000000   0.40875
27400.000000000   0.54141
27500.000000000   0.46544
27600.000000000   0.35464
27700.000000000   0.37316
27800.000000000   0.41956
27900.000000000   0.44159
28000.000000000   0.52466
28100.000000000   0.44988
28200.000000000   0.40867
28300.000000000   0.33188
28400.000000000   0.35659
28500.000000000   0.36959
28600.000000000   0.41322
28700.000000000   0.39765
28800.000000000   0.43790
28900.000000000   0.38916
29000.000000000   0.31039
29100.000000000   0.37487
29200.000000000   0.27596
29300.000000000   0.41593
29400.000000000   0.40786
29500.000000000   0.48602
29600.000000000   0.39223
29700.000000000   0.38477
29800.000000000   0.33375
29900.000000000   0.40517
30000.000000000   0.40066
30100.000000000   0.39832
30200.000000000   0.41914
30300.000000000   0.39559
30400.000000000   0.38365
30500.000000000   0.45833
30600.000000000   0.40114
30700.000000000   0.39506
30800.000000000   0.40034
30900.000000000   0.43769
31000.000000000   0.41585
31100.000000000   0.45910
31200.000000000   0.39365
31300.000000000   0.33881
31400.000000000   0.46302
31500.000000000   0.37637
31600.000000000   0.39300
31700.000000000   0.43280
31800.000000000   0.44769
31900.000000000   0.44300
32000.000000000   0.41688
32100.000000000   0.35393
32200.000000000   0.36418
32300.000000000   0.45629
32400.000000000   0.38841
32500.000000000   0.38087
32600.000000000   0.41130
32700.000000000   0.36056
32800.000000000   0.30207
32900.000000000   0.33578
33000.000000000   0.30470
33100.000000000   0.36154
33200.000000000   0.41045
33300.000000000   0.42692
33400.000000000   0.47247
33500.000000000   0.39919
33600.000000000   0.44669
33700.000000000   0.49646
33800.000000000   0.43289
33900.000000000   0.36873
34000.000000000   0.35651
34100.000000000   0.39597
34200.000000000   0.40905
34300.000000000   0.45524
34400.000000000   0.40116
34500.000000000   0.46661
34600.000000000   0.42140
34700.000000000   0.41564
34800.000000000   0.47229
34900.000000000   0.39568
35000.000000000   0.48677
35100.000000000   0.34857
35200.000000000   0.42425
35300.000000000   0.41707
35400.000000000   0.42732
35500.000000000   0.40770
35600.000000000   0.37940
35700.000000000   0.42709
35800.000000000   0.41318
35900.000000000   0.45554
36000.000000000   0.47835
36100.000000000   0.41313
36200.000000000   0.49712
36300.000000000   0.37885
36400.000000000   0.35737
36500.000000000   0.38714
36600.000000000   0.40609
36700.000000000   0.41489
36800.000000000   0.40905
36900.000000000   0.39057
37000.000000000   0.37429
37100.000000000   0.42506
37200.000000000   0.38144
37300.000000000   0.35669
37400.000000000   0.30644
37500.000000000   0.30817
37600.000000000   0.38673
37700.000000000   0.38549
37800.000000000   0.43112
37900.000000000   0.38379
38000.000000000   0.35784
38100.000000000   0.35371
38200.000000000   0.41983
38300.000000000   0.39797
38400.000000000   0.35360
38500.000000000   0.45772
38600.000000000   0.39843
38700.000000000   0.47702
38800.000000000   0.41892
38900.000000000   0.43886
39000.000000000   0.44833
39100.000000000   0.49179
39200.000000000   0.41594
39300.000000000   0.36737
39400.000000000   0.34942
39500.000000000   0.33360
39600.000000000   0.38546
39700.000000000   0.40980
39800.000000000   0.39858
39900.000000000   0.42418
40000.000000000   0.43718
40100.000000000   0.49628
40200.000000000   0.39528
40300.000000000   0.43989
40400.000000000   0.45232
40500.000000000   0.40502
40600.000000000   0.40722
40700.000000000   0.35972
40800.000000000   0.34347
40900.000000000   0.37749
41000.000000000   0.35357
41100.000000000   0.32736
41200.000000000   0.32531
41300.000000000   0.34249
41400.000000000   0.31628
41500.000000000   0.36279
41600.000000000   0.40478
41700.000000000   0.34013
41800.000000000   0.39559
41900.000000000   0.41799
42000.000000000   0.38124
42100.000000000   0.32859
42200.000000000   0.35923
42300.000000000   0.34492
42400.000000000   0.39719
42500.000000000   0.32555
42600.000000000   0.37113
42700.000000000   0.33322
42800.000000000   0.30186
42900.000000000   0.28709
43000.000000000   0.30747
43100.000000000   0.30943
43200.000000000   0.35875
43300.000000000   0.40258
43400.000000000   0.42028
43500.000000000   0.33849
43600.000000000   0.32175
43700.000000000   0.33976
43800.000000000   0.42077
43900.000000000   0.43947
44000.000000000   0.47295
44100.000000000   0.47202
44200.000000000   0.40476
44300.000000000   0.42689
44400.000000000   0.41178
44500.000000000   0.35060
44600.000000000   0.39907
44700.000000000   0.44315
44800.000000000   0.36775
44900.000000000   0.33669
45000.000000000   0.40270
45100.000000000   0.36577
45200.000000000   0.37292
45300.000000000   0.43486
45400.000000000   0.49410
45500.000000000   0.39617
45600.000000000   0.34855
45700.000000000   0.41060
45800.000000000   0.46746
45900.000000000   0.45011
46000.000000000   0.44681
46100.000000000   0.37539
46200.000000000   0.34172
46300.000000000   0.39973
46400.000000000   0.44888
46500.000000000   0.42915
46600.000000000   0.40329
46700.000000000   0.43291
46800.000000000   0.41590
46900.000000000   0.45314
47000.000000000   0.43670
47100.000000000   0.43012
47200.000000000   0.37148
47300.000000000   0.42658
47400.000000000   0.42258
47500.000000000   0.35293
47600.000000000   0.37591
47700.000000000   0.38766
47800.000000000   0.37327
47900.000000000   0.39164
48000.000000000   0.35317
48100.000000000   0.35613
48200.000000000   0.37992
48300.000000000   0.29456
48400.000000000   0.41624
48500.000000000   0.46430
48600.000000000   0.33637
48700.000000000   0.33273
48800.000000000   0.37382
48900.000000000   0.44952
49000.000000000   0.40953
49100.000000000   0.45649
49200.000000000   0.39040
49300.000000000   0.34555
49400.000000000   0.33196
49500.000000000   0.35139
49600.000000000   0.41139
49700.000000000   0.36852
49800.000000000   0.47273
49900.000000000   0.45247
50000.000000000   0.34815
50100.000000000   0.41630
50200.000000000   0.35226
50300.000000000   0.40917
50400.000000000   0.31839
50500.000000000   0.44794
50600.000000000   0.46734
50700.000000000   0.41825
50800.000000000   0.43977
50900.000000000   0.46827
51000.000000000   0.49686
51100.000000000   0.39787
51200.000000000   0.40446
51300.000000000   0.37906
51400.000000000   0.41737
51500.000000000   0.43826
51600.000000000   0.57626
51700.000000000   0.39809
51800.000000000   0.33049
51900.000000000   0.44834
52000.000000000   0.40767
52100.000000000   0.35254
52200.000000000   0.44073
52300.000000000   0.48767
52400.000000000   0.39562
52500.000000000   0.36524
52600.000000000   0.33699
52700.000000000   0.34377
52800.000000000   0.37969
52900.000000000   0.41176
53000.000000000   0.39208
53100.000000000   0.43355
53200.000000000   0.42993
53300.000000000   0.49032
53400.000000000   0.46725
53500.000000000   0.44372
53600.000000000   0.41092
53700.000000000   0.42290
53800.000000000   0.49992
53900.000000000   0.43473
54000.000000000   0.45360
54100.000000000   0.44922
54200.000000000   0.51719
54300.000000000   0.45878
54400.000000000   0.39613
54500.000000000   0.44735
54600.000000000   0.41854
54700.000000000   0.40337
54800.000000000   0.38272
54900.000000000   0.46403
55000.000000000   0.38455
55100.000000000   0.50716
55200.000000000   0.43304
55300.000000000   0.47912
55400.000000000   0.42271
55500.000000000   0.47965
55600.000000000   0.43797
55700.000000000   0.44916
55800.000000000   0.41339
55900.000000000   0.34928
56000.000000000   0.40372
56100.000000000   0.37607
56200.000000000   0.43874
56300.000000000   0.46865
56400.000000000   0.49557
56500.000000000   0.45319
56600.000000000   0.47532
56700.000000000   0.39786
56800.000000000   0.42251
56900.000000000   0.39482
57000.000000000   0.36437
57100.000000000   0.35533
57200.000000000   0.34859
57300.000000000   0.47202
57400.000000000   0.47713
57500.000000000   0.44965
57600.000000000   0.31193
57700.000000000   0.48854
57800.000000000   0.52104
57900.000000000   0.35366
58000.000000000   0.32917
58100.000000000   0.40462
58200.000000000   0.41044
58300.000000000   0.39855
58400.000000000   0.38436
58500.000000000   0.36019
58600.000000000   0.37333
58700.000000000   0.40147
58800.000000000   0.42399
58900.000000000   0.43325
59000.000000000   0.47311
59100.000000000   0.31028
59200.000000000   0.42228
59300.000000000   0.36508
59400.000000000   0.36108
59500.000000000   0.43234
59600.000000000   0.42717
59700.000000000   0.43951
59800.000000000   0.47315
59900.000000000   0.50256
60000.000000000   0.46957
60100.000000000   0.46943
60200.000000000   0.43627
60300.000000000   0.37094
60400.000000000   0.38510
60500.000000000   0.44322
60600.000000000   0.47813
60700.000000000   0.32725
60800.000000000   0.39444
60900.000000000   0.36662
61000.000000000   0.46218
61100.000000000   0.38021
61200.000000000   0.42622
61300.000000000   0.44731
61400.000000000   0.38967
61500.000000000   0.35207
61600.000000000   0.42222
61700.000000000   0.49145
61800.000000000   0.44697
61900.000000000   0.37921
62000.000000000   0.51701
62100.000000000   0.50844
62200.000000000   0.43649
62300.000000000   0.41617
62400.000000000   0.34105
62500.000000000   0.37476
62600.000000000   0.41800
62700.000000000   0.42690
62800.000000000   0.35375
62900.000000000   0.33444
63000.000000000   0.33200
63100.000000000   0.34221
63200.000000000   0.37374
63300.000000000   0.39193
63400.000000000   0.34925
63500.000000000   0.47365
63600.000000000   0.44795
63700.000000000   0.34118
63800.000000000   0.38066
63900.000000000   0.41619
64000.000000000   0.33487
64100.000000000   0.41755
64200.000000000   0.44198
64300.000000000   0.43973
64400.000000000   0.38878
64500.000000000   0.40249
64600.000000000   0.38059
64700.000000000   0.38712
64800.000000000   0.42374
64900.000000000   0.42554
65000.000000000   0.41590
65100.000000000   0.39784
65200.000000000   0.51285
65300.000000000   0.33191
65400.000000000   0.34013
65500.000000000   0.29369
65600.000000000   0.36048
65700.000000000   0.45825
65800.000000000   0.40732
65900.000000000   0.47499
66000.000000000   0.38387
66100.000000000   0.31040
66200.000000000   0.36349
66300.000000000   0.36749
66400.000000000   0.35663
66500.000000000   0.42743
66600.000000000   0.38647
66700.000000000   0.43485
66800.000000000   0.38799
66900.000000000   0.38220
67000.000000000   0.44742
67100.000000000   0.43859
67200.000000000   0.49583
67300.000000000   0.38382
67400.000000000   0.44310
67500.000000000   0.47413
67600.000000000   0.43016
67700.000000000   0.38771
67800.000000000   0.42116
67900.000000000   0.32244
68000.000000000   0.32087
68100.000000000   0.37206
68200.000000000   0.35074
68300.000000000   0.33087
68400.000000000   0.43027
68500.000000000   0.41217
68600.000000000   0.51276
68700.000000000   0.46504
68800.000000000   0.49331
68900.000000000   0.40058
69000.000000000   0.41854
69100.000000000   0.38989
69200.000000000   0.43114
69300.000000000   0.42382
69400.000000000   0.39447
69500.000000000   0.40179
69600.000000000   0.35671
69700.000000000   0.42154
69800.000000000   0.35811
69900.000000000   0.38441
70000.000000000   0.42684
70100.000000000   0.43553
70200.000000000   0.47841
70300.000000000   0.46475
70400.000000000   0.46373
70500.000000000   0.53062
70600.000000000   0.36916
70700.000000000   0.35380
70800.000000000   0.42618
70900.000000000   0.47309
71000.000000000   0.40557
71100.000000000   0.44301
71200.000000000   0.31474
71300.000000000   0.38918
71400.000000000   0.36665
71500.000000000   0.35302
71600.000000000   0.40357
71700.000000000   0.47830
71800.000000000   0.48028
71900.000000000   0.37158
