# @atomsrmsd atoms are taken for fit.
    0.000000000   0.13402
  100.000000000   0.18811
  200.000000000   0.19613
  300.000000000   0.14412
  400.000000000   0.19496
  500.000000000   0.24387
  600.000000000   0.20578
  700.000000000   0.23339
  800.000000000   0.25378
  900.000000000   0.21164
 1000.000000000   0.20498
 1100.000000000   0.22494
 1200.000000000   0.25425
 1300.000000000   0.27023
 1400.000000000   0.25076
 1500.000000000   0.22284
 1600.000000000   0.21424
 1700.000000000   0.22537
 1800.000000000   0.22890
 1900.000000000   0.11684
 2000.000000000   0.16478
 2100.000000000   0.14666
 2200.000000000   0.18899
 2300.000000000   0.15226
 2400.000000000   0.17403
 2500.000000000   0.25021
 2600.000000000   0.16500
 2700.000000000   0.20444
 2800.000000000   0.23377
 2900.000000000   0.16482
 3000.000000000   0.21819
 3100.000000000   0.20754
 3200.000000000   0.18382
 3300.000000000   0.21985
 3400.000000000   0.19125
 3500.000000000   0.20030
 3600.000000000   0.19446
 3700.000000000   0.16503
 3800.000000000   0.15027
 3900.000000000   0.21971
 4000.000000000   0.20062
 4100.000000000   0.29011
 4200.000000000   0.26068
 4300.000000000   0.21545
 4400.000000000   0.16664
 4500.000000000   0.21035
 4600.000000000   0.25221
 4700.000000000   0.21242
 4800.000000000   0.30672
 4900.000000000   0.23248
 5000.000000000   0.23434
 5100.000000000   0.21651
 5200.000000000   0.30040
 5300.000000000   0.26099
 5400.000000000   0.20950
 5500.000000000   0.22736
 5600.000000000   0.24220
 5700.000000000   0.25133
 5800.000000000   0.21410
 5900.000000000   0.22848
 6000.000000000   0.29235
 6100.000000000   0.24660
 6200.000000000   0.31701
 6300.000000000   0.31140
 6400.000000000   0.21797
 6500.000000000   0.26047
 6600.000000000   0.31406
 6700.000000000   0.23572
 6800.000000000   0.17513
 6900.000000000   0.17109
 7000.000000000   0.11439
 7100.000000000   0.26738
 7200.000000000   0.21054
 7300.000000000   0.24241
 7400.000000000   0.12171
 7500.000000000   0.14995
 7600.000000000   0.22192
 7700.000000000   0.32251
 7800.000000000   0.16625
 7900.000000000   0.21574
 8000.000000000   0.19734
 8100.000000000   0.22068
 8200.000000000   0.23920
 8300.000000000   0.26294
 8400.000000000   0.22194
 8500.000000000   0.21487
 8600.000000000   0.27923
 8700.000000000   0.26530
 8800.000000000   0.25816
 8900.000000000   0.25479
 9000.000000000   0.20091
 9100.000000000   0.29745
 9200.000000000   0.30220
 9300.000000000   0.18819
 9400.000000000   0.21710
 9500.000000000   0.16420
 9600.000000000   0.21166
 9700.000000000   0.21077
 9800.000000000   0.16115
 9900.000000000   0.22568
10000.000000000   0.23702
10100.000000000   0.15869
10200.000000000   0.16080
10300.000000000   0.21618
10400.000000000   0.25695
10500.000000000   0.27579
10600.000000000   0.18387
10700.000000000   0.19585
10800.000000000   0.25971
10900.000000000   0.22167
11000.000000000   0.26989
11100.000000000   0.25416
11200.000000000   0.19009
11300.000000000   0.21427
11400.000000000   0.25511
11500.000000000   0.17749
11600.000000000   0.11968
11700.000000000   0.23019
11800.000000000   0.21610
11900.000000000   0.16318
12000.000000000   0.19252
12100.000000000   0.19644
12200.000000000   0.17485
12300.000000000   0.20062
12400.000000000   0.20325
12500.000000000   0.23625
12600.000000000   0.16483
12700.000000000   0.18552
12800.000000000   0.14078
12900.000000000   0.15971
13000.000000000   0.21023
13100.000000000   0.23562
13200.000000000   0.21014
13300.000000000   0.24542
13400.000000000   0.34629
13500.000000000   0.28174
13600.000000000   0.23043
13700.000000000   0.26440
13800.000000000   0.24463
13900.000000000   0.23378
14000.000000000   0.19327
14100.000000000   0.25906
14200.000000000   0.20850
14300.000000000   0.15683
14400.000000000   0.23418
14500.000000000   0.21470
14600.000000000   0.17599
14700.000000000   0.22703
14800.000000000   0.21366
14900.000000000   0.24486
15000.000000000   0.22893
15100.000000000   0.32227
15200.000000000   0.31409
15300.000000000   0.17933
15400.000000000   0.23121
15500.000000000   0.21578
15600.000000000   0.22605
15700.000000000   0.22967
15800.000000000   0.23385
15900.000000000   0.28596
16000.000000000   0.14670
16100.000000000   0.19319
16200.000000000   0.19909
16300.000000000   0.23416
16400.000000000   0.36866
16500.000000000   0.32458
16600.000000000   0.30092
16700.000000000   0.27262
16800.000000000   0.23011
16900.000000000   0.39074
17000.000000000   0.32913
17100.000000000   0.17814
17200.000000000   0.27018
17300.000000000   0.31054
17400.000000000   0.26126
17500.000000000   0.20922
17600.000000000   0.20157
17700.000000000   0.19143
17800.000000000   0.26615
17900.000000000   0.35100
18000.000000000   0.25031
18100.000000000   0.24593
18200.000000000   0.22611
18300.000000000   0.15948
18400.000000000   0.17251
18500.000000000   0.14445
18600.000000000   0.22116
18700.000000000   0.25614
18800.000000000   0.23909
18900.000000000   0.22296
19000.000000000   0.17798
19100.000000000   0.25948
19200.000000000   0.19502
19300.000000000   0.20894
19400.000000000   0.19924
19500.000000000   0.23781
19600.000000000   0.26300
19700.000000000   0.25154
19800.000000000   0.20854
19900.000000000   0.17192
20000.000000000   0.31807
20100.000000000   0.37846
20200.000000000   0.20825
20300.000000000   0.15379
20400.000000000   0.30893
20500.000000000   0.20344
20600.000000000   0.18049
20700.000000000   0.17991
20800.000000000   0.22928
20900.000000000   0.21628
21000.000000000   0.17968
21100.000000000   0.17349
21200.000000000   0.22525
21300.000000000   0.12507
21400.000000000   0.23920
21500.000000000   0.17209
21600.000000000   0.16481
21700.000000000   0.29804
21800.000000000   0.29381
21900.000000000   0.21387
22000.000000000   0.24574
22100.000000000   0.29063
22200.000000000   0.32483
22300.000000000   0.19581
22400.000000000   0.22952
22500.000000000   0.21333
22600.000000000   0.32243
22700.000000000   0.29539
22800.000000000   0.22373
22900.000000000   0.25046
23000.000000000   0.20806
23100.000000000   0.28677
23200.000000000   0.24001
23300.000000000   0.21916
23400.000000000   0.23033
23500.000000000   0.22748
23600.000000000   0.24271
23700.000000000   0.14447
23800.000000000   0.25887
23900.000000000   0.21587
24000.000000000   0.20319
24100.000000000   0.21738
24200.000000000   0.18308
24300.000000000   0.18898
24400.000000000   0.22331
24500.000000000   0.24957
24600.000000000   0.22104
24700.000000000   0.23286
24800.000000000   0.19344
24900.000000000   0.18411
25000.000000000   0.25453
25100.000000000   0.28164
25200.000000000   0.29078
25300.000000000   0.33493
25400.000000000   0.30320
25500.000000000   0.25803
25600.000000000   0.27368
25700.000000000   0.22998
25800.000000000   0.19960
25900.000000000   0.22558
26000.000000000   0.22753
26100.000000000   0.22406
26200.000000000   0.23225
26300.000000000   0.21647
26400.000000000   0.19243
26500.000000000   0.22480
26600.000000000   0.21664
26700.000000000   0.21144
26800.000000000   0.31947
26900.000000000   0.20620
27000.000000000   0.18895
27100.000000000   0.19853
27200.000000000   0.20884
27300.000000000   0.17319
27400.000000000   0.19781
27500.000000000   0.17638
27600.000000000   0.25068
27700.000000000   0.23589
27800.000000000   0.22884
27900.000000000   0.25131
28000.000000000   0.25077
28100.000000000   0.22044
28200.000000000   0.22055
28300.000000000   0.25495
28400.000000000   0.26136
28500.000000000   0.25506
28600.000000000   0.23919
28700.000000000   0.24573
28800.000000000   0.27636
28900.000000000   0.32644
29000.000000000   0.26591
29100.000000000   0.28968
29200.000000000   0.31485
29300.000000000   0.21450
29400.000000000   0.18123
29500.000000000   0.24790
29600.000000000   0.30794
29700.000000000   0.35038
29800.000000000   0.28019
29900.000000000   0.34268
30000.000000000   0.19091
30100.000000000   0.20835
30200.000000000   0.20496
30300.000000000   0.22484
30400.000000000   0.18753
30500.000000000   0.19681
30600.000000000   0.17517
30700.000000000   0.19660
30800.000000000   0.18717
30900.000000000   0.22432
31000.000000000   0.19075
31100.000000000   0.16179
31200.000000000   0.25458
31300.000000000   0.27323
31400.000000000   0.22327
31500.000000000   0.26708
31600.000000000   0.26011
31700.000000000   0.19687
31800.000000000   0.14545
31900.000000000   0.19627
32000.000000000   0.18622
32100.000000000   0.26578
32200.000000000   0.26536
32300.000000000   0.28072
32400.000000000   0.27829
32500.000000000   0.28625
32600.000000000   0.26728
32700.000000000   0.24654
32800.000000000   0.29535
32900.000000000   0.27475
33000.000000000   0.27040
33100.000000000   0.20991
33200.000000000   0.22152
33300.000000000   0.23038
33400.000000000   0.20000
33500.000000000   0.21207
33600.000000000   0.24638
33700.000000000   0.21632
33800.000000000   0.18504
33900.000000000   0.22451
34000.000000000   0.30836
34100.000000000   0.22225
34200.000000000   0.19725
34300.000000000   0.24617
34400.000000000   0.22661
34500.000000000   0.21786
34600.000000000   0.24277
34700.000000000   0.20607
34800.000000000   0.15892
34900.000000000   0.26957
35000.000000000   0.20420
35100.000000000   0.31963
35200.000000000   0.21339
35300.000000000   0.29953
35400.000000000   0.26500
35500.000000000   0.31146
35600.000000000   0.23266
35700.000000000   0.31498
35800.000000000   0.24472
35900.000000000   0.18370
36000.000000000   0.19849
36100.000000000   0.20897
36200.000000000   0.18047
36300.000000000   0.24274
36400.000000000   0.28484
36500.000000000   0.22010
36600.000000000   0.22069
36700.000000000   0.18288
36800.000000000   0.19747
36900.000000000   0.20950
37000.000000000   0.25716
37100.000000000   0.22774
37200.000000000   0.21915
37300.000000000   0.28392
37400.000000000   0.29631
37500.000000000   0.28206
37600.000000000   0.24359
37700.000000000   0.22548
37800.000000000   0.16613
37900.000000000   0.24081
38000.000000000   0.23634
38100.000000000   0.20819
38200.000000000   0.17451
38300.000000000   0.21295
38400.000000000   0.22891
38500.000000000   0.16528
38600.000000000   0.21920
38700.000000000   0.14034
38800.000000000   0.19653
38900.000000000   0.24502
39000.000000000   0.19826
39100.000000000   0.19222
39200.000000000   0.21740
39300.000000000   0.22312
39400.000000000   0.28709
39500.000000000   0.23345
39600.000000000   0.23087
39700.000000000   0.20534
39800.000000000   0.24310
39900.000000000   0.20970
40000.000000000   0.15257
40100.000000000   0.23597
40200.000000000   0.24019
40300.000000000   0.17366
40400.000000000   0.19042
40500.000000000   0.24139
40600.000000000   0.16810
40700.000000000   0.23285
40800.000000000   0.26777
40900.000000000   0.24373
41000.000000000   0.25926
41100.000000000   0.29275
41200.000000000   0.25612
41300.000000000   0.28536
41400.000000000   0.38430
41500.000000000   0.32210
41600.000000000   0.22867
41700.000000000   0.27729
41800.000000000   0.21151
41900.000000000   0.18776
42000.000000000   0.22592
42100.000000000   0.26084
42200.000000000   0.21913
42300.000000000   0.23754
42400.000000000   0.18599
42500.000000000   0.26072
42600.000000000   0.27536
42700.000000000   0.33049
42800.000000000   0.33189
42900.000000000   0.34574
43000.000000000   0.29308
43100.000000000   0.28840
43200.000000000   0.22431
43300.000000000   0.21333
43400.000000000   0.13707
43500.000000000   0.21976
43600.000000000   0.24835
43700.000000000   0.23804
43800.000000000   0.21800
43900.000000000   0.16214
44000.000000000   0.18394
44100.000000000   0.20575
44200.000000000   0.16730
44300.000000000   0.18259
44400.000000000   0.18279
44500.000000000   0.23949
44600.000000000   0.26153
44700.000000000   0.21101
44800.000000000   0.24364
44900.000000000   0.24028
45000.000000000   0.23006
45100.000000000   0.21352
45200.000000000   0.27318
45300.000000000   0.22793
45400.000000000   0.18022
45500.000000000   0.20304
45600.000000000   0.24145
45700.000000000   0.21409
45800.000000000   0.24378
45900.000000000   0.22227
46000.000000000   0.19645
46100.000000000   0.27113
46200.000000000   0.30787
46300.000000000   0.27888
46400.000000000   0.25187
46500.000000000   0.28547
46600.000000000   0.26231
46700.000000000   0.28733
46800.000000000   0.28159
46900.000000000   0.17446
47000.000000000   0.20886
47100.000000000   0.24157
47200.000000000   0.26534
47300.000000000   0.19544
47400.000000000   0.21850
47500.000000000   0.23267
47600.000000000   0.18590
47700.000000000   0.20804
47800.000000000   0.23641
47900.000000000   0.24708
48000.000000000   0.24716
48100.000000000   0.23751
48200.000000000   0.19295
48300.000000000   0.28333
48400.000000000   0.16733
48500.000000000   0.15998
48600.000000000   0.24430
48700.000000000   0.24841
48800.000000000   0.20819
48900.000000000   0.25840
49000.000000000   0.22278
49100.000000000   0.20579
49200.000000000   0.17691
49300.000000000   0.22303
49400.000000000   0.27389
49500.000000000   0.19538
49600.000000000   0.18704
49700.000000000   0.20233
49800.000000000   0.14120
49900.000000000   0.22717
50000.000000000   0.24098
50100.000000000   0.20070
50200.000000000   0.24816
50300.000000000   0.29720
50400.000000000   0.30118
50500.000000000   0.20930
50600.000000000   0.19687
50700.000000000   0.24046
50800.000000000   0.25540
50900.000000000   0.17170
51000.000000000   0.27782
51100.000000000   0.28617
51200.000000000   0.25074
51300.000000000   0.24720
51400.000000000   0.23519
51500.000000000   0.19508
51600.000000000   0.21594
51700.000000000   0.18404
51800.000000000   0.26948
51900.000000000   0.21399
52000.000000000   0.20963
52100.000000000   0.24619
52200.000000000   0.24178
52300.000000000   0.18153
52400.000000000   0.21013
52500.000000000   0.29094
52600.000000000   0.29217
52700.000000000   0.22999
52800.000000000   0.30925
52900.000000000   0.23800
53000.000000000   0.22937
53100.000000000   0.21034
53200.000000000   0.22265
53300.000000000   0.20608
53400.000000000   0.16741
53500.000000000   0.14923
53600.000000000   0.21840
53700.000000000   0.19549
53800.000000000   0.15354
53900.000000000   0.21337
54000.000000000   0.17538
54100.000000000   0.16657
54200.000000000   0.15384
54300.000000000   0.17762
54400.000000000   0.19931
54500.000000000   0.21971
54600.000000000   0.22093
54700.000000000   0.23338
54800.000000000   0.22673
54900.000000000   0.24374
55000.000000000   0.23325
55100.000000000   0.15822
55200.000000000   0.14381
55300.000000000   0.11121
55400.000000000   0.20938
55500.000000000   0.14639
55600.000000000   0.19229
55700.000000000   0.22808
55800.000000000   0.25999
55900.000000000   0.23332
56000.000000000   0.28199
56100.000000000   0.28243
56200.000000000   0.19513
56300.000000000   0.23199
56400.000000000   0.30499
56500.000000000   0.24929
56600.000000000   0.25865
56700.000000000   0.16766
56800.000000000   0.20727
56900.000000000   0.21439
57000.000000000   0.21857
57100.000000000   0.26632
57200.000000000   0.22916
57300.000000000   0.14690
57400.000000000   0.17219
57500.000000000   0.16437
57600.000000000   0.25579
57700.000000000   0.18947
57800.000000000   0.24904
57900.000000000   0.24728
58000.000000000   0.27300
58100.000000000   0.22183
58200.000000000   0.23440
58300.000000000   0.20402
58400.000000000   0.22563
58500.000000000   0.20910
58600.000000000   0.19470
58700.000000000   0.18200
58800.000000000   0.18775
58900.000000000   0.15606
59000.000000000   0.20770
59100.000000000   0.25294
59200.000000000   0.17446
59300.000000000   0.21775
59400.000000000   0.23327
59500.000000000   0.13390
59600.000000000   0.23773
59700.000000000   0.16395
59800.000000000   0.17338
59900.000000000   0.17204
60000.000000000   0.15926
60100.000000000   0.20327
60200.000000000   0.22940
60300.000000000   0.27536
60400.000000000   0.26273
60500.000000000   0.23942
60600.000000000   0.20720
60700.000000000   0.26270
60800.000000000   0.23765
60900.000000000   0.20555
61000.000000000   0.14619
61100.000000000   0.26256
61200.000000000   0.18016
61300.000000000   0.14786
61400.000000000   0.18140
61500.000000000   0.29404
61600.000000000   0.22145
61700.000000000   0.18573
61800.000000000   0.18447
61900.000000000   0.22170
62000.000000000   0.21104
62100.000000000   0.15815
62200.000000000   0.22958
62300.000000000   0.22765
62400.000000000   0.26205
62500.000000000   0.26536
62600.000000000   0.24486
62700.000000000   0.27596
62800.000000000   0.22838
62900.000000000   0.26608
63000.000000000   0.29202
63100.000000000   0.24059
63200.000000000   0.19917
63300.000000000   0.19526
63400.000000000   0.23632
63500.000000000   0.16178
63600.000000000   0.20010
63700.000000000   0.26412
63800.000000000   0.22037
63900.000000000   0.21795
64000.000000000   0.25727
64100.000000000   0.19175
64200.000000000   0.28707
64300.000000000   0.29066
64400.000000000   0.28493
64500.000000000   0.28814
64600.000000000   0.28065
64700.000000000   0.22742
64800.000000000   0.23660
64900.000000000   0.20684
65000.000000000   0.19116
65100.000000000   0.21998
65200.000000000   0.20621
65300.000000000   0.25711
65400.000000000   0.24861
65500.000000000   0.36515
65600.000000000   0.24733
65700.000000000   0.20869
65800.000000000   0.19228
65900.000000000   0.23267
66000.000000000   0.23756
66100.000000000   0.33191
66200.000000000   0.22829
66300.000000000   0.25049
66400.000000000   0.26767
66500.000000000   0.26067
66600.000000000   0.22104
66700.000000000   0.16432
66800.000000000   0.21109
66900.000000000   0.21941
67000.000000000   0.19369
67100.000000000   0.22092
67200.000000000   0.15758
67300.000000000   0.22001
67400.000000000   0.18375
67500.000000000   0.18697
67600.000000000   0.21050
67700.000000000   0.28385
67800.000000000   0.19289
67900.000000000   0.28336
68000.000000000   0.27645
68100.000000000   0.29068
68200.000000000   0.33817
68300.000000000   0.29975
68400.000000000   0.18929
68500.000000000   0.17213
68600.000000000   0.23990
68700.000000000   0.16877
68800.000000000   0.15037
68900.000000000   0.26537
69000.000000000   0.22932
69100.000000000   0.25524
69200.000000000   0.28447
69300.000000000   0.22199
69400.000000000   0.23147
69500.000000000   0.19579
69600.000000000   0.25598
69700.000000000   0.22594
69800.000000000   0.25963
69900.000000000   0.22501
70000.000000000   0.28380
70100.000000000   0.19114
70200.000000000   0.12923
70300.000000000   0.15239
70400.000000000   0.13219
70500.000000000   0.17434
70600.000000000   0.20654
70700.000000000   0.25406
70800.000000000   0.15450
70900.000000000   0.15434
71000.000000000   0.18524
71100.000000000   0.31215
71200.000000000   0.37745
71300.000000000   0.23151
71400.000000000   0.20739
71500.000000000   0.25025
71600.000000000   0.16547
71700.000000000   0.18626
71800.000000000   0.17880
71900.000000000   0.25753
