# @atomsrmsd atoms are taken for fit.
    0.000000000   0.19124
  100.000000000   0.18791
  200.000000000   0.28947
  300.000000000   0.31118
  400.000000000   0.32231
  500.000000000   0.29822
  600.000000000   0.17271
  700.000000000   0.14587
  800.000000000   0.19828
  900.000000000   0.25711
 1000.000000000   0.23626
 1100.000000000   0.15206
 1200.000000000   0.24446
 1300.000000000   0.23389
 1400.000000000   0.23772
 1500.000000000   0.19030
 1600.000000000   0.17579
 1700.000000000   0.21845
 1800.000000000   0.21944
 1900.000000000   0.23349
 2000.000000000   0.29883
 2100.000000000   0.28581
 2200.000000000   0.34295
 2300.000000000   0.20236
 2400.000000000   0.27086
 2500.000000000   0.16842
 2600.000000000   0.21977
 2700.000000000   0.23067
 2800.000000000   0.19574
 2900.000000000   0.21375
 3000.000000000   0.20777
 3100.000000000   0.23698
 3200.000000000   0.18160
 3300.000000000   0.23719
 3400.000000000   0.29819
 3500.000000000   0.34230
 3600.000000000   0.24948
 3700.000000000   0.29688
 3800.000000000   0.24449
 3900.000000000   0.25470
 4000.000000000   0.25795
 4100.000000000   0.17725
 4200.000000000   0.25743
 4300.000000000   0.20443
 4400.000000000   0.16917
 4500.000000000   0.20125
 4600.000000000   0.21894
 4700.000000000   0.21313
 4800.000000000   0.20368
 4900.000000000   0.28057
 5000.000000000   0.21630
 5100.000000000   0.24322
 5200.000000000   0.24924
 5300.000000000   0.18924
 5400.000000000   0.23058
 5500.000000000   0.30616
 5600.000000000   0.32419
 5700.000000000   0.23881
 5800.000000000   0.18433
 5900.000000000   0.29895
 6000.000000000   0.23067
 6100.000000000   0.25345
 6200.000000000   0.20479
 6300.000000000   0.15760
 6400.000000000   0.21755
 6500.000000000   0.28742
 6600.000000000   0.31373
 6700.000000000   0.25550
 6800.000000000   0.24371
 6900.000000000   0.24643
 7000.000000000   0.25729
 7100.000000000   0.17115
 7200.000000000   0.17329
 7300.000000000   0.24497
 7400.000000000   0.29796
 7500.000000000   0.25753
 7600.000000000   0.17676
 7700.000000000   0.22929
 7800.000000000   0.21337
 7900.000000000   0.17694
 8000.000000000   0.18887
 8100.000000000   0.25572
 8200.000000000   0.21603
 8300.000000000   0.18352
 8400.000000000   0.26414
 8500.000000000   0.20714
 8600.000000000   0.25934
 8700.000000000   0.31007
 8800.000000000   0.22618
 8900.000000000   0.24670
 9000.000000000   0.19701
 9100.000000000   0.22290
 9200.000000000   0.25082
 9300.000000000   0.33201
 9400.000000000   0.30348
 9500.000000000   0.27676
 9600.000000000   0.16221
 9700.000000000   0.25006
 9800.000000000   0.21955
 9900.000000000   0.19475
10000.000000000   0.21597
10100.000000000   0.25154
10200.000000000   0.24977
10300.000000000   0.33128
10400.000000000   0.32872
10500.000000000   0.33243
10600.000000000   0.33506
10700.000000000   0.24818
10800.000000000   0.25464
10900.000000000   0.26484
11000.000000000   0.21545
11100.000000000   0.21830
11200.000000000   0.24901
11300.000000000   0.36979
11400.000000000   0.33643
11500.000000000   0.28575
11600.000000000   0.23337
11700.000000000   0.25567
11800.000000000   0.31746
11900.000000000   0.26525
12000.000000000   0.25957
12100.000000000   0.25702
12200.000000000   0.18397
12300.000000000   0.24839
12400.000000000   0.33185
12500.000000000   0.22476
12600.000000000   0.17896
12700.000000000   0.15226
12800.000000000   0.26612
12900.000000000   0.36778
13000.000000000   0.32700
13100.000000000   0.29387
13200.000000000   0.21216
13300.000000000   0.26780
13400.000000000   0.19623
13500.000000000   0.22334
13600.000000000   0.19009
13700.000000000   0.23459
13800.000000000   0.18864
13900.000000000   0.19729
14000.000000000   0.22354
14100.000000000   0.17692
14200.000000000   0.19130
14300.000000000   0.19952
14400.000000000   0.23868
14500.000000000   0.17819
14600.000000000   0.28294
14700.000000000   0.28089
14800.000000000   0.27714
14900.000000000   0.20592
15000.000000000   0.33396
15100.000000000   0.30057
15200.000000000   0.26209
15300.000000000   0.33444
15400.000000000   0.27509
15500.000000000   0.21823
15600.000000000   0.34282
15700.000000000   0.37088
15800.000000000   0.35972
15900.000000000   0.23544
16000.000000000   0.30559
16100.000000000   0.21751
16200.000000000   0.20658
16300.000000000   0.22515
16400.000000000   0.25824
16500.000000000   0.23982
16600.000000000   0.26787
16700.000000000   0.21048
16800.000000000   0.19598
16900.000000000   0.24663
17000.000000000   0.28846
17100.000000000   0.34409
17200.000000000   0.44654
17300.000000000   0.33024
17400.000000000   0.32799
17500.000000000   0.33517
17600.000000000   0.29186
17700.000000000   0.28964
17800.000000000   0.23059
17900.000000000   0.31862
18000.000000000   0.24952
18100.000000000   0.23249
18200.000000000   0.20320
18300.000000000   0.25394
18400.000000000   0.15419
18500.000000000   0.27022
18600.000000000   0.22795
18700.000000000   0.30602
18800.000000000   0.34431
18900.000000000   0.28559
19000.000000000   0.20800
19100.000000000   0.15715
19200.000000000   0.16297
19300.000000000   0.15034
19400.000000000   0.26855
19500.000000000   0.22628
19600.000000000   0.26288
19700.000000000   0.17095
19800.000000000   0.22654
19900.000000000   0.21966
20000.000000000   0.30481
20100.000000000   0.21660
20200.000000000   0.22595
20300.000000000   0.20428
20400.000000000   0.25696
20500.000000000   0.25931
20600.000000000   0.20445
20700.000000000   0.19613
20800.000000000   0.22220
20900.000000000   0.27174
21000.000000000   0.29826
21100.000000000   0.20603
21200.000000000   0.26145
21300.000000000   0.21712
21400.000000000   0.28181
21500.000000000   0.29912
21600.000000000   0.24509
21700.000000000   0.18205
21800.000000000   0.22942
21900.000000000   0.19189
22000.000000000   0.17420
22100.000000000   0.18917
22200.000000000   0.23684
22300.000000000   0.24384
22400.000000000   0.19516
22500.000000000   0.13745
22600.000000000   0.25788
22700.000000000   0.27150
22800.000000000   0.23842
22900.000000000   0.24470
23000.000000000   0.22108
23100.000000000   0.22365
23200.000000000   0.18817
23300.000000000   0.21512
23400.000000000   0.16436
23500.000000000   0.20712
23600.000000000   0.27027
23700.000000000   0.33965
23800.000000000   0.28795
23900.000000000   0.28006
24000.000000000   0.21062
24100.000000000   0.27998
24200.000000000   0.29494
24300.000000000   0.31565
24400.000000000   0.33526
24500.000000000   0.33275
24600.000000000   0.27817
24700.000000000   0.22719
24800.000000000   0.23205
24900.000000000   0.27226
25000.000000000   0.25789
25100.000000000   0.29795
25200.000000000   0.31564
25300.000000000   0.24679
25400.000000000   0.24613
25500.000000000   0.22906
25600.000000000   0.20939
25700.000000000   0.20054
25800.000000000   0.19098
25900.000000000   0.28090
26000.000000000   0.18837
26100.000000000   0.23942
26200.000000000   0.28004
26300.000000000   0.28622
26400.000000000   0.33819
26500.000000000   0.19962
26600.000000000   0.20341
26700.000000000   0.23059
26800.000000000   0.23907
26900.000000000   0.30192
27000.000000000   0.28525
27100.000000000   0.20971
27200.000000000   0.23919
27300.000000000   0.24604
27400.000000000   0.21218
27500.000000000   0.23502
27600.000000000   0.22862
27700.000000000   0.29572
27800.000000000   0.22930
27900.000000000   0.19831
28000.000000000   0.28383
28100.000000000   0.29591
28200.000000000   0.23217
28300.000000000   0.21748
28400.000000000   0.31404
28500.000000000   0.34634
28600.000000000   0.33332
28700.000000000   0.27877
28800.000000000   0.21879
28900.000000000   0.20504
29000.000000000   0.21590
29100.000000000   0.29686
29200.000000000   0.22332
29300.000000000   0.33217
29400.000000000   0.26524
29500.000000000   0.25887
29600.000000000   0.16849
29700.000000000   0.23588
29800.000000000   0.21586
29900.000000000   0.18485
30000.000000000   0.17900
30100.000000000   0.31343
30200.000000000   0.23149
30300.000000000   0.23202
30400.000000000   0.13741
30500.000000000   0.18081
30600.000000000   0.16822
30700.000000000   0.20636
30800.000000000   0.21838
30900.000000000   0.18661
31000.000000000   0.25172
31100.000000000   0.27808
31200.000000000   0.26371
31300.000000000   0.24829
31400.000000000   0.18912
31500.000000000   0.19525
31600.000000000   0.21704
31700.000000000   0.22044
31800.000000000   0.20505
31900.000000000   0.15603
32000.000000000   0.23083
32100.000000000   0.26407
32200.000000000   0.26652
32300.000000000   0.20765
32400.000000000   0.24798
32500.000000000   0.24693
32600.000000000   0.21976
32700.000000000   0.27187
32800.000000000   0.21527
32900.000000000   0.22983
33000.000000000   0.23360
33100.000000000   0.30816
33200.000000000   0.29335
33300.000000000   0.23638
33400.000000000   0.22471
33500.000000000   0.25391
33600.000000000   0.30017
33700.000000000   0.20203
33800.000000000   0.21501
33900.000000000   0.33692
34000.000000000   0.25942
34100.000000000   0.22919
34200.000000000   0.22947
34300.000000000   0.22115
34400.000000000   0.17122
34500.000000000   0.25379
34600.000000000   0.27038
34700.000000000   0.21073
34800.000000000   0.21625
34900.000000000   0.19727
35000.000000000   0.23939
35100.000000000   0.26407
35200.000000000   0.19701
35300.000000000   0.25695
35400.000000000   0.18946
35500.000000000   0.21185
35600.000000000   0.25905
35700.000000000   0.20120
35800.000000000   0.22272
35900.000000000   0.17342
36000.000000000   0.22918
36100.000000000   0.17619
36200.000000000   0.19537
36300.000000000   0.29932
36400.000000000   0.31584
36500.000000000   0.32678
36600.000000000   0.30817
36700.000000000   0.23104
36800.000000000   0.24541
36900.000000000   0.24969
37000.000000000   0.21101
37100.000000000   0.16601
37200.000000000   0.19016
37300.000000000   0.26994
37400.000000000   0.25624
37500.000000000   0.23514
37600.000000000   0.19299
37700.000000000   0.21977
37800.000000000   0.18006
37900.000000000   0.21344
38000.000000000   0.21624
38100.000000000   0.23234
38200.000000000   0.20592
38300.000000000   0.24896
38400.000000000   0.20624
38500.000000000   0.22767
38600.000000000   0.23689
38700.000000000   0.23750
38800.000000000   0.26905
38900.000000000   0.23669
39000.000000000   0.20394
39100.000000000   0.23166
39200.000000000   0.24808
39300.000000000   0.27533
39400.000000000   0.30721
39500.000000000   0.22351
39600.000000000   0.14243
39700.000000000   0.29327
39800.000000000   0.22261
39900.000000000   0.22499
40000.000000000   0.19628
40100.000000000   0.29231
40200.000000000   0.25903
40300.000000000   0.19345
40400.000000000   0.23904
40500.000000000   0.33820
40600.000000000   0.30132
40700.000000000   0.27571
40800.000000000   0.23405
40900.000000000   0.30229
41000.000000000   0.26188
41100.000000000   0.26942
41200.000000000   0.22460
41300.000000000   0.21305
41400.000000000   0.24989
41500.000000000   0.22774
41600.000000000   0.17920
41700.000000000   0.14179
41800.000000000   0.19929
41900.000000000   0.23080
42000.000000000   0.22655
42100.000000000   0.21161
42200.000000000   0.17691
42300.000000000   0.25237
42400.000000000   0.30791
42500.000000000   0.33750
42600.000000000   0.24058
42700.000000000   0.29473
42800.000000000   0.25479
42900.000000000   0.28105
43000.000000000   0.30265
43100.000000000   0.23457
43200.000000000   0.21641
43300.000000000   0.22681
43400.000000000   0.19508
43500.000000000   0.23385
43600.000000000   0.20903
43700.000000000   0.14384
43800.000000000   0.23702
43900.000000000   0.13873
44000.000000000   0.26133
44100.000000000   0.25963
44200.000000000   0.26388
44300.000000000   0.21415
44400.000000000   0.19475
44500.000000000   0.22023
44600.000000000   0.19744
44700.000000000   0.24230
44800.000000000   0.17319
44900.000000000   0.26239
45000.000000000   0.24797
45100.000000000   0.27421
45200.000000000   0.24476
45300.000000000   0.27503
45400.000000000   0.21819
45500.000000000   0.28357
45600.000000000   0.27006
45700.000000000   0.26404
45800.000000000   0.18293
45900.000000000   0.17406
46000.000000000   0.19535
46100.000000000   0.23179
46200.000000000   0.21057
46300.000000000   0.25632
46400.000000000   0.23151
46500.000000000   0.23435
46600.000000000   0.20094
46700.000000000   0.18249
46800.000000000   0.21974
46900.000000000   0.20689
47000.000000000   0.18103
47100.000000000   0.18332
47200.000000000   0.13524
47300.000000000   0.15092
47400.000000000   0.15561
47500.000000000   0.20470
47600.000000000   0.28233
47700.000000000   0.32816
47800.000000000   0.29844
47900.000000000   0.24712
48000.000000000   0.22298
48100.000000000   0.21584
48200.000000000   0.18853
48300.000000000   0.19705
48400.000000000   0.23215
48500.000000000   0.26512
48600.000000000   0.18673
48700.000000000   0.23702
48800.000000000   0.17831
48900.000000000   0.27458
49000.000000000   0.15264
49100.000000000   0.21783
49200.000000000   0.30602
49300.000000000   0.23569
49400.000000000   0.23832
49500.000000000   0.17923
49600.000000000   0.22392
49700.000000000   0.16299
49800.000000000   0.20173
49900.000000000   0.18232
50000.000000000   0.23072
50100.000000000   0.20583
50200.000000000   0.24722
50300.000000000   0.34483
50400.000000000   0.27952
50500.000000000   0.26925
50600.000000000   0.24681
50700.000000000   0.23516
50800.000000000   0.14543
50900.000000000   0.20352
51000.000000000   0.23657
51100.000000000   0.29164
51200.000000000   0.33318
51300.000000000   0.36274
51400.000000000   0.36628
51500.000000000   0.30518
51600.000000000   0.20425
51700.000000000   0.23256
51800.000000000   0.20610
51900.000000000   0.21829
52000.000000000   0.20361
52100.000000000   0.23302
52200.000000000   0.20450
52300.000000000   0.24698
52400.000000000   0.19372
52500.000000000   0.19154
52600.000000000   0.22214
52700.000000000   0.24262
52800.000000000   0.22632
52900.000000000   0.20018
53000.000000000   0.26237
53100.000000000   0.30937
53200.000000000   0.17538
53300.000000000   0.27733
53400.000000000   0.15024
53500.000000000   0.19921
53600.000000000   0.15883
53700.000000000   0.15087
53800.000000000   0.20387
53900.000000000   0.17630
54000.000000000   0.27496
54100.000000000   0.20261
54200.000000000   0.25449
54300.000000000   0.20542
54400.000000000   0.31540
54500.000000000   0.25125
54600.000000000   0.14607
54700.000000000   0.15344
54800.000000000   0.18918
54900.000000000   0.20992
55000.000000000   0.26986
55100.000000000   0.28982
55200.000000000   0.28360
55300.000000000   0.29351
55400.000000000   0.23365
55500.000000000   0.30619
55600.000000000   0.27922
55700.000000000   0.26572
55800.000000000   0.17692
55900.000000000   0.26508
56000.000000000   0.16046
56100.000000000   0.17669
56200.000000000   0.19446
56300.000000000   0.20131
56400.000000000   0.21456
56500.000000000   0.21322
56600.000000000   0.20782
56700.000000000   0.20949
56800.000000000   0.19870
56900.000000000   0.29303
57000.000000000   0.21426
57100.000000000   0.14224
57200.000000000   0.23633
57300.000000000   0.27851
57400.000000000   0.21306
57500.000000000   0.23599
57600.000000000   0.26587
57700.000000000   0.24235
57800.000000000   0.22690
57900.000000000   0.18424
