# @atomsrmsd atoms are taken for fit.
    0.000000000   0.45918
  100.000000000   0.43048
  200.000000000   0.41237
  300.000000000   0.35545
  400.000000000   0.34576
  500.000000000   0.32364
  600.000000000   0.47498
  700.000000000   0.55832
  800.000000000   0.48089
  900.000000000   0.37907
 1000.000000000   0.44401
 1100.000000000   0.50824
 1200.000000000   0.41543
 1300.000000000   0.39302
 1400.000000000   0.40716
 1500.000000000   0.45209
 1600.000000000   0.44148
 1700.000000000   0.40647
 1800.000000000   0.45047
 1900.000000000   0.41200
 2000.000000000   0.44430
 2100.000000000   0.37117
 2200.000000000   0.34111
 2300.000000000   0.47266
 2400.000000000   0.42085
 2500.000000000   0.45826
 2600.000000000   0.41585
 2700.000000000   0.40314
 2800.000000000   0.45734
 2900.000000000   0.53753
 3000.000000000   0.48871
 3100.000000000   0.39093
 3200.000000000   0.43797
 3300.000000000   0.44265
 3400.000000000   0.31977
 3500.000000000   0.35290
 3600.000000000   0.46608
 3700.000000000   0.43844
 3800.000000000   0.47572
 3900.000000000   0.37095
 4000.000000000   0.37775
 4100.000000000   0.44260
 4200.000000000   0.34806
 4300.000000000   0.44633
 4400.000000000   0.45381
 4500.000000000   0.49209
 4600.000000000   0.46952
 4700.000000000   0.49421
 4800.000000000   0.44507
 4900.000000000   0.36759
 5000.000000000   0.41761
 5100.000000000   0.44855
 5200.000000000   0.42560
 5300.000000000   0.43779
 5400.000000000   0.38705
 5500.000000000   0.34324
 5600.000000000   0.35135
 5700.000000000   0.37981
 5800.000000000   0.46394
 5900.000000000   0.34451
 6000.000000000   0.41905
 6100.000000000   0.49225
 6200.000000000   0.47247
 6300.000000000   0.48840
 6400.000000000   0.39525
 6500.000000000   0.40679
 6600.000000000   0.33387
 6700.000000000   0.36626
 6800.000000000   0.42428
 6900.000000000   0.39950
 7000.000000000   0.41265
 7100.000000000   0.50162
 7200.000000000   0.50922
 7300.000000000   0.40669
 7400.000000000   0.43674
 7500.000000000   0.47533
 7600.000000000   0.47546
 7700.000000000   0.47127
 7800.000000000   0.43957
 7900.000000000   0.44724
 8000.000000000   0.42836
 8100.000000000   0.45537
 8200.000000000   0.52496
 8300.000000000   0.45711
 8400.000000000   0.40959
 8500.000000000   0.47614
 8600.000000000   0.37085
 8700.000000000   0.36383
 8800.000000000   0.44069
 8900.000000000   0.37478
 9000.000000000   0.54579
 9100.000000000   0.47487
 9200.000000000   0.39374
 9300.000000000   0.40601
 9400.000000000   0.42718
 9500.000000000   0.37220
 9600.000000000   0.50804
 9700.000000000   0.53731
 9800.000000000   0.45716
 9900.000000000   0.42161
10000.000000000   0.39573
10100.000000000   0.44194
10200.000000000   0.44423
10300.000000000   0.40671
10400.000000000   0.35172
10500.000000000   0.45599
10600.000000000   0.39152
10700.000000000   0.40427
10800.000000000   0.38230
10900.000000000   0.35245
11000.000000000   0.43347
11100.000000000   0.45821
11200.000000000   0.41607
11300.000000000   0.33854
11400.000000000   0.39546
11500.000000000   0.39442
11600.000000000   0.39969
11700.000000000   0.40056
11800.000000000   0.39784
11900.000000000   0.37606
12000.000000000   0.41026
12100.000000000   0.42634
12200.000000000   0.51053
12300.000000000   0.42581
12400.000000000   0.33796
12500.000000000   0.41062
12600.000000000   0.51612
12700.000000000   0.49475
12800.000000000   0.42200
12900.000000000   0.32444
13000.000000000   0.33982
13100.000000000   0.35316
13200.000000000   0.40547
13300.000000000   0.38702
13400.000000000   0.43034
13500.000000000   0.42583
13600.000000000   0.44264
13700.000000000   0.46149
13800.000000000   0.47860
13900.000000000   0.51409
14000.000000000   0.52328
14100.000000000   0.47141
14200.000000000   0.43107
14300.000000000   0.42351
14400.000000000   0.42220
14500.000000000   0.47912
14600.000000000   0.44015
14700.000000000   0.35061
14800.000000000   0.36816
14900.000000000   0.43688
15000.000000000   0.41206
15100.000000000   0.45361
15200.000000000   0.40521
15300.000000000   0.48859
15400.000000000   0.42971
15500.000000000   0.45225
15600.000000000   0.39257
15700.000000000   0.34710
15800.000000000   0.34545
15900.000000000   0.44371
16000.000000000   0.36539
16100.000000000   0.51756
16200.000000000   0.47890
16300.000000000   0.53790
16400.000000000   0.40797
16500.000000000   0.40113
16600.000000000   0.34700
16700.000000000   0.41331
16800.000000000   0.44629
16900.000000000   0.41293
17000.000000000   0.32438
17100.000000000   0.33057
17200.000000000   0.29543
17300.000000000   0.40530
17400.000000000   0.41602
17500.000000000   0.38442
17600.000000000   0.37471
17700.000000000   0.37260
17800.000000000   0.37379
17900.000000000   0.32997
18000.000000000   0.39059
18100.000000000   0.45509
18200.000000000   0.43415
18300.000000000   0.38649
18400.000000000   0.51742
18500.000000000   0.44440
18600.000000000   0.41379
18700.000000000   0.38595
18800.000000000   0.32455
18900.000000000   0.41574
19000.000000000   0.45520
19100.000000000   0.50690
19200.000000000   0.50177
19300.000000000   0.51909
19400.000000000   0.37458
19500.000000000   0.40572
19600.000000000   0.40868
19700.000000000   0.50378
19800.000000000   0.46752
19900.000000000   0.43706
20000.000000000   0.36052
20100.000000000   0.40254
20200.000000000   0.45212
20300.000000000   0.47770
20400.000000000   0.44357
20500.000000000   0.42970
20600.000000000   0.44353
20700.000000000   0.47217
20800.000000000   0.47156
20900.000000000   0.39837
21000.000000000   0.36346
21100.000000000   0.46769
21200.000000000   0.38973
21300.000000000   0.43867
21400.000000000   0.45570
21500.000000000   0.38795
21600.000000000   0.42988
21700.000000000   0.50590
21800.000000000   0.40493
21900.000000000   0.46317
22000.000000000   0.44979
22100.000000000   0.48842
22200.000000000   0.46439
22300.000000000   0.44025
22400.000000000   0.43988
22500.000000000   0.51147
22600.000000000   0.39616
22700.000000000   0.36418
22800.000000000   0.42518
22900.000000000   0.40112
23000.000000000   0.43090
23100.000000000   0.44254
23200.000000000   0.44264
23300.000000000   0.39872
23400.000000000   0.49573
23500.000000000   0.46765
23600.000000000   0.41877
23700.000000000   0.29076
23800.000000000   0.35709
23900.000000000   0.43659
24000.000000000   0.43815
24100.000000000   0.39757
24200.000000000   0.32569
24300.000000000   0.31111
24400.000000000   0.30024
24500.000000000   0.30272
24600.000000000   0.35093
24700.000000000   0.45866
24800.000000000   0.43379
24900.000000000   0.42083
25000.000000000   0.49243
25100.000000000   0.40057
25200.000000000   0.43188
25300.000000000   0.49258
25400.000000000   0.41869
25500.000000000   0.40165
25600.000000000   0.46019
25700.000000000   0.53993
25800.000000000   0.44485
25900.000000000   0.36718
26000.000000000   0.44032
26100.000000000   0.39062
26200.000000000   0.36612
26300.000000000   0.40715
26400.000000000   0.35004
26500.000000000   0.44943
26600.000000000   0.45426
26700.000000000   0.41973
26800.000000000   0.41037
26900.000000000   0.36567
27000.000000000   0.35975
27100.000000000   0.44021
27200.000000000   0.41397
27300.000000000   0.44490
27400.000000000   0.44677
27500.000000000   0.40878
27600.000000000   0.42645
27700.000000000   0.34976
27800.000000000   0.45789
27900.000000000   0.45373
28000.000000000   0.46301
28100.000000000   0.49822
28200.000000000   0.42706
28300.000000000   0.45489
28400.000000000   0.34588
28500.000000000   0.41208
28600.000000000   0.33861
28700.000000000   0.38290
28800.000000000   0.42593
28900.000000000   0.40256
29000.000000000   0.39404
29100.000000000   0.30523
29200.000000000   0.39548
29300.000000000   0.30197
29400.000000000   0.34162
29500.000000000   0.37630
29600.000000000   0.51547
29700.000000000   0.37682
29800.000000000   0.42972
29900.000000000   0.44171
30000.000000000   0.46334
30100.000000000   0.32222
30200.000000000   0.44419
30300.000000000   0.42492
30400.000000000   0.49199
30500.000000000   0.42200
30600.000000000   0.49203
30700.000000000   0.43264
30800.000000000   0.41224
30900.000000000   0.52142
31000.000000000   0.52604
31100.000000000   0.40554
31200.000000000   0.38365
31300.000000000   0.39639
31400.000000000   0.43507
31500.000000000   0.49053
31600.000000000   0.47661
31700.000000000   0.39940
31800.000000000   0.48134
31900.000000000   0.46793
32000.000000000   0.41242
32100.000000000   0.34801
32200.000000000   0.40487
32300.000000000   0.41002
32400.000000000   0.36878
32500.000000000   0.38876
32600.000000000   0.42879
32700.000000000   0.35401
32800.000000000   0.42408
32900.000000000   0.45353
33000.000000000   0.46182
33100.000000000   0.39679
33200.000000000   0.42749
33300.000000000   0.40855
33400.000000000   0.49397
33500.000000000   0.41012
33600.000000000   0.37353
33700.000000000   0.43408
33800.000000000   0.50243
33900.000000000   0.35361
34000.000000000   0.35923
34100.000000000   0.40667
34200.000000000   0.43131
34300.000000000   0.46970
34400.000000000   0.46038
34500.000000000   0.39472
34600.000000000   0.41542
34700.000000000   0.45047
34800.000000000   0.41723
34900.000000000   0.48096
35000.000000000   0.41881
35100.000000000   0.46383
35200.000000000   0.39673
35300.000000000   0.37162
35400.000000000   0.46064
35500.000000000   0.43843
35600.000000000   0.39990
35700.000000000   0.46237
35800.000000000   0.43727
35900.000000000   0.47573
36000.000000000   0.43095
36100.000000000   0.45417
36200.000000000   0.49128
36300.000000000   0.40815
36400.000000000   0.35944
36500.000000000   0.32696
36600.000000000   0.41993
36700.000000000   0.43562
36800.000000000   0.40336
36900.000000000   0.52831
37000.000000000   0.45572
37100.000000000   0.53306
37200.000000000   0.47490
37300.000000000   0.43673
37400.000000000   0.45664
37500.000000000   0.45518
37600.000000000   0.44694
37700.000000000   0.45625
37800.000000000   0.50611
37900.000000000   0.45936
38000.000000000   0.49151
38100.000000000   0.49309
38200.000000000   0.48917
38300.000000000   0.48642
38400.000000000   0.44024
38500.000000000   0.41261
38600.000000000   0.41142
38700.000000000   0.43441
38800.000000000   0.41889
38900.000000000   0.41156
39000.000000000   0.43986
39100.000000000   0.39468
39200.000000000   0.35647
39300.000000000   0.34402
39400.000000000   0.36716
39500.000000000   0.42315
39600.000000000   0.47640
39700.000000000   0.34326
39800.000000000   0.41294
39900.000000000   0.39075
40000.000000000   0.42659
40100.000000000   0.40790
40200.000000000   0.40446
40300.000000000   0.49496
40400.000000000   0.43125
40500.000000000   0.39239
40600.000000000   0.37756
40700.000000000   0.43465
40800.000000000   0.46980
40900.000000000   0.43516
41000.000000000   0.41991
41100.000000000   0.37857
41200.000000000   0.42728
41300.000000000   0.40721
41400.000000000   0.39890
41500.000000000   0.39840
41600.000000000   0.46322
41700.000000000   0.51866
41800.000000000   0.45035
41900.000000000   0.39873
42000.000000000   0.46258
42100.000000000   0.39597
42200.000000000   0.47612
42300.000000000   0.48732
42400.000000000   0.46003
42500.000000000   0.39650
42600.000000000   0.44309
42700.000000000   0.42849
42800.000000000   0.40919
42900.000000000   0.38355
43000.000000000   0.37005
43100.000000000   0.39593
43200.000000000   0.44072
43300.000000000   0.42293
43400.000000000   0.46425
43500.000000000   0.52539
43600.000000000   0.48603
43700.000000000   0.53163
43800.000000000   0.45375
43900.000000000   0.48791
44000.000000000   0.40683
44100.000000000   0.37928
44200.000000000   0.38683
44300.000000000   0.44802
44400.000000000   0.47083
44500.000000000   0.50145
44600.000000000   0.44803
44700.000000000   0.40544
44800.000000000   0.44234
44900.000000000   0.41021
45000.000000000   0.40350
45100.000000000   0.33057
45200.000000000   0.38419
45300.000000000   0.34731
45400.000000000   0.43413
45500.000000000   0.38120
45600.000000000   0.40400
45700.000000000   0.36284
45800.000000000   0.48895
45900.000000000   0.43388
46000.000000000   0.49086
46100.000000000   0.43701
46200.000000000   0.47901
46300.000000000   0.38194
46400.000000000   0.44801
46500.000000000   0.50910
46600.000000000   0.47233
46700.000000000   0.47866
46800.000000000   0.42182
46900.000000000   0.48378
47000.000000000   0.48834
47100.000000000   0.45935
47200.000000000   0.49920
47300.000000000   0.51622
47400.000000000   0.50871
47500.000000000   0.49757
47600.000000000   0.42122
47700.000000000   0.36059
47800.000000000   0.36838
47900.000000000   0.41459
48000.000000000   0.42885
48100.000000000   0.42541
48200.000000000   0.42537
48300.000000000   0.42733
48400.000000000   0.39677
48500.000000000   0.38739
48600.000000000   0.49723
48700.000000000   0.44320
48800.000000000   0.52485
48900.000000000   0.37854
49000.000000000   0.48244
49100.000000000   0.42779
49200.000000000   0.39182
49300.000000000   0.45765
49400.000000000   0.50592
49500.000000000   0.55307
49600.000000000   0.46625
49700.000000000   0.47966
49800.000000000   0.47460
49900.000000000   0.49725
50000.000000000   0.44516
50100.000000000   0.46928
50200.000000000   0.45845
50300.000000000   0.45548
50400.000000000   0.46658
50500.000000000   0.43493
50600.000000000   0.47946
50700.000000000   0.43242
50800.000000000   0.53000
50900.000000000   0.45727
51000.000000000   0.45683
51100.000000000   0.39137
51200.000000000   0.38627
51300.000000000   0.34350
51400.000000000   0.38578
51500.000000000   0.48653
51600.000000000   0.43808
51700.000000000   0.41968
51800.000000000   0.49617
51900.000000000   0.42109
52000.000000000   0.45181
52100.000000000   0.40409
52200.000000000   0.41623
52300.000000000   0.45238
52400.000000000   0.43837
52500.000000000   0.44072
52600.000000000   0.45137
52700.000000000   0.56850
52800.000000000   0.45359
52900.000000000   0.43733
53000.000000000   0.34414
53100.000000000   0.38149
53200.000000000   0.47122
53300.000000000   0.38069
53400.000000000   0.51896
53500.000000000   0.49340
53600.000000000   0.46949
53700.000000000   0.47447
53800.000000000   0.43536
53900.000000000   0.48913
54000.000000000   0.36682
54100.000000000   0.49156
54200.000000000   0.40118
54300.000000000   0.42525
54400.000000000   0.34180
54500.000000000   0.38321
54600.000000000   0.58169
54700.000000000   0.46142
54800.000000000   0.47287
54900.000000000   0.45842
55000.000000000   0.46668
55100.000000000   0.45494
55200.000000000   0.62253
55300.000000000   0.59267
55400.000000000   0.41962
55500.000000000   0.41425
55600.000000000   0.40067
55700.000000000   0.37484
55800.000000000   0.52089
55900.000000000   0.44756
56000.000000000   0.48835
56100.000000000   0.54485
56200.000000000   0.45695
56300.000000000   0.43009
56400.000000000   0.44382
56500.000000000   0.46287
56600.000000000   0.43818
56700.000000000   0.42971
56800.000000000   0.43376
56900.000000000   0.40194
57000.000000000   0.42417
57100.000000000   0.51160
57200.000000000   0.45645
57300.000000000   0.37336
57400.000000000   0.45648
57500.000000000   0.41155
57600.000000000   0.40419
57700.000000000   0.41061
57800.000000000   0.41342
57900.000000000   0.51160
