# @atomsrmsd atoms are taken for fit.
    0.000000000   0.42508
  100.000000000   0.38090
  200.000000000   0.39141
  300.000000000   0.38124
  400.000000000   0.41036
  500.000000000   0.40273
  600.000000000   0.35890
  700.000000000   0.36500
  800.000000000   0.37175
  900.000000000   0.29991
 1000.000000000   0.39818
 1100.000000000   0.39572
 1200.000000000   0.37350
 1300.000000000   0.40514
 1400.000000000   0.40986
 1500.000000000   0.44388
 1600.000000000   0.36698
 1700.000000000   0.35841
 1800.000000000   0.45485
 1900.000000000   0.43894
 2000.000000000   0.41767
 2100.000000000   0.40882
 2200.000000000   0.46434
 2300.000000000   0.43080
 2400.000000000   0.32586
 2500.000000000   0.30387
 2600.000000000   0.32085
 2700.000000000   0.44515
 2800.000000000   0.36903
 2900.000000000   0.40751
 3000.000000000   0.43784
 3100.000000000   0.31841
 3200.000000000   0.35640
 3300.000000000   0.41628
 3400.000000000   0.38866
 3500.000000000   0.46446
 3600.000000000   0.42034
 3700.000000000   0.44279
 3800.000000000   0.37246
 3900.000000000   0.35452
 4000.000000000   0.34949
 4100.000000000   0.43140
 4200.000000000   0.42894
 4300.000000000   0.33489
 4400.000000000   0.39812
 4500.000000000   0.39504
 4600.000000000   0.42619
 4700.000000000   0.35292
 4800.000000000   0.40861
 4900.000000000   0.39044
 5000.000000000   0.48792
 5100.000000000   0.41527
 5200.000000000   0.38046
 5300.000000000   0.39977
 5400.000000000   0.41082
 5500.000000000   0.42273
 5600.000000000   0.45408
 5700.000000000   0.42509
 5800.000000000   0.39237
 5900.000000000   0.40392
 6000.000000000   0.42532
 6100.000000000   0.43670
 6200.000000000   0.54250
 6300.000000000   0.40842
 6400.000000000   0.40422
 6500.000000000   0.38082
 6600.000000000   0.37676
 6700.000000000   0.38939
 6800.000000000   0.35700
 6900.000000000   0.34603
 7000.000000000   0.39419
 7100.000000000   0.34621
 7200.000000000   0.35169
 7300.000000000   0.33991
 7400.000000000   0.32277
 7500.000000000   0.33819
 7600.000000000   0.33394
 7700.000000000   0.34105
 7800.000000000   0.31030
 7900.000000000   0.38476
 8000.000000000   0.42815
 8100.000000000   0.31353
 8200.000000000   0.33679
 8300.000000000   0.36722
 8400.000000000   0.39498
 8500.000000000   0.36950
 8600.000000000   0.32600
 8700.000000000   0.38027
 8800.000000000   0.42686
 8900.000000000   0.42554
 9000.000000000   0.49402
 9100.000000000   0.44213
 9200.000000000   0.33726
 9300.000000000   0.38325
 9400.000000000   0.34420
 9500.000000000   0.49741
 9600.000000000   0.43125
 9700.000000000   0.38419
 9800.000000000   0.36386
 9900.000000000   0.39738
10000.000000000   0.41228
10100.000000000   0.48751
10200.000000000   0.37142
10300.000000000   0.39172
10400.000000000   0.39516
10500.000000000   0.46563
10600.000000000   0.43261
10700.000000000   0.47888
10800.000000000   0.41807
10900.000000000   0.28666
11000.000000000   0.38065
11100.000000000   0.34765
11200.000000000   0.30892
11300.000000000   0.46524
11400.000000000   0.50557
11500.000000000   0.42657
11600.000000000   0.38966
11700.000000000   0.37521
11800.000000000   0.32797
11900.000000000   0.41269
12000.000000000   0.38573
12100.000000000   0.43521
12200.000000000   0.38893
12300.000000000   0.46040
12400.000000000   0.44551
12500.000000000   0.48556
12600.000000000   0.41142
12700.000000000   0.42109
12800.000000000   0.48582
12900.000000000   0.43216
13000.000000000   0.38248
13100.000000000   0.33478
13200.000000000   0.40026
13300.000000000   0.36990
13400.000000000   0.37581
13500.000000000   0.41216
13600.000000000   0.45339
13700.000000000   0.34567
13800.000000000   0.39114
13900.000000000   0.38891
14000.000000000   0.31668
14100.000000000   0.35340
14200.000000000   0.38001
14300.000000000   0.47366
14400.000000000   0.45594
14500.000000000   0.47181
14600.000000000   0.43109
14700.000000000   0.51660
14800.000000000   0.45542
14900.000000000   0.42396
15000.000000000   0.37792
15100.000000000   0.41809
15200.000000000   0.47316
15300.000000000   0.43271
15400.000000000   0.40803
15500.000000000   0.41024
15600.000000000   0.44994
15700.000000000   0.39341
15800.000000000   0.39119
15900.000000000   0.45767
16000.000000000   0.42594
16100.000000000   0.46736
16200.000000000   0.35361
16300.000000000   0.36051
16400.000000000   0.42036
16500.000000000   0.37292
16600.000000000   0.39243
16700.000000000   0.42282
16800.000000000   0.39500
16900.000000000   0.41887
17000.000000000   0.43563
17100.000000000   0.39325
17200.000000000   0.42853
17300.000000000   0.41918
17400.000000000   0.39086
17500.000000000   0.41965
17600.000000000   0.40066
17700.000000000   0.43835
17800.000000000   0.41810
17900.000000000   0.45181
18000.000000000   0.40311
18100.000000000   0.37402
18200.000000000   0.40695
18300.000000000   0.37667
18400.000000000   0.42092
18500.000000000   0.36696
18600.000000000   0.37607
18700.000000000   0.36683
18800.000000000   0.39280
18900.000000000   0.42041
19000.000000000   0.38501
19100.000000000   0.41809
19200.000000000   0.41625
19300.000000000   0.48473
19400.000000000   0.41499
19500.000000000   0.41942
19600.000000000   0.36086
19700.000000000   0.41934
19800.000000000   0.38782
19900.000000000   0.41872
20000.000000000   0.35599
20100.000000000   0.33904
20200.000000000   0.39032
20300.000000000   0.40985
20400.000000000   0.32029
20500.000000000   0.27299
20600.000000000   0.39865
20700.000000000   0.41835
20800.000000000   0.44476
20900.000000000   0.48396
21000.000000000   0.41020
21100.000000000   0.33998
21200.000000000   0.37404
21300.000000000   0.39434
21400.000000000   0.42674
21500.000000000   0.40392
21600.000000000   0.38461
21700.000000000   0.45951
21800.000000000   0.37578
21900.000000000   0.38795
22000.000000000   0.34020
22100.000000000   0.41283
22200.000000000   0.35295
22300.000000000   0.46421
22400.000000000   0.41093
22500.000000000   0.38826
22600.000000000   0.39345
22700.000000000   0.44389
22800.000000000   0.40870
22900.000000000   0.36944
23000.000000000   0.41675
23100.000000000   0.40085
23200.000000000   0.40691
23300.000000000   0.41901
23400.000000000   0.44395
23500.000000000   0.43429
23600.000000000   0.37603
23700.000000000   0.37798
23800.000000000   0.38193
23900.000000000   0.35869
24000.000000000   0.45717
24100.000000000   0.45148
24200.000000000   0.33548
24300.000000000   0.38663
24400.000000000   0.35094
24500.000000000   0.31706
24600.000000000   0.36650
24700.000000000   0.28235
24800.000000000   0.34709
24900.000000000   0.37088
25000.000000000   0.40458
25100.000000000   0.42645
25200.000000000   0.42032
25300.000000000   0.47352
25400.000000000   0.41780
25500.000000000   0.39360
25600.000000000   0.36297
25700.000000000   0.36634
25800.000000000   0.36510
25900.000000000   0.40167
26000.000000000   0.49567
26100.000000000   0.45570
26200.000000000   0.50906
26300.000000000   0.50619
26400.000000000   0.41509
26500.000000000   0.45045
26600.000000000   0.42880
26700.000000000   0.41305
26800.000000000   0.38842
26900.000000000   0.39621
27000.000000000   0.36917
27100.000000000   0.35072
27200.000000000   0.32106
27300.000000000   0.34358
27400.000000000   0.34624
27500.000000000   0.36191
27600.000000000   0.37313
27700.000000000   0.54778
27800.000000000   0.50497
27900.000000000   0.37493
28000.000000000   0.43876
28100.000000000   0.42208
28200.000000000   0.47285
28300.000000000   0.48707
28400.000000000   0.46767
28500.000000000   0.49180
28600.000000000   0.41946
28700.000000000   0.44390
28800.000000000   0.46459
28900.000000000   0.46112
29000.000000000   0.47782
29100.000000000   0.47406
29200.000000000   0.40425
29300.000000000   0.39112
29400.000000000   0.44899
29500.000000000   0.48654
29600.000000000   0.50930
29700.000000000   0.57877
29800.000000000   0.52332
29900.000000000   0.50241
30000.000000000   0.39937
30100.000000000   0.48261
30200.000000000   0.53635
30300.000000000   0.51412
30400.000000000   0.50099
30500.000000000   0.53262
30600.000000000   0.47665
30700.000000000   0.47668
30800.000000000   0.49220
30900.000000000   0.43877
31000.000000000   0.44149
31100.000000000   0.39438
31200.000000000   0.44618
31300.000000000   0.47230
31400.000000000   0.45795
31500.000000000   0.43656
31600.000000000   0.41364
31700.000000000   0.31805
31800.000000000   0.33283
31900.000000000   0.33452
32000.000000000   0.30485
32100.000000000   0.32169
32200.000000000   0.34786
32300.000000000   0.33313
32400.000000000   0.36246
32500.000000000   0.38835
32600.000000000   0.37308
32700.000000000   0.39323
32800.000000000   0.40740
32900.000000000   0.39726
33000.000000000   0.50940
33100.000000000   0.41412
33200.000000000   0.36660
33300.000000000   0.37245
33400.000000000   0.31020
33500.000000000   0.41595
33600.000000000   0.50267
33700.000000000   0.50282
33800.000000000   0.48252
33900.000000000   0.44926
34000.000000000   0.41185
34100.000000000   0.42642
34200.000000000   0.42642
34300.000000000   0.43711
34400.000000000   0.36388
34500.000000000   0.41299
34600.000000000   0.47553
34700.000000000   0.46385
34800.000000000   0.42884
34900.000000000   0.48277
35000.000000000   0.48530
35100.000000000   0.52206
35200.000000000   0.44788
35300.000000000   0.46924
35400.000000000   0.38946
35500.000000000   0.49328
35600.000000000   0.47488
35700.000000000   0.43399
35800.000000000   0.43091
35900.000000000   0.38093
36000.000000000   0.40206
36100.000000000   0.44618
36200.000000000   0.47633
36300.000000000   0.41912
36400.000000000   0.43429
36500.000000000   0.36670
36600.000000000   0.37357
36700.000000000   0.38734
36800.000000000   0.39964
36900.000000000   0.37574
37000.000000000   0.41345
37100.000000000   0.36912
37200.000000000   0.36132
37300.000000000   0.41011
37400.000000000   0.47719
37500.000000000   0.47214
37600.000000000   0.45205
37700.000000000   0.34945
37800.000000000   0.47186
37900.000000000   0.32049
38000.000000000   0.37132
38100.000000000   0.43297
38200.000000000   0.46621
38300.000000000   0.41499
38400.000000000   0.47624
38500.000000000   0.49464
38600.000000000   0.41368
38700.000000000   0.37997
38800.000000000   0.32974
38900.000000000   0.41860
39000.000000000   0.40021
39100.000000000   0.43798
39200.000000000   0.35934
39300.000000000   0.42793
39400.000000000   0.42966
39500.000000000   0.44443
39600.000000000   0.48395
39700.000000000   0.44152
39800.000000000   0.42005
39900.000000000   0.47494
40000.000000000   0.44062
40100.000000000   0.43009
40200.000000000   0.43190
40300.000000000   0.47405
40400.000000000   0.48851
40500.000000000   0.41870
40600.000000000   0.45875
40700.000000000   0.33530
40800.000000000   0.38292
40900.000000000   0.35920
41000.000000000   0.36053
41100.000000000   0.39328
41200.000000000   0.39093
41300.000000000   0.35440
41400.000000000   0.40556
41500.000000000   0.38157
41600.000000000   0.45404
41700.000000000   0.51961
41800.000000000   0.44978
41900.000000000   0.38376
42000.000000000   0.41063
42100.000000000   0.37620
42200.000000000   0.34568
42300.000000000   0.34737
42400.000000000   0.38827
42500.000000000   0.39484
42600.000000000   0.44816
42700.000000000   0.38737
42800.000000000   0.42305
42900.000000000   0.40941
43000.000000000   0.49698
43100.000000000   0.36618
43200.000000000   0.40809
43300.000000000   0.44970
43400.000000000   0.41363
43500.000000000   0.35743
43600.000000000   0.35941
43700.000000000   0.38558
43800.000000000   0.39857
43900.000000000   0.36140
44000.000000000   0.37785
44100.000000000   0.45870
44200.000000000   0.41253
44300.000000000   0.45632
44400.000000000   0.40402
44500.000000000   0.45795
44600.000000000   0.37757
44700.000000000   0.42904
44800.000000000   0.43977
44900.000000000   0.43953
45000.000000000   0.50434
45100.000000000   0.42849
45200.000000000   0.46565
45300.000000000   0.44344
45400.000000000   0.38345
45500.000000000   0.41104
45600.000000000   0.42888
45700.000000000   0.45750
45800.000000000   0.43102
45900.000000000   0.43874
46000.000000000   0.42379
46100.000000000   0.50984
46200.000000000   0.53430
46300.000000000   0.40005
46400.000000000   0.35818
46500.000000000   0.38869
46600.000000000   0.36602
46700.000000000   0.47831
46800.000000000   0.37611
46900.000000000   0.37941
47000.000000000   0.42243
47100.000000000   0.48174
47200.000000000   0.45170
47300.000000000   0.44577
47400.000000000   0.51439
47500.000000000   0.43917
47600.000000000   0.45878
47700.000000000   0.36641
47800.000000000   0.47802
47900.000000000   0.35935
48000.000000000   0.42600
48100.000000000   0.45092
48200.000000000   0.39868
48300.000000000   0.30453
48400.000000000   0.32753
48500.000000000   0.41914
48600.000000000   0.32179
48700.000000000   0.41772
48800.000000000   0.42425
48900.000000000   0.35346
49000.000000000   0.36972
49100.000000000   0.50755
49200.000000000   0.49662
49300.000000000   0.47348
49400.000000000   0.46240
49500.000000000   0.35763
49600.000000000   0.42144
49700.000000000   0.33189
49800.000000000   0.33164
49900.000000000   0.43182
50000.000000000   0.46629
50100.000000000   0.47894
50200.000000000   0.39071
50300.000000000   0.38661
50400.000000000   0.51042
50500.000000000   0.50864
50600.000000000   0.43518
50700.000000000   0.44665
50800.000000000   0.35978
50900.000000000   0.36004
51000.000000000   0.32856
51100.000000000   0.38697
51200.000000000   0.45575
51300.000000000   0.42645
51400.000000000   0.42029
51500.000000000   0.45654
51600.000000000   0.40104
51700.000000000   0.41769
51800.000000000   0.34647
51900.000000000   0.38699
52000.000000000   0.41290
52100.000000000   0.40804
52200.000000000   0.45304
52300.000000000   0.43016
52400.000000000   0.47626
52500.000000000   0.39269
52600.000000000   0.38937
52700.000000000   0.40817
52800.000000000   0.48366
52900.000000000   0.43373
53000.000000000   0.53762
53100.000000000   0.38592
53200.000000000   0.47260
53300.000000000   0.39551
53400.000000000   0.45328
53500.000000000   0.42145
53600.000000000   0.39929
53700.000000000   0.39507
53800.000000000   0.42171
53900.000000000   0.37141
54000.000000000   0.37922
54100.000000000   0.43960
54200.000000000   0.44104
54300.000000000   0.47710
54400.000000000   0.44206
54500.000000000   0.46868
54600.000000000   0.54264
54700.000000000   0.40629
54800.000000000   0.37879
54900.000000000   0.43289
55000.000000000   0.51754
55100.000000000   0.46163
55200.000000000   0.37896
55300.000000000   0.42451
55400.000000000   0.40059
55500.000000000   0.34461
55600.000000000   0.35005
55700.000000000   0.39926
55800.000000000   0.37198
55900.000000000   0.36328
56000.000000000   0.30149
56100.000000000   0.40959
56200.000000000   0.43373
56300.000000000   0.30687
56400.000000000   0.40820
56500.000000000   0.36101
56600.000000000   0.33674
56700.000000000   0.36722
56800.000000000   0.51910
56900.000000000   0.42146
57000.000000000   0.38635
57100.000000000   0.40398
57200.000000000   0.40309
57300.000000000   0.46709
57400.000000000   0.41937
57500.000000000   0.43038
57600.000000000   0.45496
57700.000000000   0.45056
57800.000000000   0.46059
57900.000000000   0.46552
58000.000000000   0.43257
58100.000000000   0.37403
58200.000000000   0.39408
58300.000000000   0.38850
58400.000000000   0.39472
58500.000000000   0.36085
58600.000000000   0.35759
58700.000000000   0.32874
58800.000000000   0.38424
58900.000000000   0.37737
59000.000000000   0.42060
59100.000000000   0.40557
59200.000000000   0.40072
59300.000000000   0.36538
59400.000000000   0.50227
59500.000000000   0.41025
59600.000000000   0.40702
59700.000000000   0.47088
59800.000000000   0.46268
59900.000000000   0.38986
60000.000000000   0.38029
60100.000000000   0.37886
60200.000000000   0.38416
60300.000000000   0.41354
60400.000000000   0.33300
60500.000000000   0.40263
60600.000000000   0.47822
60700.000000000   0.47270
60800.000000000   0.44692
60900.000000000   0.33264
61000.000000000   0.40005
61100.000000000   0.44378
61200.000000000   0.44824
61300.000000000   0.49364
61400.000000000   0.44833
61500.000000000   0.52051
61600.000000000   0.40614
61700.000000000   0.44338
61800.000000000   0.42428
61900.000000000   0.37279
62000.000000000   0.35487
62100.000000000   0.37633
62200.000000000   0.36527
62300.000000000   0.39665
62400.000000000   0.38678
62500.000000000   0.38696
62600.000000000   0.38899
62700.000000000   0.40006
62800.000000000   0.41923
62900.000000000   0.38589
63000.000000000   0.37970
63100.000000000   0.37659
63200.000000000   0.51900
63300.000000000   0.45687
63400.000000000   0.52516
63500.000000000   0.52290
63600.000000000   0.44076
63700.000000000   0.37366
63800.000000000   0.35515
63900.000000000   0.33300
64000.000000000   0.38785
64100.000000000   0.30509
64200.000000000   0.40861
64300.000000000   0.37720
64400.000000000   0.36899
64500.000000000   0.36590
64600.000000000   0.40980
64700.000000000   0.49671
64800.000000000   0.37995
64900.000000000   0.36769
65000.000000000   0.36436
65100.000000000   0.46603
65200.000000000   0.46102
65300.000000000   0.41039
65400.000000000   0.35649
65500.000000000   0.40488
65600.000000000   0.36155
65700.000000000   0.46631
65800.000000000   0.39131
65900.000000000   0.36768
66000.000000000   0.36236
66100.000000000   0.33496
66200.000000000   0.44791
66300.000000000   0.40818
66400.000000000   0.33191
66500.000000000   0.33633
66600.000000000   0.32778
66700.000000000   0.47093
66800.000000000   0.43016
66900.000000000   0.36652
67000.000000000   0.41486
67100.000000000   0.42443
67200.000000000   0.44838
67300.000000000   0.43809
67400.000000000   0.41498
67500.000000000   0.37009
67600.000000000   0.34123
67700.000000000   0.44736
67800.000000000   0.41012
67900.000000000   0.49091
68000.000000000   0.51093
68100.000000000   0.47584
68200.000000000   0.42049
68300.000000000   0.42070
68400.000000000   0.32811
68500.000000000   0.38080
68600.000000000   0.40389
68700.000000000   0.31711
68800.000000000   0.34370
68900.000000000   0.42858
69000.000000000   0.45168
69100.000000000   0.33922
69200.000000000   0.47823
69300.000000000   0.42156
69400.000000000   0.34798
69500.000000000   0.44036
69600.000000000   0.35595
69700.000000000   0.42019
69800.000000000   0.46271
69900.000000000   0.49516
70000.000000000   0.41772
70100.000000000   0.38502
70200.000000000   0.42779
70300.000000000   0.27747
70400.000000000   0.29794
70500.000000000   0.30868
70600.000000000   0.38911
70700.000000000   0.38365
70800.000000000   0.49960
70900.000000000   0.41669
71000.000000000   0.34071
71100.000000000   0.33919
71200.000000000   0.46452
71300.000000000   0.39144
71400.000000000   0.33342
71500.000000000   0.34332
71600.000000000   0.43857
71700.000000000   0.45253
71800.000000000   0.37452
71900.000000000   0.38812
72000.000000000   0.41810
72100.000000000   0.42790
72200.000000000   0.42979
72300.000000000   0.39685
72400.000000000   0.38462
72500.000000000   0.49578
72600.000000000   0.47892
72700.000000000   0.34471
72800.000000000   0.35358
72900.000000000   0.36142
73000.000000000   0.34277
73100.000000000   0.43974
73200.000000000   0.35733
73300.000000000   0.43369
73400.000000000   0.43375
73500.000000000   0.39600
73600.000000000   0.44844
73700.000000000   0.40897
73800.000000000   0.37281
73900.000000000   0.43819
74000.000000000   0.37266
74100.000000000   0.35429
74200.000000000   0.37940
74300.000000000   0.45872
74400.000000000   0.48904
74500.000000000   0.41337
74600.000000000   0.40703
74700.000000000   0.42509
74800.000000000   0.44033
74900.000000000   0.47955
75000.000000000   0.39530
75100.000000000   0.48910
75200.000000000   0.47538
75300.000000000   0.40633
75400.000000000   0.40884
75500.000000000   0.40658
75600.000000000   0.45313
75700.000000000   0.49130
75800.000000000   0.43343
75900.000000000   0.39435
76000.000000000   0.43173
76100.000000000   0.47546
76200.000000000   0.43148
76300.000000000   0.40745
76400.000000000   0.39734
76500.000000000   0.34335
76600.000000000   0.37919
76700.000000000   0.41806
76800.000000000   0.49076
76900.000000000   0.47424
77000.000000000   0.36987
77100.000000000   0.41334
77200.000000000   0.41626
77300.000000000   0.32692
77400.000000000   0.38805
77500.000000000   0.42195
77600.000000000   0.35377
77700.000000000   0.35994
77800.000000000   0.42491
77900.000000000   0.41427
78000.000000000   0.43698
78100.000000000   0.42854
78200.000000000   0.41133
78300.000000000   0.41888
78400.000000000   0.35600
78500.000000000   0.41077
78600.000000000   0.34261
78700.000000000   0.38351
78800.000000000   0.41294
78900.000000000   0.40449
79000.000000000   0.45068
79100.000000000   0.41828
79200.000000000   0.43281
79300.000000000   0.31551
79400.000000000   0.41850
79500.000000000   0.43666
79600.000000000   0.37035
79700.000000000   0.39258
79800.000000000   0.31298
79900.000000000   0.38591
80000.000000000   0.41589
80100.000000000   0.49915
80200.000000000   0.44717
80300.000000000   0.47330
80400.000000000   0.43329
80500.000000000   0.50436
80600.000000000   0.45137
80700.000000000   0.46172
80800.000000000   0.37128
80900.000000000   0.43735
81000.000000000   0.41895
81100.000000000   0.38961
81200.000000000   0.42870
81300.000000000   0.37043
81400.000000000   0.43019
81500.000000000   0.42571
81600.000000000   0.45692
81700.000000000   0.41307
81800.000000000   0.36970
81900.000000000   0.37263
82000.000000000   0.36947
82100.000000000   0.39336
82200.000000000   0.44625
82300.000000000   0.43341
82400.000000000   0.42927
82500.000000000   0.41020
82600.000000000   0.45871
82700.000000000   0.42534
82800.000000000   0.43336
82900.000000000   0.52406
83000.000000000   0.45072
83100.000000000   0.43895
83200.000000000   0.44778
83300.000000000   0.42089
83400.000000000   0.43849
83500.000000000   0.43291
83600.000000000   0.47150
83700.000000000   0.51028
83800.000000000   0.53178
83900.000000000   0.37510
84000.000000000   0.37049
84100.000000000   0.42915
84200.000000000   0.53864
84300.000000000   0.51127
84400.000000000   0.42235
84500.000000000   0.49964
84600.000000000   0.41872
84700.000000000   0.48784
84800.000000000   0.48213
84900.000000000   0.43444
85000.000000000   0.44297
85100.000000000   0.37836
85200.000000000   0.38494
85300.000000000   0.42470
85400.000000000   0.46682
85500.000000000   0.40988
85600.000000000   0.38747
85700.000000000   0.45898
85800.000000000   0.37976
85900.000000000   0.45280
86000.000000000   0.38540
86100.000000000   0.38179
86200.000000000   0.37149
86300.000000000   0.37349
86400.000000000   0.37298
86500.000000000   0.44984
86600.000000000   0.41824
86700.000000000   0.43309
86800.000000000   0.50721
86900.000000000   0.43053
87000.000000000   0.44900
87100.000000000   0.46447
87200.000000000   0.45043
87300.000000000   0.41558
87400.000000000   0.42502
87500.000000000   0.38594
87600.000000000   0.43188
87700.000000000   0.48830
87800.000000000   0.35167
87900.000000000   0.36856
88000.000000000   0.42584
88100.000000000   0.42635
88200.000000000   0.49460
88300.000000000   0.48247
88400.000000000   0.40552
88500.000000000   0.38745
88600.000000000   0.42825
88700.000000000   0.39447
88800.000000000   0.47813
88900.000000000   0.40493
89000.000000000   0.29743
89100.000000000   0.38084
89200.000000000   0.38987
89300.000000000   0.41848
89400.000000000   0.38245
89500.000000000   0.42434
89600.000000000   0.41085
89700.000000000   0.36857
89800.000000000   0.35803
89900.000000000   0.41049
90000.000000000   0.37787
90100.000000000   0.31138
90200.000000000   0.33116
90300.000000000   0.36595
90400.000000000   0.31539
90500.000000000   0.32315
90600.000000000   0.30248
90700.000000000   0.39353
90800.000000000   0.40671
90900.000000000   0.41685
91000.000000000   0.42373
91100.000000000   0.47110
91200.000000000   0.29234
91300.000000000   0.41326
91400.000000000   0.44950
91500.000000000   0.38771
91600.000000000   0.41740
91700.000000000   0.38143
91800.000000000   0.36601
91900.000000000   0.42354
92000.000000000   0.40600
92100.000000000   0.39355
92200.000000000   0.37017
92300.000000000   0.38249
92400.000000000   0.40049
92500.000000000   0.37331
92600.000000000   0.37417
92700.000000000   0.45733
92800.000000000   0.43160
92900.000000000   0.43639
93000.000000000   0.50583
93100.000000000   0.41351
93200.000000000   0.42795
93300.000000000   0.46648
93400.000000000   0.45945
93500.000000000   0.46014
93600.000000000   0.45212
93700.000000000   0.48698
93800.000000000   0.43842
93900.000000000   0.37371
94000.000000000   0.41893
94100.000000000   0.43850
94200.000000000   0.40423
94300.000000000   0.55454
94400.000000000   0.44654
94500.000000000   0.43758
94600.000000000   0.36472
94700.000000000   0.37760
94800.000000000   0.37926
94900.000000000   0.46063
95000.000000000   0.39905
95100.000000000   0.39939
95200.000000000   0.41024
95300.000000000   0.40844
95400.000000000   0.53522
95500.000000000   0.45568
95600.000000000   0.39790
95700.000000000   0.38037
95800.000000000   0.39464
95900.000000000   0.39990
96000.000000000   0.41010
96100.000000000   0.38191
96200.000000000   0.39517
96300.000000000   0.40967
96400.000000000   0.47457
96500.000000000   0.39453
96600.000000000   0.36030
96700.000000000   0.37927
96800.000000000   0.37229
96900.000000000   0.41853
