# @atomsrmsd atoms are taken for fit.
    0.000000000   0.15170
  100.000000000   0.21264
  200.000000000   0.26068
  300.000000000   0.28527
  400.000000000   0.23985
  500.000000000   0.26427
  600.000000000   0.29626
  700.000000000   0.28051
  800.000000000   0.36193
  900.000000000   0.37321
 1000.000000000   0.33718
 1100.000000000   0.26104
 1200.000000000   0.26606
 1300.000000000   0.23871
 1400.000000000   0.19152
 1500.000000000   0.21036
 1600.000000000   0.22455
 1700.000000000   0.23016
 1800.000000000   0.14765
 1900.000000000   0.23525
 2000.000000000   0.29284
 2100.000000000   0.21531
 2200.000000000   0.15042
 2300.000000000   0.17741
 2400.000000000   0.25974
 2500.000000000   0.28336
 2600.000000000   0.26542
 2700.000000000   0.19206
 2800.000000000   0.24829
 2900.000000000   0.21951
 3000.000000000   0.15698
 3100.000000000   0.22527
 3200.000000000   0.20799
 3300.000000000   0.29112
 3400.000000000   0.25839
 3500.000000000   0.22985
 3600.000000000   0.23892
 3700.000000000   0.26044
 3800.000000000   0.19830
 3900.000000000   0.21830
 4000.000000000   0.25804
 4100.000000000   0.20778
 4200.000000000   0.17243
 4300.000000000   0.25195
 4400.000000000   0.24805
 4500.000000000   0.21041
 4600.000000000   0.17027
 4700.000000000   0.22847
 4800.000000000   0.19527
 4900.000000000   0.21080
 5000.000000000   0.23997
 5100.000000000   0.26351
 5200.000000000   0.17731
 5300.000000000   0.19865
 5400.000000000   0.27117
 5500.000000000   0.18381
 5600.000000000   0.19940
 5700.000000000   0.15108
 5800.000000000   0.23033
 5900.000000000   0.16210
 6000.000000000   0.20025
 6100.000000000   0.15520
 6200.000000000   0.26080
 6300.000000000   0.23062
 6400.000000000   0.21094
 6500.000000000   0.29878
 6600.000000000   0.19004
 6700.000000000   0.20931
 6800.000000000   0.20789
 6900.000000000   0.33688
 7000.000000000   0.25256
 7100.000000000   0.23371
 7200.000000000   0.20559
 7300.000000000   0.24971
 7400.000000000   0.26997
 7500.000000000   0.25509
 7600.000000000   0.31537
 7700.000000000   0.29232
 7800.000000000   0.26014
 7900.000000000   0.25408
 8000.000000000   0.15732
 8100.000000000   0.23467
 8200.000000000   0.26186
 8300.000000000   0.17661
 8400.000000000   0.19819
 8500.000000000   0.25261
 8600.000000000   0.26215
 8700.000000000   0.18050
 8800.000000000   0.19369
 8900.000000000   0.22030
 9000.000000000   0.14670
 9100.000000000   0.20154
 9200.000000000   0.27005
 9300.000000000   0.20424
 9400.000000000   0.20958
 9500.000000000   0.14334
 9600.000000000   0.19651
 9700.000000000   0.20942
 9800.000000000   0.22213
 9900.000000000   0.30208
10000.000000000   0.22328
10100.000000000   0.24170
10200.000000000   0.23853
10300.000000000   0.23938
10400.000000000   0.28909
10500.000000000   0.16027
10600.000000000   0.14778
10700.000000000   0.15703
10800.000000000   0.19907
10900.000000000   0.30295
11000.000000000   0.21946
11100.000000000   0.29686
11200.000000000   0.24532
11300.000000000   0.15314
11400.000000000   0.18385
11500.000000000   0.23952
11600.000000000   0.23679
11700.000000000   0.23357
11800.000000000   0.27442
11900.000000000   0.19273
12000.000000000   0.22926
12100.000000000   0.21653
12200.000000000   0.16888
12300.000000000   0.14228
12400.000000000   0.15271
12500.000000000   0.13637
12600.000000000   0.17926
12700.000000000   0.16157
12800.000000000   0.18595
12900.000000000   0.16124
13000.000000000   0.20674
13100.000000000   0.27775
13200.000000000   0.19329
13300.000000000   0.25070
13400.000000000   0.26354
13500.000000000   0.24006
13600.000000000   0.24391
13700.000000000   0.24123
13800.000000000   0.16730
13900.000000000   0.18728
14000.000000000   0.26703
14100.000000000   0.21849
14200.000000000   0.20959
14300.000000000   0.15910
14400.000000000   0.20703
14500.000000000   0.16824
14600.000000000   0.15860
14700.000000000   0.15548
14800.000000000   0.19698
14900.000000000   0.20548
15000.000000000   0.23138
15100.000000000   0.19845
15200.000000000   0.17014
15300.000000000   0.20396
15400.000000000   0.26346
15500.000000000   0.24376
15600.000000000   0.23853
15700.000000000   0.21544
15800.000000000   0.21242
15900.000000000   0.17626
16000.000000000   0.19654
16100.000000000   0.16550
16200.000000000   0.25104
16300.000000000   0.23375
16400.000000000   0.27182
16500.000000000   0.28030
16600.000000000   0.20503
16700.000000000   0.20990
16800.000000000   0.21073
16900.000000000   0.20023
17000.000000000   0.23372
17100.000000000   0.22456
17200.000000000   0.14401
17300.000000000   0.21985
17400.000000000   0.16416
17500.000000000   0.25265
17600.000000000   0.23438
17700.000000000   0.21098
17800.000000000   0.21141
17900.000000000   0.23130
18000.000000000   0.22679
18100.000000000   0.22996
18200.000000000   0.22216
18300.000000000   0.27472
18400.000000000   0.20096
18500.000000000   0.22902
18600.000000000   0.23549
18700.000000000   0.22781
18800.000000000   0.26062
18900.000000000   0.30482
19000.000000000   0.23837
19100.000000000   0.19385
19200.000000000   0.22166
19300.000000000   0.19738
19400.000000000   0.18645
19500.000000000   0.21324
19600.000000000   0.23767
19700.000000000   0.22147
19800.000000000   0.25434
19900.000000000   0.17727
20000.000000000   0.24608
20100.000000000   0.28154
20200.000000000   0.24281
20300.000000000   0.23693
20400.000000000   0.29042
20500.000000000   0.31665
20600.000000000   0.17790
20700.000000000   0.20013
20800.000000000   0.20176
20900.000000000   0.24805
21000.000000000   0.26015
21100.000000000   0.27008
21200.000000000   0.28715
21300.000000000   0.25358
21400.000000000   0.26026
21500.000000000   0.23271
21600.000000000   0.19371
21700.000000000   0.16263
21800.000000000   0.25020
21900.000000000   0.34005
22000.000000000   0.30925
22100.000000000   0.26420
22200.000000000   0.28752
22300.000000000   0.24653
22400.000000000   0.24498
22500.000000000   0.27294
22600.000000000   0.31690
22700.000000000   0.31992
22800.000000000   0.29475
22900.000000000   0.31593
23000.000000000   0.26176
23100.000000000   0.21511
23200.000000000   0.26619
23300.000000000   0.30158
23400.000000000   0.36723
23500.000000000   0.25921
23600.000000000   0.24586
23700.000000000   0.31119
23800.000000000   0.23390
23900.000000000   0.23362
24000.000000000   0.14904
24100.000000000   0.20200
24200.000000000   0.30744
24300.000000000   0.23759
24400.000000000   0.23912
24500.000000000   0.29485
24600.000000000   0.30816
24700.000000000   0.33839
24800.000000000   0.27457
24900.000000000   0.28299
25000.000000000   0.28048
25100.000000000   0.26977
25200.000000000   0.28671
25300.000000000   0.29196
25400.000000000   0.19082
25500.000000000   0.26563
25600.000000000   0.22796
25700.000000000   0.23836
25800.000000000   0.28233
25900.000000000   0.18412
26000.000000000   0.19300
26100.000000000   0.20445
26200.000000000   0.21568
26300.000000000   0.18771
26400.000000000   0.31241
26500.000000000   0.28473
26600.000000000   0.27123
26700.000000000   0.27139
26800.000000000   0.25463
26900.000000000   0.23849
27000.000000000   0.24866
27100.000000000   0.24846
27200.000000000   0.26706
27300.000000000   0.28507
27400.000000000   0.30680
27500.000000000   0.27499
27600.000000000   0.27334
27700.000000000   0.33424
27800.000000000   0.31371
27900.000000000   0.25833
28000.000000000   0.19415
28100.000000000   0.20010
28200.000000000   0.20869
28300.000000000   0.19696
28400.000000000   0.15356
28500.000000000   0.18244
28600.000000000   0.26071
28700.000000000   0.22440
28800.000000000   0.24942
28900.000000000   0.28988
29000.000000000   0.31520
29100.000000000   0.29114
29200.000000000   0.27807
29300.000000000   0.28810
29400.000000000   0.26864
29500.000000000   0.22343
29600.000000000   0.22057
29700.000000000   0.28672
29800.000000000   0.29519
29900.000000000   0.27043
30000.000000000   0.20193
30100.000000000   0.22396
30200.000000000   0.29772
30300.000000000   0.33819
30400.000000000   0.34194
30500.000000000   0.36101
30600.000000000   0.17058
30700.000000000   0.21893
30800.000000000   0.24168
30900.000000000   0.22285
31000.000000000   0.29922
31100.000000000   0.29488
31200.000000000   0.28019
31300.000000000   0.25243
31400.000000000   0.20424
31500.000000000   0.19652
31600.000000000   0.28486
31700.000000000   0.25132
31800.000000000   0.26087
31900.000000000   0.29145
32000.000000000   0.33309
32100.000000000   0.29009
32200.000000000   0.26618
32300.000000000   0.29755
32400.000000000   0.32529
32500.000000000   0.28065
32600.000000000   0.29298
32700.000000000   0.33694
32800.000000000   0.24784
32900.000000000   0.29643
33000.000000000   0.27833
33100.000000000   0.18448
33200.000000000   0.29638
33300.000000000   0.27570
33400.000000000   0.38155
33500.000000000   0.29099
33600.000000000   0.25959
33700.000000000   0.20401
33800.000000000   0.23954
33900.000000000   0.16444
34000.000000000   0.26490
34100.000000000   0.23880
34200.000000000   0.25076
34300.000000000   0.27032
34400.000000000   0.25088
34500.000000000   0.16138
34600.000000000   0.17220
34700.000000000   0.19987
34800.000000000   0.16845
34900.000000000   0.18317
35000.000000000   0.16503
35100.000000000   0.25267
35200.000000000   0.22754
35300.000000000   0.29770
35400.000000000   0.28462
35500.000000000   0.24322
35600.000000000   0.19892
35700.000000000   0.19917
35800.000000000   0.23980
35900.000000000   0.35956
36000.000000000   0.34657
36100.000000000   0.25480
36200.000000000   0.20289
36300.000000000   0.25665
36400.000000000   0.21000
36500.000000000   0.30125
36600.000000000   0.31187
36700.000000000   0.23869
36800.000000000   0.20253
36900.000000000   0.22296
37000.000000000   0.23902
37100.000000000   0.23684
37200.000000000   0.30583
37300.000000000   0.21503
37400.000000000   0.20786
37500.000000000   0.17939
37600.000000000   0.19562
37700.000000000   0.29447
37800.000000000   0.17361
37900.000000000   0.25166
38000.000000000   0.20281
38100.000000000   0.23378
38200.000000000   0.20890
38300.000000000   0.24737
38400.000000000   0.19216
38500.000000000   0.16691
38600.000000000   0.18500
38700.000000000   0.26612
38800.000000000   0.29139
38900.000000000   0.23581
39000.000000000   0.25055
39100.000000000   0.24110
39200.000000000   0.33946
39300.000000000   0.20721
39400.000000000   0.16457
39500.000000000   0.19672
39600.000000000   0.32488
39700.000000000   0.23794
39800.000000000   0.25372
39900.000000000   0.18451
40000.000000000   0.23988
40100.000000000   0.31310
40200.000000000   0.26953
40300.000000000   0.28388
40400.000000000   0.21143
40500.000000000   0.22775
40600.000000000   0.16256
40700.000000000   0.28235
40800.000000000   0.20671
40900.000000000   0.20899
41000.000000000   0.23042
41100.000000000   0.23490
41200.000000000   0.22688
41300.000000000   0.24541
41400.000000000   0.21283
41500.000000000   0.19582
41600.000000000   0.25531
41700.000000000   0.30573
41800.000000000   0.22144
41900.000000000   0.24382
42000.000000000   0.20837
42100.000000000   0.25886
42200.000000000   0.25536
42300.000000000   0.28633
42400.000000000   0.25476
42500.000000000   0.20236
42600.000000000   0.25847
42700.000000000   0.24002
42800.000000000   0.26959
42900.000000000   0.28458
43000.000000000   0.33319
43100.000000000   0.25276
43200.000000000   0.18888
43300.000000000   0.23501
43400.000000000   0.21160
43500.000000000   0.22671
43600.000000000   0.32088
43700.000000000   0.30411
43800.000000000   0.24145
43900.000000000   0.22777
44000.000000000   0.22976
44100.000000000   0.20283
44200.000000000   0.20461
44300.000000000   0.24572
44400.000000000   0.23376
44500.000000000   0.18155
44600.000000000   0.24884
44700.000000000   0.19861
44800.000000000   0.22958
44900.000000000   0.28158
45000.000000000   0.27456
45100.000000000   0.18670
45200.000000000   0.18948
45300.000000000   0.16769
45400.000000000   0.29831
45500.000000000   0.31749
45600.000000000   0.25592
45700.000000000   0.19712
45800.000000000   0.20171
45900.000000000   0.19354
46000.000000000   0.18910
46100.000000000   0.19481
46200.000000000   0.20286
46300.000000000   0.30648
46400.000000000   0.33563
46500.000000000   0.31174
46600.000000000   0.32422
46700.000000000   0.31716
46800.000000000   0.28548
46900.000000000   0.22895
47000.000000000   0.25574
47100.000000000   0.20097
47200.000000000   0.22513
47300.000000000   0.21493
47400.000000000   0.20549
47500.000000000   0.25466
47600.000000000   0.23484
47700.000000000   0.24151
47800.000000000   0.18883
47900.000000000   0.25741
48000.000000000   0.24207
48100.000000000   0.28219
48200.000000000   0.30768
48300.000000000   0.39249
48400.000000000   0.33088
48500.000000000   0.24580
48600.000000000   0.28542
48700.000000000   0.29629
48800.000000000   0.35010
48900.000000000   0.36444
49000.000000000   0.26468
49100.000000000   0.19542
49200.000000000   0.18971
49300.000000000   0.23183
49400.000000000   0.23916
49500.000000000   0.34440
49600.000000000   0.26497
49700.000000000   0.29353
49800.000000000   0.30444
49900.000000000   0.21761
50000.000000000   0.16178
50100.000000000   0.19548
50200.000000000   0.23523
50300.000000000   0.21593
50400.000000000   0.22301
50500.000000000   0.24978
50600.000000000   0.22240
50700.000000000   0.24959
50800.000000000   0.27957
50900.000000000   0.29209
51000.000000000   0.25246
51100.000000000   0.22718
51200.000000000   0.23055
51300.000000000   0.18603
51400.000000000   0.25733
51500.000000000   0.26222
51600.000000000   0.28441
51700.000000000   0.23118
51800.000000000   0.26691
51900.000000000   0.21131
52000.000000000   0.20209
52100.000000000   0.25362
52200.000000000   0.28172
52300.000000000   0.19037
52400.000000000   0.14936
52500.000000000   0.22084
52600.000000000   0.29012
52700.000000000   0.22814
52800.000000000   0.24940
52900.000000000   0.17807
53000.000000000   0.24869
53100.000000000   0.21347
53200.000000000   0.19585
53300.000000000   0.22030
53400.000000000   0.14809
53500.000000000   0.21031
53600.000000000   0.26362
53700.000000000   0.24208
53800.000000000   0.25033
53900.000000000   0.28720
54000.000000000   0.31993
54100.000000000   0.24219
54200.000000000   0.26015
54300.000000000   0.17513
54400.000000000   0.16870
54500.000000000   0.20871
54600.000000000   0.28771
54700.000000000   0.28760
54800.000000000   0.29990
54900.000000000   0.18524
55000.000000000   0.27673
55100.000000000   0.22111
55200.000000000   0.24515
55300.000000000   0.22521
55400.000000000   0.21120
55500.000000000   0.25596
55600.000000000   0.28020
55700.000000000   0.18410
55800.000000000   0.21245
55900.000000000   0.28638
56000.000000000   0.27140
56100.000000000   0.19893
56200.000000000   0.23283
56300.000000000   0.35831
56400.000000000   0.25320
56500.000000000   0.31620
56600.000000000   0.32007
56700.000000000   0.27117
56800.000000000   0.18402
56900.000000000   0.25782
57000.000000000   0.20425
57100.000000000   0.20951
57200.000000000   0.25397
57300.000000000   0.33877
57400.000000000   0.20971
57500.000000000   0.20652
57600.000000000   0.24288
57700.000000000   0.25241
57800.000000000   0.21130
57900.000000000   0.21614
58000.000000000   0.21259
58100.000000000   0.23352
58200.000000000   0.22794
58300.000000000   0.25889
58400.000000000   0.28955
58500.000000000   0.30458
58600.000000000   0.33875
58700.000000000   0.37310
58800.000000000   0.27371
58900.000000000   0.23658
59000.000000000   0.28394
59100.000000000   0.25909
59200.000000000   0.25065
59300.000000000   0.22305
59400.000000000   0.26161
59500.000000000   0.22251
59600.000000000   0.22245
59700.000000000   0.20871
59800.000000000   0.22440
59900.000000000   0.21572
60000.000000000   0.28804
60100.000000000   0.26311
60200.000000000   0.24638
60300.000000000   0.24058
60400.000000000   0.25624
60500.000000000   0.24929
60600.000000000   0.23148
60700.000000000   0.19879
60800.000000000   0.21346
60900.000000000   0.31080
61000.000000000   0.26580
61100.000000000   0.27520
61200.000000000   0.29907
61300.000000000   0.33636
61400.000000000   0.34262
61500.000000000   0.29422
61600.000000000   0.27223
61700.000000000   0.32281
61800.000000000   0.30974
61900.000000000   0.33295
62000.000000000   0.27203
62100.000000000   0.23269
62200.000000000   0.24959
62300.000000000   0.24728
62400.000000000   0.21648
62500.000000000   0.23520
62600.000000000   0.20596
62700.000000000   0.27062
62800.000000000   0.28951
62900.000000000   0.31471
63000.000000000   0.29971
63100.000000000   0.25369
63200.000000000   0.31310
63300.000000000   0.17877
63400.000000000   0.17550
63500.000000000   0.19063
63600.000000000   0.19498
63700.000000000   0.30222
63800.000000000   0.27022
63900.000000000   0.25627
64000.000000000   0.32214
64100.000000000   0.30219
64200.000000000   0.21147
64300.000000000   0.21919
64400.000000000   0.21358
64500.000000000   0.27115
64600.000000000   0.27029
64700.000000000   0.27920
64800.000000000   0.29527
64900.000000000   0.29266
65000.000000000   0.23120
65100.000000000   0.17302
65200.000000000   0.12333
65300.000000000   0.22693
65400.000000000   0.28063
65500.000000000   0.16437
65600.000000000   0.29049
65700.000000000   0.12935
65800.000000000   0.29877
65900.000000000   0.31396
66000.000000000   0.29448
66100.000000000   0.29975
66200.000000000   0.28617
66300.000000000   0.28076
66400.000000000   0.29647
66500.000000000   0.25264
66600.000000000   0.28581
66700.000000000   0.25793
66800.000000000   0.19293
66900.000000000   0.32758
67000.000000000   0.22702
67100.000000000   0.24531
67200.000000000   0.23171
67300.000000000   0.29402
67400.000000000   0.26706
67500.000000000   0.27446
67600.000000000   0.25428
67700.000000000   0.20858
67800.000000000   0.26400
67900.000000000   0.23683
68000.000000000   0.21101
68100.000000000   0.14342
68200.000000000   0.23130
68300.000000000   0.28470
68400.000000000   0.29722
68500.000000000   0.29908
68600.000000000   0.26447
68700.000000000   0.34034
68800.000000000   0.31709
68900.000000000   0.24566
69000.000000000   0.21969
69100.000000000   0.24459
69200.000000000   0.19126
69300.000000000   0.25522
69400.000000000   0.26404
69500.000000000   0.24585
69600.000000000   0.28181
69700.000000000   0.19241
69800.000000000   0.18763
69900.000000000   0.23383
70000.000000000   0.18273
70100.000000000   0.20287
70200.000000000   0.17618
70300.000000000   0.32903
70400.000000000   0.29766
70500.000000000   0.28108
70600.000000000   0.23475
70700.000000000   0.18979
70800.000000000   0.17076
70900.000000000   0.20742
71000.000000000   0.22542
71100.000000000   0.23849
71200.000000000   0.18865
71300.000000000   0.23422
71400.000000000   0.27539
71500.000000000   0.33243
71600.000000000   0.26824
71700.000000000   0.19959
71800.000000000   0.20860
71900.000000000   0.25487
72000.000000000   0.18555
72100.000000000   0.21196
72200.000000000   0.17763
72300.000000000   0.19890
72400.000000000   0.24047
72500.000000000   0.13697
72600.000000000   0.20091
72700.000000000   0.25034
72800.000000000   0.27149
72900.000000000   0.24668
73000.000000000   0.27915
73100.000000000   0.19645
73200.000000000   0.22292
73300.000000000   0.17671
73400.000000000   0.20263
73500.000000000   0.21735
73600.000000000   0.15167
73700.000000000   0.21598
73800.000000000   0.25498
73900.000000000   0.21076
74000.000000000   0.23738
74100.000000000   0.24037
74200.000000000   0.31296
74300.000000000   0.22047
74400.000000000   0.19054
74500.000000000   0.18751
74600.000000000   0.19817
74700.000000000   0.20115
74800.000000000   0.18144
74900.000000000   0.13494
75000.000000000   0.20107
75100.000000000   0.30170
75200.000000000   0.23182
75300.000000000   0.19784
75400.000000000   0.19035
75500.000000000   0.19248
75600.000000000   0.20413
75700.000000000   0.23549
75800.000000000   0.22467
75900.000000000   0.21401
76000.000000000   0.23486
76100.000000000   0.25995
76200.000000000   0.19703
76300.000000000   0.20415
76400.000000000   0.27557
76500.000000000   0.26976
76600.000000000   0.32744
76700.000000000   0.20025
76800.000000000   0.15829
76900.000000000   0.21152
77000.000000000   0.24274
77100.000000000   0.19929
77200.000000000   0.27973
77300.000000000   0.31026
77400.000000000   0.23747
77500.000000000   0.20709
77600.000000000   0.25508
77700.000000000   0.22803
77800.000000000   0.23118
77900.000000000   0.19667
78000.000000000   0.16245
78100.000000000   0.18667
78200.000000000   0.18472
78300.000000000   0.22216
78400.000000000   0.28420
78500.000000000   0.22601
78600.000000000   0.22060
78700.000000000   0.18354
78800.000000000   0.23884
78900.000000000   0.23272
79000.000000000   0.17794
79100.000000000   0.16464
79200.000000000   0.18174
79300.000000000   0.27131
79400.000000000   0.16846
79500.000000000   0.16540
79600.000000000   0.25097
79700.000000000   0.24187
79800.000000000   0.28702
79900.000000000   0.18831
80000.000000000   0.17001
80100.000000000   0.14839
80200.000000000   0.19468
80300.000000000   0.17560
80400.000000000   0.19507
80500.000000000   0.23411
80600.000000000   0.17678
80700.000000000   0.15633
80800.000000000   0.24593
80900.000000000   0.21412
81000.000000000   0.21076
81100.000000000   0.20331
81200.000000000   0.19533
81300.000000000   0.27492
81400.000000000   0.18717
81500.000000000   0.18213
81600.000000000   0.16868
81700.000000000   0.21359
81800.000000000   0.24447
81900.000000000   0.28534
82000.000000000   0.25544
82100.000000000   0.17695
82200.000000000   0.26539
82300.000000000   0.18988
82400.000000000   0.23828
82500.000000000   0.24931
82600.000000000   0.21487
82700.000000000   0.24363
82800.000000000   0.23437
82900.000000000   0.14702
83000.000000000   0.19440
83100.000000000   0.19946
83200.000000000   0.19928
83300.000000000   0.21521
83400.000000000   0.18486
83500.000000000   0.21927
83600.000000000   0.24083
83700.000000000   0.19830
83800.000000000   0.22127
83900.000000000   0.22283
84000.000000000   0.28199
84100.000000000   0.19769
84200.000000000   0.17683
84300.000000000   0.24695
84400.000000000   0.21533
84500.000000000   0.19324
84600.000000000   0.21479
84700.000000000   0.19292
84800.000000000   0.16572
84900.000000000   0.19281
85000.000000000   0.20381
85100.000000000   0.19493
85200.000000000   0.24302
85300.000000000   0.18103
85400.000000000   0.17573
85500.000000000   0.21130
85600.000000000   0.23731
85700.000000000   0.18091
85800.000000000   0.24134
85900.000000000   0.19776
86000.000000000   0.20729
86100.000000000   0.24234
86200.000000000   0.22325
86300.000000000   0.24902
86400.000000000   0.25557
86500.000000000   0.21761
86600.000000000   0.19378
86700.000000000   0.15290
86800.000000000   0.14254
86900.000000000   0.19836
87000.000000000   0.19456
87100.000000000   0.30760
87200.000000000   0.17924
87300.000000000   0.18484
87400.000000000   0.20542
87500.000000000   0.19988
87600.000000000   0.24100
87700.000000000   0.19111
87800.000000000   0.23555
87900.000000000   0.26984
88000.000000000   0.17573
88100.000000000   0.22689
88200.000000000   0.30640
88300.000000000   0.15140
88400.000000000   0.24058
88500.000000000   0.26818
88600.000000000   0.25029
88700.000000000   0.20715
88800.000000000   0.17602
88900.000000000   0.27126
89000.000000000   0.28768
89100.000000000   0.26284
89200.000000000   0.26808
89300.000000000   0.20540
89400.000000000   0.22292
89500.000000000   0.20940
89600.000000000   0.16975
89700.000000000   0.23321
89800.000000000   0.19584
89900.000000000   0.17670
90000.000000000   0.21470
90100.000000000   0.30095
90200.000000000   0.28261
90300.000000000   0.24386
90400.000000000   0.25658
90500.000000000   0.25655
90600.000000000   0.30169
90700.000000000   0.22316
90800.000000000   0.19574
90900.000000000   0.20059
91000.000000000   0.16903
91100.000000000   0.19837
91200.000000000   0.36158
91300.000000000   0.22506
91400.000000000   0.24879
91500.000000000   0.20450
91600.000000000   0.16075
91700.000000000   0.19614
91800.000000000   0.19263
91900.000000000   0.23452
92000.000000000   0.22171
92100.000000000   0.19100
92200.000000000   0.25823
92300.000000000   0.19106
92400.000000000   0.24564
92500.000000000   0.22345
92600.000000000   0.22198
92700.000000000   0.22006
92800.000000000   0.30660
92900.000000000   0.21542
93000.000000000   0.15237
93100.000000000   0.21181
93200.000000000   0.26070
93300.000000000   0.18338
93400.000000000   0.18485
93500.000000000   0.22704
93600.000000000   0.23152
93700.000000000   0.16529
93800.000000000   0.20606
93900.000000000   0.30177
94000.000000000   0.24191
94100.000000000   0.17295
94200.000000000   0.21521
94300.000000000   0.21687
94400.000000000   0.21416
94500.000000000   0.18550
94600.000000000   0.24638
94700.000000000   0.23137
94800.000000000   0.20575
94900.000000000   0.16401
95000.000000000   0.22603
95100.000000000   0.20317
95200.000000000   0.21307
95300.000000000   0.17893
95400.000000000   0.22456
95500.000000000   0.15154
95600.000000000   0.26207
95700.000000000   0.23532
95800.000000000   0.30349
95900.000000000   0.18405
96000.000000000   0.21156
96100.000000000   0.21796
96200.000000000   0.20495
96300.000000000   0.16074
96400.000000000   0.21183
96500.000000000   0.19240
96600.000000000   0.22235
96700.000000000   0.22754
96800.000000000   0.24173
96900.000000000   0.22811
