# @atomsrmsd atoms are taken for fit.
    0.000000000   0.27981
  100.000000000   0.21529
  200.000000000   0.25920
  300.000000000   0.19971
  400.000000000   0.28704
  500.000000000   0.26909
  600.000000000   0.19584
  700.000000000   0.22650
  800.000000000   0.35327
  900.000000000   0.26660
 1000.000000000   0.19487
 1100.000000000   0.16408
 1200.000000000   0.23999
 1300.000000000   0.13844
 1400.000000000   0.24789
 1500.000000000   0.29941
 1600.000000000   0.24546
 1700.000000000   0.31528
 1800.000000000   0.25107
 1900.000000000   0.19267
 2000.000000000   0.24973
 2100.000000000   0.20373
 2200.000000000   0.19733
 2300.000000000   0.23324
 2400.000000000   0.23769
 2500.000000000   0.29957
 2600.000000000   0.26977
 2700.000000000   0.18791
 2800.000000000   0.24593
 2900.000000000   0.20445
 3000.000000000   0.24634
 3100.000000000   0.25439
 3200.000000000   0.26095
 3300.000000000   0.29640
 3400.000000000   0.25134
 3500.000000000   0.36467
 3600.000000000   0.31649
 3700.000000000   0.21035
 3800.000000000   0.32759
 3900.000000000   0.30888
 4000.000000000   0.39442
 4100.000000000   0.37789
 4200.000000000   0.30480
 4300.000000000   0.25415
 4400.000000000   0.23080
 4500.000000000   0.30868
 4600.000000000   0.32456
 4700.000000000   0.26433
 4800.000000000   0.28942
 4900.000000000   0.26281
 5000.000000000   0.36166
 5100.000000000   0.26323
 5200.000000000   0.24218
 5300.000000000   0.24942
 5400.000000000   0.23093
 5500.000000000   0.27183
 5600.000000000   0.28118
 5700.000000000   0.24688
 5800.000000000   0.24872
 5900.000000000   0.34277
 6000.000000000   0.30399
 6100.000000000   0.21166
 6200.000000000   0.20862
 6300.000000000   0.28297
 6400.000000000   0.33277
 6500.000000000   0.30135
 6600.000000000   0.25595
 6700.000000000   0.20143
 6800.000000000   0.22731
 6900.000000000   0.16253
 7000.000000000   0.20436
 7100.000000000   0.22697
 7200.000000000   0.24348
 7300.000000000   0.22875
 7400.000000000   0.16866
 7500.000000000   0.22819
 7600.000000000   0.17269
 7700.000000000   0.21673
 7800.000000000   0.21350
 7900.000000000   0.26730
 8000.000000000   0.27020
 8100.000000000   0.29709
 8200.000000000   0.25811
 8300.000000000   0.16328
 8400.000000000   0.25395
 8500.000000000   0.22015
 8600.000000000   0.21152
 8700.000000000   0.25898
 8800.000000000   0.23337
 8900.000000000   0.24235
 9000.000000000   0.23404
 9100.000000000   0.24278
 9200.000000000   0.26057
 9300.000000000   0.23491
 9400.000000000   0.24229
 9500.000000000   0.23553
 9600.000000000   0.16794
 9700.000000000   0.21397
 9800.000000000   0.18467
 9900.000000000   0.13889
10000.000000000   0.22529
10100.000000000   0.19089
10200.000000000   0.19370
10300.000000000   0.21206
10400.000000000   0.30588
10500.000000000   0.23411
10600.000000000   0.23632
10700.000000000   0.23610
10800.000000000   0.29636
10900.000000000   0.34095
11000.000000000   0.20217
11100.000000000   0.19600
11200.000000000   0.26079
11300.000000000   0.23920
11400.000000000   0.25845
11500.000000000   0.19689
11600.000000000   0.22814
11700.000000000   0.16761
11800.000000000   0.24438
11900.000000000   0.24226
12000.000000000   0.26227
12100.000000000   0.35910
12200.000000000   0.36389
12300.000000000   0.28246
12400.000000000   0.30546
12500.000000000   0.26490
12600.000000000   0.24480
12700.000000000   0.24330
12800.000000000   0.19986
12900.000000000   0.35229
13000.000000000   0.27795
13100.000000000   0.30389
13200.000000000   0.33304
13300.000000000   0.26614
13400.000000000   0.35030
13500.000000000   0.23591
13600.000000000   0.15908
13700.000000000   0.14898
13800.000000000   0.19787
13900.000000000   0.21520
14000.000000000   0.22078
14100.000000000   0.17694
14200.000000000   0.22949
14300.000000000   0.25893
14400.000000000   0.21759
14500.000000000   0.20686
14600.000000000   0.26371
14700.000000000   0.21562
14800.000000000   0.26682
14900.000000000   0.28402
15000.000000000   0.27339
15100.000000000   0.22092
15200.000000000   0.24110
15300.000000000   0.26532
15400.000000000   0.29655
15500.000000000   0.25288
15600.000000000   0.30829
15700.000000000   0.27444
15800.000000000   0.29973
15900.000000000   0.34690
16000.000000000   0.25497
16100.000000000   0.22167
16200.000000000   0.24226
16300.000000000   0.23169
16400.000000000   0.24959
16500.000000000   0.21022
16600.000000000   0.16195
16700.000000000   0.27956
16800.000000000   0.30836
16900.000000000   0.25451
17000.000000000   0.26213
17100.000000000   0.38590
17200.000000000   0.27281
17300.000000000   0.26597
17400.000000000   0.26745
17500.000000000   0.31614
17600.000000000   0.26605
17700.000000000   0.25243
17800.000000000   0.29160
17900.000000000   0.25341
18000.000000000   0.24331
18100.000000000   0.33196
18200.000000000   0.22156
18300.000000000   0.21382
18400.000000000   0.23368
18500.000000000   0.26034
18600.000000000   0.31026
18700.000000000   0.25834
18800.000000000   0.32478
18900.000000000   0.23768
19000.000000000   0.29458
19100.000000000   0.24886
19200.000000000   0.21627
19300.000000000   0.28053
19400.000000000   0.19363
19500.000000000   0.29843
19600.000000000   0.28381
19700.000000000   0.25835
19800.000000000   0.29317
19900.000000000   0.30208
20000.000000000   0.26091
20100.000000000   0.31196
20200.000000000   0.26119
20300.000000000   0.27810
20400.000000000   0.27531
20500.000000000   0.32300
20600.000000000   0.24422
20700.000000000   0.19436
20800.000000000   0.24051
20900.000000000   0.28090
21000.000000000   0.25060
21100.000000000   0.21445
21200.000000000   0.23844
21300.000000000   0.19079
21400.000000000   0.30541
21500.000000000   0.31423
21600.000000000   0.25242
21700.000000000   0.23566
21800.000000000   0.18160
21900.000000000   0.14636
22000.000000000   0.17158
22100.000000000   0.26752
22200.000000000   0.25801
22300.000000000   0.23403
22400.000000000   0.22265
22500.000000000   0.27600
22600.000000000   0.26292
22700.000000000   0.23655
22800.000000000   0.18333
22900.000000000   0.29912
23000.000000000   0.28329
23100.000000000   0.24025
23200.000000000   0.16199
23300.000000000   0.20997
23400.000000000   0.30567
23500.000000000   0.27265
23600.000000000   0.29261
23700.000000000   0.30310
23800.000000000   0.27988
23900.000000000   0.21157
24000.000000000   0.21460
24100.000000000   0.17705
24200.000000000   0.23370
24300.000000000   0.17080
24400.000000000   0.16785
24500.000000000   0.14608
24600.000000000   0.26293
24700.000000000   0.23272
24800.000000000   0.21321
24900.000000000   0.20829
25000.000000000   0.25695
25100.000000000   0.34863
25200.000000000   0.28311
25300.000000000   0.29377
25400.000000000   0.13894
25500.000000000   0.26867
25600.000000000   0.14206
25700.000000000   0.26496
25800.000000000   0.22279
25900.000000000   0.25231
26000.000000000   0.21196
26100.000000000   0.28528
26200.000000000   0.31189
26300.000000000   0.31000
26400.000000000   0.22450
26500.000000000   0.25622
26600.000000000   0.24703
26700.000000000   0.20273
26800.000000000   0.19867
26900.000000000   0.29940
27000.000000000   0.21631
27100.000000000   0.19501
27200.000000000   0.21508
27300.000000000   0.26710
27400.000000000   0.31137
27500.000000000   0.34151
27600.000000000   0.22185
27700.000000000   0.22590
27800.000000000   0.27389
27900.000000000   0.29011
28000.000000000   0.18596
28100.000000000   0.18330
28200.000000000   0.19796
28300.000000000   0.23166
28400.000000000   0.27991
28500.000000000   0.33392
28600.000000000   0.18465
28700.000000000   0.23615
28800.000000000   0.25862
28900.000000000   0.36541
29000.000000000   0.31702
29100.000000000   0.28930
29200.000000000   0.26224
29300.000000000   0.21539
29400.000000000   0.21562
29500.000000000   0.27150
29600.000000000   0.14511
29700.000000000   0.20859
29800.000000000   0.26460
29900.000000000   0.26541
30000.000000000   0.31594
30100.000000000   0.18931
30200.000000000   0.23075
30300.000000000   0.24219
30400.000000000   0.22640
30500.000000000   0.25551
30600.000000000   0.21089
30700.000000000   0.20745
30800.000000000   0.16196
30900.000000000   0.24327
31000.000000000   0.31848
31100.000000000   0.25276
31200.000000000   0.29234
31300.000000000   0.32620
31400.000000000   0.23459
31500.000000000   0.27969
31600.000000000   0.27670
31700.000000000   0.25552
31800.000000000   0.19296
31900.000000000   0.20075
32000.000000000   0.19239
32100.000000000   0.23889
32200.000000000   0.18547
32300.000000000   0.24738
32400.000000000   0.20239
32500.000000000   0.26883
32600.000000000   0.20394
32700.000000000   0.19449
32800.000000000   0.23019
32900.000000000   0.26643
33000.000000000   0.30426
33100.000000000   0.23168
33200.000000000   0.15936
33300.000000000   0.21689
33400.000000000   0.22756
33500.000000000   0.22268
33600.000000000   0.25602
33700.000000000   0.31047
33800.000000000   0.26468
33900.000000000   0.27245
34000.000000000   0.32728
34100.000000000   0.25272
34200.000000000   0.29075
34300.000000000   0.24879
34400.000000000   0.16172
34500.000000000   0.13190
34600.000000000   0.24975
34700.000000000   0.28452
34800.000000000   0.20999
34900.000000000   0.28212
35000.000000000   0.26905
35100.000000000   0.27050
35200.000000000   0.28427
35300.000000000   0.18972
35400.000000000   0.33492
35500.000000000   0.29171
35600.000000000   0.29756
35700.000000000   0.17507
35800.000000000   0.20666
35900.000000000   0.25109
36000.000000000   0.27667
36100.000000000   0.22274
36200.000000000   0.33494
36300.000000000   0.24632
36400.000000000   0.30281
36500.000000000   0.24826
36600.000000000   0.18775
36700.000000000   0.24304
36800.000000000   0.28659
36900.000000000   0.26210
37000.000000000   0.22405
37100.000000000   0.23133
37200.000000000   0.22060
37300.000000000   0.30496
37400.000000000   0.27996
37500.000000000   0.28260
37600.000000000   0.29799
37700.000000000   0.23118
37800.000000000   0.29126
37900.000000000   0.21114
38000.000000000   0.18378
38100.000000000   0.26470
38200.000000000   0.19275
38300.000000000   0.24940
38400.000000000   0.23439
38500.000000000   0.25775
38600.000000000   0.24214
38700.000000000   0.23907
38800.000000000   0.20021
38900.000000000   0.27864
39000.000000000   0.24322
39100.000000000   0.17773
39200.000000000   0.24458
39300.000000000   0.26573
39400.000000000   0.17841
39500.000000000   0.17401
39600.000000000   0.22121
39700.000000000   0.25929
39800.000000000   0.23298
39900.000000000   0.24691
40000.000000000   0.28755
40100.000000000   0.23505
40200.000000000   0.26727
40300.000000000   0.32647
40400.000000000   0.33036
40500.000000000   0.28925
40600.000000000   0.30868
40700.000000000   0.22997
40800.000000000   0.27206
40900.000000000   0.27147
41000.000000000   0.16731
41100.000000000   0.25710
41200.000000000   0.23492
41300.000000000   0.25628
41400.000000000   0.28984
41500.000000000   0.33865
41600.000000000   0.26251
41700.000000000   0.24185
41800.000000000   0.25883
41900.000000000   0.21071
42000.000000000   0.19133
42100.000000000   0.16986
42200.000000000   0.25759
42300.000000000   0.27555
42400.000000000   0.19313
42500.000000000   0.19730
42600.000000000   0.26212
42700.000000000   0.24472
42800.000000000   0.19344
42900.000000000   0.27781
43000.000000000   0.22308
43100.000000000   0.22616
43200.000000000   0.20005
43300.000000000   0.23777
43400.000000000   0.27517
43500.000000000   0.24104
43600.000000000   0.30124
43700.000000000   0.25748
43800.000000000   0.20540
43900.000000000   0.25007
44000.000000000   0.27762
44100.000000000   0.29027
44200.000000000   0.24839
44300.000000000   0.28307
44400.000000000   0.31120
44500.000000000   0.28985
44600.000000000   0.22416
44700.000000000   0.21545
44800.000000000   0.27723
44900.000000000   0.26270
45000.000000000   0.26043
45100.000000000   0.22068
45200.000000000   0.29295
45300.000000000   0.26593
45400.000000000   0.29228
45500.000000000   0.35080
45600.000000000   0.38118
45700.000000000   0.25680
45800.000000000   0.33390
45900.000000000   0.21907
46000.000000000   0.28273
46100.000000000   0.33654
46200.000000000   0.32285
46300.000000000   0.31461
46400.000000000   0.21460
46500.000000000   0.21516
46600.000000000   0.25651
46700.000000000   0.28252
46800.000000000   0.28575
46900.000000000   0.25134
47000.000000000   0.25535
47100.000000000   0.23700
47200.000000000   0.23492
47300.000000000   0.27746
47400.000000000   0.17268
47500.000000000   0.27417
47600.000000000   0.20657
47700.000000000   0.15770
47800.000000000   0.23892
47900.000000000   0.22163
48000.000000000   0.26388
48100.000000000   0.33851
48200.000000000   0.34697
48300.000000000   0.28611
48400.000000000   0.27091
48500.000000000   0.34070
48600.000000000   0.28087
48700.000000000   0.28575
48800.000000000   0.31023
48900.000000000   0.27393
49000.000000000   0.34574
49100.000000000   0.29546
49200.000000000   0.28460
49300.000000000   0.38209
49400.000000000   0.30402
49500.000000000   0.22666
49600.000000000   0.28760
49700.000000000   0.27877
49800.000000000   0.33196
49900.000000000   0.20736
50000.000000000   0.24993
50100.000000000   0.30683
50200.000000000   0.28055
50300.000000000   0.30380
50400.000000000   0.30025
50500.000000000   0.28627
50600.000000000   0.38420
50700.000000000   0.28821
50800.000000000   0.32067
50900.000000000   0.27919
51000.000000000   0.20154
51100.000000000   0.27280
51200.000000000   0.27608
51300.000000000   0.27893
51400.000000000   0.30978
51500.000000000   0.34046
51600.000000000   0.38626
51700.000000000   0.30902
51800.000000000   0.23305
51900.000000000   0.23069
52000.000000000   0.20042
52100.000000000   0.22553
52200.000000000   0.25144
52300.000000000   0.20551
52400.000000000   0.20210
52500.000000000   0.27851
52600.000000000   0.27443
52700.000000000   0.30185
52800.000000000   0.31737
52900.000000000   0.29628
53000.000000000   0.36340
53100.000000000   0.30794
53200.000000000   0.33125
53300.000000000   0.22287
53400.000000000   0.23610
53500.000000000   0.27581
53600.000000000   0.32014
53700.000000000   0.35245
53800.000000000   0.36709
53900.000000000   0.22441
54000.000000000   0.25647
54100.000000000   0.23845
54200.000000000   0.22849
54300.000000000   0.21091
54400.000000000   0.19194
54500.000000000   0.31888
54600.000000000   0.25095
54700.000000000   0.30958
54800.000000000   0.29544
54900.000000000   0.31899
55000.000000000   0.30435
55100.000000000   0.31014
55200.000000000   0.29067
55300.000000000   0.22462
55400.000000000   0.21473
55500.000000000   0.30794
55600.000000000   0.28511
55700.000000000   0.29636
55800.000000000   0.30649
55900.000000000   0.29172
56000.000000000   0.27107
56100.000000000   0.23933
56200.000000000   0.25506
56300.000000000   0.30631
56400.000000000   0.28590
56500.000000000   0.33343
56600.000000000   0.21570
56700.000000000   0.28092
56800.000000000   0.31852
56900.000000000   0.29650
57000.000000000   0.37857
57100.000000000   0.30656
57200.000000000   0.35573
57300.000000000   0.22897
57400.000000000   0.23503
57500.000000000   0.20212
57600.000000000   0.26826
57700.000000000   0.20866
57800.000000000   0.28196
57900.000000000   0.32605
58000.000000000   0.30869
58100.000000000   0.30551
58200.000000000   0.25569
58300.000000000   0.27348
58400.000000000   0.29188
58500.000000000   0.26074
58600.000000000   0.30963
58700.000000000   0.26650
58800.000000000   0.18237
58900.000000000   0.22728
59000.000000000   0.26699
59100.000000000   0.26775
59200.000000000   0.27294
59300.000000000   0.27317
59400.000000000   0.18032
59500.000000000   0.23471
59600.000000000   0.24758
59700.000000000   0.27062
59800.000000000   0.28601
59900.000000000   0.27393
60000.000000000   0.29642
60100.000000000   0.19733
60200.000000000   0.22955
60300.000000000   0.18786
60400.000000000   0.18624
60500.000000000   0.18139
60600.000000000   0.19427
60700.000000000   0.20351
60800.000000000   0.20706
60900.000000000   0.22559
