# @atomsrmsd atoms are taken for fit.
    0.000000000   0.39583
  100.000000000   0.41665
  200.000000000   0.40293
  300.000000000   0.40323
  400.000000000   0.37658
  500.000000000   0.37713
  600.000000000   0.43406
  700.000000000   0.52866
  800.000000000   0.32319
  900.000000000   0.40289
 1000.000000000   0.46748
 1100.000000000   0.49595
 1200.000000000   0.47381
 1300.000000000   0.51731
 1400.000000000   0.44454
 1500.000000000   0.39740
 1600.000000000   0.40004
 1700.000000000   0.31640
 1800.000000000   0.42700
 1900.000000000   0.44826
 2000.000000000   0.41286
 2100.000000000   0.44182
 2200.000000000   0.48310
 2300.000000000   0.45201
 2400.000000000   0.41153
 2500.000000000   0.39636
 2600.000000000   0.40656
 2700.000000000   0.43647
 2800.000000000   0.52227
 2900.000000000   0.51817
 3000.000000000   0.39938
 3100.000000000   0.38230
 3200.000000000   0.37791
 3300.000000000   0.35671
 3400.000000000   0.39802
 3500.000000000   0.30289
 3600.000000000   0.39916
 3700.000000000   0.47011
 3800.000000000   0.30770
 3900.000000000   0.31535
 4000.000000000   0.25842
 4100.000000000   0.28999
 4200.000000000   0.36900
 4300.000000000   0.35012
 4400.000000000   0.47325
 4500.000000000   0.37805
 4600.000000000   0.42135
 4700.000000000   0.38598
 4800.000000000   0.33229
 4900.000000000   0.43907
 5000.000000000   0.33623
 5100.000000000   0.39650
 5200.000000000   0.39967
 5300.000000000   0.41620
 5400.000000000   0.51082
 5500.000000000   0.41862
 5600.000000000   0.38455
 5700.000000000   0.44300
 5800.000000000   0.37389
 5900.000000000   0.34852
 6000.000000000   0.36321
 6100.000000000   0.39547
 6200.000000000   0.40477
 6300.000000000   0.37987
 6400.000000000   0.30798
 6500.000000000   0.36093
 6600.000000000   0.41686
 6700.000000000   0.41717
 6800.000000000   0.43284
 6900.000000000   0.46303
 7000.000000000   0.53699
 7100.000000000   0.47646
 7200.000000000   0.38229
 7300.000000000   0.38946
 7400.000000000   0.45681
 7500.000000000   0.47326
 7600.000000000   0.46104
 7700.000000000   0.41528
 7800.000000000   0.45177
 7900.000000000   0.37911
 8000.000000000   0.37189
 8100.000000000   0.34384
 8200.000000000   0.35846
 8300.000000000   0.47142
 8400.000000000   0.34560
 8500.000000000   0.43985
 8600.000000000   0.39131
 8700.000000000   0.38967
 8800.000000000   0.39872
 8900.000000000   0.39736
 9000.000000000   0.39360
 9100.000000000   0.44257
 9200.000000000   0.40402
 9300.000000000   0.42939
 9400.000000000   0.42573
 9500.000000000   0.39963
 9600.000000000   0.44866
 9700.000000000   0.40541
 9800.000000000   0.46780
 9900.000000000   0.48118
10000.000000000   0.40240
10100.000000000   0.48794
10200.000000000   0.44565
10300.000000000   0.42803
10400.000000000   0.37502
10500.000000000   0.40957
10600.000000000   0.39706
10700.000000000   0.37224
10800.000000000   0.33726
10900.000000000   0.30197
11000.000000000   0.46683
11100.000000000   0.40255
11200.000000000   0.39779
11300.000000000   0.42070
11400.000000000   0.39463
11500.000000000   0.43710
11600.000000000   0.41878
11700.000000000   0.47521
11800.000000000   0.42815
11900.000000000   0.44269
12000.000000000   0.37943
12100.000000000   0.34768
12200.000000000   0.40134
12300.000000000   0.46883
12400.000000000   0.40511
12500.000000000   0.35327
12600.000000000   0.41913
12700.000000000   0.36038
12800.000000000   0.45633
12900.000000000   0.33637
13000.000000000   0.45214
13100.000000000   0.35840
13200.000000000   0.35267
13300.000000000   0.43130
13400.000000000   0.37296
13500.000000000   0.39630
13600.000000000   0.48634
13700.000000000   0.49141
13800.000000000   0.47980
13900.000000000   0.43282
14000.000000000   0.40643
14100.000000000   0.43468
14200.000000000   0.39769
14300.000000000   0.42592
14400.000000000   0.44412
14500.000000000   0.45710
14600.000000000   0.35145
14700.000000000   0.41932
14800.000000000   0.36683
14900.000000000   0.33477
15000.000000000   0.41354
15100.000000000   0.38526
15200.000000000   0.39360
15300.000000000   0.40698
15400.000000000   0.34667
15500.000000000   0.41128
15600.000000000   0.44310
15700.000000000   0.39636
15800.000000000   0.36292
15900.000000000   0.36441
16000.000000000   0.38520
16100.000000000   0.40877
16200.000000000   0.36785
16300.000000000   0.37402
16400.000000000   0.36857
16500.000000000   0.45046
16600.000000000   0.46627
16700.000000000   0.35746
16800.000000000   0.34312
16900.000000000   0.41810
17000.000000000   0.39172
17100.000000000   0.28889
17200.000000000   0.42469
17300.000000000   0.37448
17400.000000000   0.36218
17500.000000000   0.31766
17600.000000000   0.39419
17700.000000000   0.46862
17800.000000000   0.47286
17900.000000000   0.42384
18000.000000000   0.39466
18100.000000000   0.35576
18200.000000000   0.39535
18300.000000000   0.42526
18400.000000000   0.41321
18500.000000000   0.37836
18600.000000000   0.35178
18700.000000000   0.38240
18800.000000000   0.36060
18900.000000000   0.48016
19000.000000000   0.38937
19100.000000000   0.40452
19200.000000000   0.44480
19300.000000000   0.35741
19400.000000000   0.44635
19500.000000000   0.37042
19600.000000000   0.36747
19700.000000000   0.44158
19800.000000000   0.40625
19900.000000000   0.40146
20000.000000000   0.36453
20100.000000000   0.31282
20200.000000000   0.42118
20300.000000000   0.33778
20400.000000000   0.36218
20500.000000000   0.33570
20600.000000000   0.38262
20700.000000000   0.50912
20800.000000000   0.38186
20900.000000000   0.36770
21000.000000000   0.42783
21100.000000000   0.40824
21200.000000000   0.42172
21300.000000000   0.47795
21400.000000000   0.38981
21500.000000000   0.32118
21600.000000000   0.38403
21700.000000000   0.39965
21800.000000000   0.44820
21900.000000000   0.51094
22000.000000000   0.49195
22100.000000000   0.42260
22200.000000000   0.46585
22300.000000000   0.46848
22400.000000000   0.49732
22500.000000000   0.46826
22600.000000000   0.37917
22700.000000000   0.43780
22800.000000000   0.47157
22900.000000000   0.45729
23000.000000000   0.44329
23100.000000000   0.40616
23200.000000000   0.45499
23300.000000000   0.40870
23400.000000000   0.34821
23500.000000000   0.34863
23600.000000000   0.31835
23700.000000000   0.34473
23800.000000000   0.35523
23900.000000000   0.41548
24000.000000000   0.39601
24100.000000000   0.43246
24200.000000000   0.40080
24300.000000000   0.46530
24400.000000000   0.48639
24500.000000000   0.52779
24600.000000000   0.35615
24700.000000000   0.41123
24800.000000000   0.38970
24900.000000000   0.42053
25000.000000000   0.35039
25100.000000000   0.29867
25200.000000000   0.38397
25300.000000000   0.33849
25400.000000000   0.48123
25500.000000000   0.38977
25600.000000000   0.51700
25700.000000000   0.40076
25800.000000000   0.44292
25900.000000000   0.41328
26000.000000000   0.44614
26100.000000000   0.32341
26200.000000000   0.31067
26300.000000000   0.32206
26400.000000000   0.39949
26500.000000000   0.36363
26600.000000000   0.46467
26700.000000000   0.42346
26800.000000000   0.48672
26900.000000000   0.38893
27000.000000000   0.40429
27100.000000000   0.43015
27200.000000000   0.49192
27300.000000000   0.38059
27400.000000000   0.33449
27500.000000000   0.31735
27600.000000000   0.37913
27700.000000000   0.39510
27800.000000000   0.34800
27900.000000000   0.43228
28000.000000000   0.45409
28100.000000000   0.45321
28200.000000000   0.43766
28300.000000000   0.42818
28400.000000000   0.35120
28500.000000000   0.37934
28600.000000000   0.42384
28700.000000000   0.41457
28800.000000000   0.41332
28900.000000000   0.38284
29000.000000000   0.43460
29100.000000000   0.38572
29200.000000000   0.46438
29300.000000000   0.42617
29400.000000000   0.41839
29500.000000000   0.38045
29600.000000000   0.51539
29700.000000000   0.45269
29800.000000000   0.44009
29900.000000000   0.37737
30000.000000000   0.38827
30100.000000000   0.46955
30200.000000000   0.42138
30300.000000000   0.40395
30400.000000000   0.39553
30500.000000000   0.37839
30600.000000000   0.42050
30700.000000000   0.47433
30800.000000000   0.44948
30900.000000000   0.40129
31000.000000000   0.35771
31100.000000000   0.37444
31200.000000000   0.34087
31300.000000000   0.33527
31400.000000000   0.37733
31500.000000000   0.36624
31600.000000000   0.34154
31700.000000000   0.39738
31800.000000000   0.43464
31900.000000000   0.48289
32000.000000000   0.49486
32100.000000000   0.43081
32200.000000000   0.51314
32300.000000000   0.44554
32400.000000000   0.45767
32500.000000000   0.40375
32600.000000000   0.47058
32700.000000000   0.40996
32800.000000000   0.40925
32900.000000000   0.35430
33000.000000000   0.31873
33100.000000000   0.36429
33200.000000000   0.47195
33300.000000000   0.40575
33400.000000000   0.37215
33500.000000000   0.41765
33600.000000000   0.35710
33700.000000000   0.36306
33800.000000000   0.35663
33900.000000000   0.35815
34000.000000000   0.32870
34100.000000000   0.40237
34200.000000000   0.39156
34300.000000000   0.35900
34400.000000000   0.45983
34500.000000000   0.52465
34600.000000000   0.39571
34700.000000000   0.42781
34800.000000000   0.44000
34900.000000000   0.34962
35000.000000000   0.37624
35100.000000000   0.40253
35200.000000000   0.45708
35300.000000000   0.40870
35400.000000000   0.30943
35500.000000000   0.35027
35600.000000000   0.36676
35700.000000000   0.46748
35800.000000000   0.43308
35900.000000000   0.36116
36000.000000000   0.36021
36100.000000000   0.40640
36200.000000000   0.30337
36300.000000000   0.39704
36400.000000000   0.38908
36500.000000000   0.44786
36600.000000000   0.53221
36700.000000000   0.38758
36800.000000000   0.33959
36900.000000000   0.33663
37000.000000000   0.39204
37100.000000000   0.40686
37200.000000000   0.39608
37300.000000000   0.33120
37400.000000000   0.38551
37500.000000000   0.35542
37600.000000000   0.34580
37700.000000000   0.39678
37800.000000000   0.39846
37900.000000000   0.45832
38000.000000000   0.42682
38100.000000000   0.36741
38200.000000000   0.41236
38300.000000000   0.37469
38400.000000000   0.35991
38500.000000000   0.43779
38600.000000000   0.38303
38700.000000000   0.44350
38800.000000000   0.45869
38900.000000000   0.37138
39000.000000000   0.50205
39100.000000000   0.49386
39200.000000000   0.38189
39300.000000000   0.38266
39400.000000000   0.45715
39500.000000000   0.47668
39600.000000000   0.41217
39700.000000000   0.40599
39800.000000000   0.40093
39900.000000000   0.50187
40000.000000000   0.35228
40100.000000000   0.40277
40200.000000000   0.40074
40300.000000000   0.34537
40400.000000000   0.31604
40500.000000000   0.32829
40600.000000000   0.33136
40700.000000000   0.37405
40800.000000000   0.36056
40900.000000000   0.33106
41000.000000000   0.43619
41100.000000000   0.40783
41200.000000000   0.40399
41300.000000000   0.36257
41400.000000000   0.36126
41500.000000000   0.37468
41600.000000000   0.38942
41700.000000000   0.39975
41800.000000000   0.36275
41900.000000000   0.43249
42000.000000000   0.44273
42100.000000000   0.43900
42200.000000000   0.39408
42300.000000000   0.33506
42400.000000000   0.47407
42500.000000000   0.44579
42600.000000000   0.45877
42700.000000000   0.45732
42800.000000000   0.41921
42900.000000000   0.39990
43000.000000000   0.39759
43100.000000000   0.43874
43200.000000000   0.43855
43300.000000000   0.41014
43400.000000000   0.37438
43500.000000000   0.38732
43600.000000000   0.33026
43700.000000000   0.37978
43800.000000000   0.41333
43900.000000000   0.41060
44000.000000000   0.37573
44100.000000000   0.37015
44200.000000000   0.42852
44300.000000000   0.40739
44400.000000000   0.34089
44500.000000000   0.41380
44600.000000000   0.42406
44700.000000000   0.37769
44800.000000000   0.35874
44900.000000000   0.44830
45000.000000000   0.42479
45100.000000000   0.42188
45200.000000000   0.36190
45300.000000000   0.37687
45400.000000000   0.38387
45500.000000000   0.30911
45600.000000000   0.28241
45700.000000000   0.39704
45800.000000000   0.34236
45900.000000000   0.41141
46000.000000000   0.43655
46100.000000000   0.29727
46200.000000000   0.36638
46300.000000000   0.41720
46400.000000000   0.44764
46500.000000000   0.43850
46600.000000000   0.40283
46700.000000000   0.40857
46800.000000000   0.44693
46900.000000000   0.40043
47000.000000000   0.38268
47100.000000000   0.39645
47200.000000000   0.40058
47300.000000000   0.38274
47400.000000000   0.49370
47500.000000000   0.45569
47600.000000000   0.46448
47700.000000000   0.51229
47800.000000000   0.41080
47900.000000000   0.40170
48000.000000000   0.35455
48100.000000000   0.26806
48200.000000000   0.31381
48300.000000000   0.32631
48400.000000000   0.35162
48500.000000000   0.28336
48600.000000000   0.37509
48700.000000000   0.37064
48800.000000000   0.35865
48900.000000000   0.43420
49000.000000000   0.31646
49100.000000000   0.38398
49200.000000000   0.34872
49300.000000000   0.25783
49400.000000000   0.31988
49500.000000000   0.42305
49600.000000000   0.35396
49700.000000000   0.36982
49800.000000000   0.41588
49900.000000000   0.43299
50000.000000000   0.45692
50100.000000000   0.40284
50200.000000000   0.40944
50300.000000000   0.43593
50400.000000000   0.42989
50500.000000000   0.41387
50600.000000000   0.37615
50700.000000000   0.42692
50800.000000000   0.35887
50900.000000000   0.39131
51000.000000000   0.43858
51100.000000000   0.39710
51200.000000000   0.43434
51300.000000000   0.39061
51400.000000000   0.37131
51500.000000000   0.29833
51600.000000000   0.25942
51700.000000000   0.34132
51800.000000000   0.39354
51900.000000000   0.44002
52000.000000000   0.44671
52100.000000000   0.41293
52200.000000000   0.38137
52300.000000000   0.44891
52400.000000000   0.43854
52500.000000000   0.40244
52600.000000000   0.42589
52700.000000000   0.37193
52800.000000000   0.35444
52900.000000000   0.39446
53000.000000000   0.28380
53100.000000000   0.35180
53200.000000000   0.35740
53300.000000000   0.47315
53400.000000000   0.44877
53500.000000000   0.39127
53600.000000000   0.35235
53700.000000000   0.34362
53800.000000000   0.38128
53900.000000000   0.46525
54000.000000000   0.47921
54100.000000000   0.41412
54200.000000000   0.40601
54300.000000000   0.42769
54400.000000000   0.44041
54500.000000000   0.32411
54600.000000000   0.40751
54700.000000000   0.32628
54800.000000000   0.41762
54900.000000000   0.32600
55000.000000000   0.32770
55100.000000000   0.34699
55200.000000000   0.35293
55300.000000000   0.42041
55400.000000000   0.41621
55500.000000000   0.39858
55600.000000000   0.42137
55700.000000000   0.35552
55800.000000000   0.37119
55900.000000000   0.37125
56000.000000000   0.35593
56100.000000000   0.42805
56200.000000000   0.35255
56300.000000000   0.35045
56400.000000000   0.36868
56500.000000000   0.30056
56600.000000000   0.43097
56700.000000000   0.35720
56800.000000000   0.33398
56900.000000000   0.41619
57000.000000000   0.31179
57100.000000000   0.35430
57200.000000000   0.30303
57300.000000000   0.42688
57400.000000000   0.40305
57500.000000000   0.47045
57600.000000000   0.39305
57700.000000000   0.43883
57800.000000000   0.32927
57900.000000000   0.31796
58000.000000000   0.35622
58100.000000000   0.40460
58200.000000000   0.37629
58300.000000000   0.35618
58400.000000000   0.33314
58500.000000000   0.39408
58600.000000000   0.33110
58700.000000000   0.43978
58800.000000000   0.48492
58900.000000000   0.40944
59000.000000000   0.35984
59100.000000000   0.39237
59200.000000000   0.35724
59300.000000000   0.40061
59400.000000000   0.44794
59500.000000000   0.40111
59600.000000000   0.44775
59700.000000000   0.39672
59800.000000000   0.33357
59900.000000000   0.35368
60000.000000000   0.36599
60100.000000000   0.43979
60200.000000000   0.37431
60300.000000000   0.43761
60400.000000000   0.42920
60500.000000000   0.42210
60600.000000000   0.48343
60700.000000000   0.49539
60800.000000000   0.41290
60900.000000000   0.41512
